# JRE version: OpenJDK Runtime Environment (8.0_242-b01) (build 1.8.0_242-release-1644-b01)
# Java VM: OpenJDK 64-Bit Server VM (25.242-b01 mixed mode windows-amd64 compressed oops)
Heap:
 PSYoungGen      total 360448K, used 128309K [0x00000000e0000000, 0x00000000fe780000, 0x0000000100000000)
  eden space 221696K, 48% used [0x00000000e0000000,0x00000000e68ba040,0x00000000ed880000)
  from space 138752K, 15% used [0x00000000ed880000,0x00000000eed135d8,0x00000000f6000000)
  to   space 133632K, 0% used [0x00000000f6500000,0x00000000f6500000,0x00000000fe780000)
 ParOldGen       total 542720K, used 168596K [0x00000000a0000000, 0x00000000c1200000, 0x00000000e0000000)
  object space 542720K, 31% used [0x00000000a0000000,0x00000000aa4a53c8,0x00000000c1200000)
 Metaspace       used 200670K, capacity 212360K, committed 212628K, reserved 1234944K
  class space    used 24938K, capacity 27206K, committed 27324K, reserved 1048576K
GC Heap History (10 events):
Event: 1578.780 GC heap before
{Heap before GC invocations=95 (full 7):
 PSYoungGen      total 350208K, used 233910K [0x00000000e0000000, 0x00000000fea80000, 0x0000000100000000)
  eden space 211456K, 100% used [0x00000000e0000000,0x00000000ece80000,0x00000000ece80000)
  from space 138752K, 16% used [0x00000000f6300000,0x00000000f78edb58,0x00000000fea80000)
  to   space 145408K, 0% used [0x00000000ece80000,0x00000000ece80000,0x00000000f5c80000)
 ParOldGen       total 542720K, used 168292K [0x00000000a0000000, 0x00000000c1200000, 0x00000000e0000000)
  object space 542720K, 31% used [0x00000000a0000000,0x00000000aa4593c8,0x00000000c1200000)
 Metaspace       used 197380K, capacity 208664K, committed 208916K, reserved 1230848K
  class space    used 24604K, capacity 26816K, committed 26940K, reserved 1048576K
Event: 1578.788 GC heap after
Heap after GC invocations=95 (full 7):
 PSYoungGen      total 356864K, used 9689K [0x00000000e0000000, 0x00000000ff080000, 0x0000000100000000)
  eden space 211456K, 0% used [0x00000000e0000000,0x00000000e0000000,0x00000000ece80000)
  from space 145408K, 6% used [0x00000000ece80000,0x00000000ed7f6718,0x00000000f5c80000)
  to   space 142848K, 0% used [0x00000000f6500000,0x00000000f6500000,0x00000000ff080000)
 ParOldGen       total 542720K, used 168340K [0x00000000a0000000, 0x00000000c1200000, 0x00000000e0000000)
  object space 542720K, 31% used [0x00000000a0000000,0x00000000aa4653c8,0x00000000c1200000)
 Metaspace       used 197380K, capacity 208664K, committed 208916K, reserved 1230848K
  class space    used 24604K, capacity 26816K, committed 26940K, reserved 1048576K
}
Event: 1579.561 GC heap before
{Heap before GC invocations=96 (full 7):
 PSYoungGen      total 356864K, used 221145K [0x00000000e0000000, 0x00000000ff080000, 0x0000000100000000)
  eden space 211456K, 100% used [0x00000000e0000000,0x00000000ece80000,0x00000000ece80000)
  from space 145408K, 6% used [0x00000000ece80000,0x00000000ed7f6718,0x00000000f5c80000)
  to   space 142848K, 0% used [0x00000000f6500000,0x00000000f6500000,0x00000000ff080000)
 ParOldGen       total 542720K, used 168340K [0x00000000a0000000, 0x00000000c1200000, 0x00000000e0000000)
  object space 542720K, 31% used [0x00000000a0000000,0x00000000aa4653c8,0x00000000c1200000)
 Metaspace       used 197455K, capacity 208920K, committed 209172K, reserved 1230848K
  class space    used 24621K, capacity 26848K, committed 26940K, reserved 1048576K
Event: 1579.569 GC heap after
Heap after GC invocations=96 (full 7):
 PSYoungGen      total 355328K, used 12176K [0x00000000e0000000, 0x00000000fe780000, 0x0000000100000000)
  eden space 221696K, 0% used [0x00000000e0000000,0x00000000e0000000,0x00000000ed880000)
  from space 133632K, 9% used [0x00000000f6500000,0x00000000f70e41a8,0x00000000fe780000)
  to   space 138752K, 0% used [0x00000000ed880000,0x00000000ed880000,0x00000000f6000000)
 ParOldGen       total 542720K, used 168404K [0x00000000a0000000, 0x00000000c1200000, 0x00000000e0000000)
  object space 542720K, 31% used [0x00000000a0000000,0x00000000aa4753c8,0x00000000c1200000)
 Metaspace       used 197455K, capacity 208920K, committed 209172K, reserved 1230848K
  class space    used 24621K, capacity 26848K, committed 26940K, reserved 1048576K
}
Event: 1580.988 GC heap before
{Heap before GC invocations=97 (full 7):
 PSYoungGen      total 355328K, used 233872K [0x00000000e0000000, 0x00000000fe780000, 0x0000000100000000)
  eden space 221696K, 100% used [0x00000000e0000000,0x00000000ed880000,0x00000000ed880000)
  from space 133632K, 9% used [0x00000000f6500000,0x00000000f70e41a8,0x00000000fe780000)
  to   space 138752K, 0% used [0x00000000ed880000,0x00000000ed880000,0x00000000f6000000)
 ParOldGen       total 542720K, used 168404K [0x00000000a0000000, 0x00000000c1200000, 0x00000000e0000000)
  object space 542720K, 31% used [0x00000000a0000000,0x00000000aa4753c8,0x00000000c1200000)
 Metaspace       used 200434K, capacity 212044K, committed 212244K, reserved 1234944K
  class space    used 24926K, capacity 27186K, committed 27196K, reserved 1048576K
Event: 1581.025 GC heap after
Heap after GC invocations=97 (full 7):
 PSYoungGen      total 360448K, used 99009K [0x00000000e0000000, 0x00000000fe780000, 0x0000000100000000)
  eden space 221696K, 0% used [0x00000000e0000000,0x00000000e0000000,0x00000000ed880000)
  from space 138752K, 71% used [0x00000000ed880000,0x00000000f3930740,0x00000000f6000000)
  to   space 133632K, 0% used [0x00000000f6500000,0x00000000f6500000,0x00000000fe780000)
 ParOldGen       total 542720K, used 168460K [0x00000000a0000000, 0x00000000c1200000, 0x00000000e0000000)
  object space 542720K, 31% used [0x00000000a0000000,0x00000000aa4833c8,0x00000000c1200000)
 Metaspace       used 200434K, capacity 212044K, committed 212244K, reserved 1234944K
  class space    used 24926K, capacity 27186K, committed 27196K, reserved 1048576K
}
Event: 1581.456 GC heap before
{Heap before GC invocations=98 (full 7):
 PSYoungGen      total 360448K, used 320705K [0x00000000e0000000, 0x00000000fe780000, 0x0000000100000000)
  eden space 221696K, 100% used [0x00000000e0000000,0x00000000ed880000,0x00000000ed880000)
  from space 138752K, 71% used [0x00000000ed880000,0x00000000f3930740,0x00000000f6000000)
  to   space 133632K, 0% used [0x00000000f6500000,0x00000000f6500000,0x00000000fe780000)
 ParOldGen       total 542720K, used 168460K [0x00000000a0000000, 0x00000000c1200000, 0x00000000e0000000)
  object space 542720K, 31% used [0x00000000a0000000,0x00000000aa4833c8,0x00000000c1200000)
 Metaspace       used 200496K, capacity 212108K, committed 212244K, reserved 1234944K
  class space    used 24927K, capacity 27186K, committed 27196K, reserved 1048576K
Event: 1581.481 GC heap after
Heap after GC invocations=98 (full 7):
 PSYoungGen      total 355328K, used 68314K [0x00000000e0000000, 0x00000000fe780000, 0x0000000100000000)
  eden space 221696K, 0% used [0x00000000e0000000,0x00000000e0000000,0x00000000ed880000)
  from space 133632K, 51% used [0x00000000f6500000,0x00000000fa7b6b00,0x00000000fe780000)
  to   space 138752K, 0% used [0x00000000ed880000,0x00000000ed880000,0x00000000f6000000)
 ParOldGen       total 542720K, used 168532K [0x00000000a0000000, 0x00000000c1200000, 0x00000000e0000000)
  object space 542720K, 31% used [0x00000000a0000000,0x00000000aa4953c8,0x00000000c1200000)
 Metaspace       used 200496K, capacity 212108K, committed 212244K, reserved 1234944K
  class space    used 24927K, capacity 27186K, committed 27196K, reserved 1048576K
}
Event: 1583.615 GC heap before
{Heap before GC invocations=99 (full 7):
 PSYoungGen      total 355328K, used 290010K [0x00000000e0000000, 0x00000000fe780000, 0x0000000100000000)
  eden space 221696K, 100% used [0x00000000e0000000,0x00000000ed880000,0x00000000ed880000)
  from space 133632K, 51% used [0x00000000f6500000,0x00000000fa7b6b00,0x00000000fe780000)
  to   space 138752K, 0% used [0x00000000ed880000,0x00000000ed880000,0x00000000f6000000)
 ParOldGen       total 542720K, used 168532K [0x00000000a0000000, 0x00000000c1200000, 0x00000000e0000000)
  object space 542720K, 31% used [0x00000000a0000000,0x00000000aa4953c8,0x00000000c1200000)
 Metaspace       used 200550K, capacity 212214K, committed 212500K, reserved 1234944K
  class space    used 24931K, capacity 27193K, committed 27196K, reserved 1048576K
Event: 1583.630 GC heap after
Heap after GC invocations=99 (full 7):
 PSYoungGen      total 360448K, used 21069K [0x00000000e0000000, 0x00000000fe780000, 0x0000000100000000)
  eden space 221696K, 0% used [0x00000000e0000000,0x00000000e0000000,0x00000000ed880000)
  from space 138752K, 15% used [0x00000000ed880000,0x00000000eed135d8,0x00000000f6000000)
  to   space 133632K, 0% used [0x00000000f6500000,0x00000000f6500000,0x00000000fe780000)
 ParOldGen       total 542720K, used 168596K [0x00000000a0000000, 0x00000000c1200000, 0x00000000e0000000)
  object space 542720K, 31% used [0x00000000a0000000,0x00000000aa4a53c8,0x00000000c1200000)
 Metaspace       used 200550K, capacity 212214K, committed 212500K, reserved 1234944K
  class space    used 24931K, capacity 27193K, committed 27196K, reserved 1048576K
}

