# JRE version: OpenJDK Runtime Environment (8.0_242-b01) (build 1.8.0_242-release-1644-b01)
# Java VM: OpenJDK 64-Bit Server VM (25.242-b01 mixed mode windows-amd64 compressed oops)
Heap:
 PSYoungGen      total 366592K, used 195501K [0x00000000e0000000, 0x00000000ff300000, 0x0000000100000000)
  eden space 230912K, 73% used [0x00000000e0000000,0x00000000ea669a98,0x00000000ee180000)
  from space 135680K, 18% used [0x00000000ee180000,0x00000000efa01b50,0x00000000f6600000)
  to   space 129536K, 0% used [0x00000000f7480000,0x00000000f7480000,0x00000000ff300000)
 ParOldGen       total 421376K, used 217219K [0x00000000a0000000, 0x00000000b9b80000, 0x00000000e0000000)
  object space 421376K, 51% used [0x00000000a0000000,0x00000000ad420f78,0x00000000b9b80000)
 Metaspace       used 125603K, capacity 132598K, committed 133032K, reserved 1165312K
  class space    used 15314K, capacity 16712K, committed 16816K, reserved 1048576K
GC Heap History (10 events):
Event: 2593.776 GC heap before
{Heap before GC invocations=76 (full 5):
 PSYoungGen      total 346112K, used 215794K [0x00000000e0000000, 0x00000000fe580000, 0x0000000100000000)
  eden space 197120K, 100% used [0x00000000e0000000,0x00000000ec080000,0x00000000ec080000)
  from space 148992K, 12% used [0x00000000f5400000,0x00000000f663c910,0x00000000fe580000)
  to   space 150016K, 0% used [0x00000000ec080000,0x00000000ec080000,0x00000000f5300000)
 ParOldGen       total 421376K, used 217187K [0x00000000a0000000, 0x00000000b9b80000, 0x00000000e0000000)
  object space 421376K, 51% used [0x00000000a0000000,0x00000000ad418f78,0x00000000b9b80000)
 Metaspace       used 122511K, capacity 129462K, committed 129832K, reserved 1163264K
  class space    used 15009K, capacity 16374K, committed 16432K, reserved 1048576K
Event: 2593.782 GC heap after
Heap after GC invocations=76 (full 5):
 PSYoungGen      total 347136K, used 13477K [0x00000000e0000000, 0x00000000fe900000, 0x0000000100000000)
  eden space 197120K, 0% used [0x00000000e0000000,0x00000000e0000000,0x00000000ec080000)
  from space 150016K, 8% used [0x00000000ec080000,0x00000000ecda9638,0x00000000f5300000)
  to   space 144384K, 0% used [0x00000000f5c00000,0x00000000f5c00000,0x00000000fe900000)
 ParOldGen       total 421376K, used 217195K [0x00000000a0000000, 0x00000000b9b80000, 0x00000000e0000000)
  object space 421376K, 51% used [0x00000000a0000000,0x00000000ad41af78,0x00000000b9b80000)
 Metaspace       used 122511K, capacity 129462K, committed 129832K, reserved 1163264K
  class space    used 15009K, capacity 16374K, committed 16432K, reserved 1048576K
}
Event: 2594.830 GC heap before
{Heap before GC invocations=77 (full 5):
 PSYoungGen      total 347136K, used 210597K [0x00000000e0000000, 0x00000000fe900000, 0x0000000100000000)
  eden space 197120K, 100% used [0x00000000e0000000,0x00000000ec080000,0x00000000ec080000)
  from space 150016K, 8% used [0x00000000ec080000,0x00000000ecda9638,0x00000000f5300000)
  to   space 144384K, 0% used [0x00000000f5c00000,0x00000000f5c00000,0x00000000fe900000)
 ParOldGen       total 421376K, used 217195K [0x00000000a0000000, 0x00000000b9b80000, 0x00000000e0000000)
  object space 421376K, 51% used [0x00000000a0000000,0x00000000ad41af78,0x00000000b9b80000)
 Metaspace       used 122688K, capacity 129698K, committed 129832K, reserved 1163264K
  class space    used 15024K, capacity 16414K, committed 16432K, reserved 1048576K
Event: 2594.842 GC heap after
Heap after GC invocations=77 (full 5):
 PSYoungGen      total 339968K, used 20762K [0x00000000e0000000, 0x00000000fda00000, 0x0000000100000000)
  eden space 210944K, 0% used [0x00000000e0000000,0x00000000e0000000,0x00000000ece00000)
  from space 129024K, 16% used [0x00000000f5c00000,0x00000000f7046b80,0x00000000fda00000)
  to   space 137216K, 0% used [0x00000000ece00000,0x00000000ece00000,0x00000000f5400000)
 ParOldGen       total 421376K, used 217203K [0x00000000a0000000, 0x00000000b9b80000, 0x00000000e0000000)
  object space 421376K, 51% used [0x00000000a0000000,0x00000000ad41cf78,0x00000000b9b80000)
 Metaspace       used 122688K, capacity 129698K, committed 129832K, reserved 1163264K
  class space    used 15024K, capacity 16414K, committed 16432K, reserved 1048576K
}
Event: 2595.586 GC heap before
{Heap before GC invocations=78 (full 5):
 PSYoungGen      total 339968K, used 231706K [0x00000000e0000000, 0x00000000fda00000, 0x0000000100000000)
  eden space 210944K, 100% used [0x00000000e0000000,0x00000000ece00000,0x00000000ece00000)
  from space 129024K, 16% used [0x00000000f5c00000,0x00000000f7046b80,0x00000000fda00000)
  to   space 137216K, 0% used [0x00000000ece00000,0x00000000ece00000,0x00000000f5400000)
 ParOldGen       total 421376K, used 217203K [0x00000000a0000000, 0x00000000b9b80000, 0x00000000e0000000)
  object space 421376K, 51% used [0x00000000a0000000,0x00000000ad41cf78,0x00000000b9b80000)
 Metaspace       used 125503K, capacity 132522K, committed 132776K, reserved 1165312K
  class space    used 15313K, capacity 16712K, committed 16816K, reserved 1048576K
Event: 2595.615 GC heap after
Heap after GC invocations=78 (full 5):
 PSYoungGen      total 348160K, used 87840K [0x00000000e0000000, 0x00000000ffc80000, 0x0000000100000000)
  eden space 210944K, 0% used [0x00000000e0000000,0x00000000e0000000,0x00000000ece00000)
  from space 137216K, 64% used [0x00000000ece00000,0x00000000f23c8380,0x00000000f5400000)
  to   space 145920K, 0% used [0x00000000f6e00000,0x00000000f6e00000,0x00000000ffc80000)
 ParOldGen       total 421376K, used 217211K [0x00000000a0000000, 0x00000000b9b80000, 0x00000000e0000000)
  object space 421376K, 51% used [0x00000000a0000000,0x00000000ad41ef78,0x00000000b9b80000)
 Metaspace       used 125503K, capacity 132522K, committed 132776K, reserved 1165312K
  class space    used 15313K, capacity 16712K, committed 16816K, reserved 1048576K
}
Event: 2595.978 GC heap before
{Heap before GC invocations=79 (full 5):
 PSYoungGen      total 348160K, used 298784K [0x00000000e0000000, 0x00000000ffc80000, 0x0000000100000000)
  eden space 210944K, 100% used [0x00000000e0000000,0x00000000ece00000,0x00000000ece00000)
  from space 137216K, 64% used [0x00000000ece00000,0x00000000f23c8380,0x00000000f5400000)
  to   space 145920K, 0% used [0x00000000f6e00000,0x00000000f6e00000,0x00000000ffc80000)
 ParOldGen       total 421376K, used 217211K [0x00000000a0000000, 0x00000000b9b80000, 0x00000000e0000000)
  object space 421376K, 51% used [0x00000000a0000000,0x00000000ad41ef78,0x00000000b9b80000)
 Metaspace       used 125550K, capacity 132586K, committed 133032K, reserved 1165312K
  class space    used 15314K, capacity 16712K, committed 16816K, reserved 1048576K
Event: 2595.993 GC heap after
Heap after GC invocations=79 (full 5):
 PSYoungGen      total 358400K, used 43814K [0x00000000e0000000, 0x00000000fea80000, 0x0000000100000000)
  eden space 230912K, 0% used [0x00000000e0000000,0x00000000e0000000,0x00000000ee180000)
  from space 127488K, 34% used [0x00000000f6e00000,0x00000000f98c9b28,0x00000000fea80000)
  to   space 135680K, 0% used [0x00000000ee180000,0x00000000ee180000,0x00000000f6600000)
 ParOldGen       total 421376K, used 217219K [0x00000000a0000000, 0x00000000b9b80000, 0x00000000e0000000)
  object space 421376K, 51% used [0x00000000a0000000,0x00000000ad420f78,0x00000000b9b80000)
 Metaspace       used 125550K, capacity 132586K, committed 133032K, reserved 1165312K
  class space    used 15314K, capacity 16712K, committed 16816K, reserved 1048576K
}
Event: 2596.948 GC heap before
{Heap before GC invocations=80 (full 5):
 PSYoungGen      total 358400K, used 274726K [0x00000000e0000000, 0x00000000fea80000, 0x0000000100000000)
  eden space 230912K, 100% used [0x00000000e0000000,0x00000000ee180000,0x00000000ee180000)
  from space 127488K, 34% used [0x00000000f6e00000,0x00000000f98c9b28,0x00000000fea80000)
  to   space 135680K, 0% used [0x00000000ee180000,0x00000000ee180000,0x00000000f6600000)
 ParOldGen       total 421376K, used 217219K [0x00000000a0000000, 0x00000000b9b80000, 0x00000000e0000000)
  object space 421376K, 51% used [0x00000000a0000000,0x00000000ad420f78,0x00000000b9b80000)
 Metaspace       used 125574K, capacity 132598K, committed 133032K, reserved 1165312K
  class space    used 15314K, capacity 16712K, committed 16816K, reserved 1048576K
Event: 2596.968 GC heap after
Heap after GC invocations=80 (full 5):
 PSYoungGen      total 366592K, used 25094K [0x00000000e0000000, 0x00000000ff300000, 0x0000000100000000)
  eden space 230912K, 0% used [0x00000000e0000000,0x00000000e0000000,0x00000000ee180000)
  from space 135680K, 18% used [0x00000000ee180000,0x00000000efa01b50,0x00000000f6600000)
  to   space 129536K, 0% used [0x00000000f7480000,0x00000000f7480000,0x00000000ff300000)
 ParOldGen       total 421376K, used 217219K [0x00000000a0000000, 0x00000000b9b80000, 0x00000000e0000000)
  object space 421376K, 51% used [0x00000000a0000000,0x00000000ad420f78,0x00000000b9b80000)
 Metaspace       used 125574K, capacity 132598K, committed 133032K, reserved 1165312K
  class space    used 15314K, capacity 16712K, committed 16816K, reserved 1048576K
}

