# JRE version: OpenJDK Runtime Environment (8.0_242-b01) (build 1.8.0_242-release-1644-b01)
# Java VM: OpenJDK 64-Bit Server VM (25.242-b01 mixed mode windows-amd64 compressed oops)
Heap:
 PSYoungGen      total 251392K, used 64612K [0x00000000e0000000, 0x00000000f2580000, 0x0000000100000000)
  eden space 228864K, 18% used [0x00000000e0000000,0x00000000e291ab30,0x00000000edf80000)
  from space 22528K, 99% used [0x00000000efd00000,0x00000000f12fe720,0x00000000f1300000)
  to   space 30208K, 0% used [0x00000000edf80000,0x00000000edf80000,0x00000000efd00000)
 ParOldGen       total 140288K, used 99856K [0x00000000a0000000, 0x00000000a8900000, 0x00000000e0000000)
  object space 140288K, 71% used [0x00000000a0000000,0x00000000a61842d0,0x00000000a8900000)
 Metaspace       used 85464K, capacity 90216K, committed 90392K, reserved 1126400K
  class space    used 11643K, capacity 12585K, committed 12592K, reserved 1048576K
GC Heap History (10 events):
Event: 6.495 GC heap before
{Heap before GC invocations=13 (full 3):
 PSYoungGen      total 219136K, used 17892K [0x00000000e0000000, 0x00000000f1280000, 0x0000000100000000)
  eden space 201216K, 0% used [0x00000000e0000000,0x00000000e0000000,0x00000000ec480000)
  from space 17920K, 99% used [0x00000000ed900000,0x00000000eea790b0,0x00000000eea80000)
  to   space 20992K, 0% used [0x00000000ec480000,0x00000000ec480000,0x00000000ed900000)
 ParOldGen       total 140288K, used 30557K [0x00000000a0000000, 0x00000000a8900000, 0x00000000e0000000)
  object space 140288K, 21% used [0x00000000a0000000,0x00000000a1dd7638,0x00000000a8900000)
 Metaspace       used 56447K, capacity 58962K, committed 59160K, reserved 1099776K
  class space    used 7710K, capacity 8235K, committed 8240K, reserved 1048576K
Event: 6.714 GC heap after
Heap after GC invocations=13 (full 3):
 PSYoungGen      total 219136K, used 0K [0x00000000e0000000, 0x00000000f1280000, 0x0000000100000000)
  eden space 201216K, 0% used [0x00000000e0000000,0x00000000e0000000,0x00000000ec480000)
  from space 17920K, 0% used [0x00000000ed900000,0x00000000ed900000,0x00000000eea80000)
  to   space 20992K, 0% used [0x00000000ec480000,0x00000000ec480000,0x00000000ed900000)
 ParOldGen       total 140288K, used 36919K [0x00000000a0000000, 0x00000000a8900000, 0x00000000e0000000)
  object space 140288K, 26% used [0x00000000a0000000,0x00000000a240dcc0,0x00000000a8900000)
 Metaspace       used 56400K, capacity 58800K, committed 59160K, reserved 1099776K
  class space    used 7695K, capacity 8208K, committed 8240K, reserved 1048576K
}
Event: 8.446 GC heap before
{Heap before GC invocations=14 (full 3):
 PSYoungGen      total 219136K, used 201216K [0x00000000e0000000, 0x00000000f1280000, 0x0000000100000000)
  eden space 201216K, 100% used [0x00000000e0000000,0x00000000ec480000,0x00000000ec480000)
  from space 17920K, 0% used [0x00000000ed900000,0x00000000ed900000,0x00000000eea80000)
  to   space 20992K, 0% used [0x00000000ec480000,0x00000000ec480000,0x00000000ed900000)
 ParOldGen       total 140288K, used 36919K [0x00000000a0000000, 0x00000000a8900000, 0x00000000e0000000)
  object space 140288K, 26% used [0x00000000a0000000,0x00000000a240dcc0,0x00000000a8900000)
 Metaspace       used 63728K, capacity 66734K, committed 66968K, reserved 1107968K
  class space    used 8764K, capacity 9347K, committed 9392K, reserved 1048576K
Event: 8.461 GC heap after
Heap after GC invocations=14 (full 3):
 PSYoungGen      total 222208K, used 18125K [0x00000000e0000000, 0x00000000f1300000, 0x0000000100000000)
  eden space 201216K, 0% used [0x00000000e0000000,0x00000000e0000000,0x00000000ec480000)
  from space 20992K, 86% used [0x00000000ec480000,0x00000000ed633598,0x00000000ed900000)
  to   space 22528K, 0% used [0x00000000efd00000,0x00000000efd00000,0x00000000f1300000)
 ParOldGen       total 140288K, used 36927K [0x00000000a0000000, 0x00000000a8900000, 0x00000000e0000000)
  object space 140288K, 26% used [0x00000000a0000000,0x00000000a240fcc0,0x00000000a8900000)
 Metaspace       used 63728K, capacity 66734K, committed 66968K, reserved 1107968K
  class space    used 8764K, capacity 9347K, committed 9392K, reserved 1048576K
}
Event: 10.103 GC heap before
{Heap before GC invocations=15 (full 3):
 PSYoungGen      total 222208K, used 219341K [0x00000000e0000000, 0x00000000f1300000, 0x0000000100000000)
  eden space 201216K, 100% used [0x00000000e0000000,0x00000000ec480000,0x00000000ec480000)
  from space 20992K, 86% used [0x00000000ec480000,0x00000000ed633598,0x00000000ed900000)
  to   space 22528K, 0% used [0x00000000efd00000,0x00000000efd00000,0x00000000f1300000)
 ParOldGen       total 140288K, used 36927K [0x00000000a0000000, 0x00000000a8900000, 0x00000000e0000000)
  object space 140288K, 26% used [0x00000000a0000000,0x00000000a240fcc0,0x00000000a8900000)
 Metaspace       used 69581K, capacity 72854K, committed 73112K, reserved 1112064K
  class space    used 9454K, capacity 10130K, committed 10160K, reserved 1048576K
Event: 10.145 GC heap after
Heap after GC invocations=15 (full 3):
 PSYoungGen      total 251392K, used 22496K [0x00000000e0000000, 0x00000000f2580000, 0x0000000100000000)
  eden space 228864K, 0% used [0x00000000e0000000,0x00000000e0000000,0x00000000edf80000)
  from space 22528K, 99% used [0x00000000efd00000,0x00000000f12f8240,0x00000000f1300000)
  to   space 30208K, 0% used [0x00000000edf80000,0x00000000edf80000,0x00000000efd00000)
 ParOldGen       total 140288K, used 50170K [0x00000000a0000000, 0x00000000a8900000, 0x00000000e0000000)
  object space 140288K, 35% used [0x00000000a0000000,0x00000000a30febb0,0x00000000a8900000)
 Metaspace       used 69581K, capacity 72854K, committed 73112K, reserved 1112064K
  class space    used 9454K, capacity 10130K, committed 10160K, reserved 1048576K
}
Event: 13.110 GC heap before
{Heap before GC invocations=16 (full 3):
 PSYoungGen      total 251392K, used 251360K [0x00000000e0000000, 0x00000000f2580000, 0x0000000100000000)
  eden space 228864K, 100% used [0x00000000e0000000,0x00000000edf80000,0x00000000edf80000)
  from space 22528K, 99% used [0x00000000efd00000,0x00000000f12f8240,0x00000000f1300000)
  to   space 30208K, 0% used [0x00000000edf80000,0x00000000edf80000,0x00000000efd00000)
 ParOldGen       total 140288K, used 50170K [0x00000000a0000000, 0x00000000a8900000, 0x00000000e0000000)
  object space 140288K, 35% used [0x00000000a0000000,0x00000000a30febb0,0x00000000a8900000)
 Metaspace       used 72125K, capacity 75566K, committed 75672K, reserved 1114112K
  class space    used 9667K, capacity 10366K, committed 10416K, reserved 1048576K
Event: 13.151 GC heap after
Heap after GC invocations=16 (full 3):
 PSYoungGen      total 259072K, used 30204K [0x00000000e0000000, 0x00000000f2580000, 0x0000000100000000)
  eden space 228864K, 0% used [0x00000000e0000000,0x00000000e0000000,0x00000000edf80000)
  from space 30208K, 99% used [0x00000000edf80000,0x00000000efcff2b0,0x00000000efd00000)
  to   space 22528K, 0% used [0x00000000efd00000,0x00000000efd00000,0x00000000f1300000)
 ParOldGen       total 140288K, used 78141K [0x00000000a0000000, 0x00000000a8900000, 0x00000000e0000000)
  object space 140288K, 55% used [0x00000000a0000000,0x00000000a4c4f7d8,0x00000000a8900000)
 Metaspace       used 72125K, capacity 75566K, committed 75672K, reserved 1114112K
  class space    used 9667K, capacity 10366K, committed 10416K, reserved 1048576K
}
Event: 15.304 GC heap before
{Heap before GC invocations=17 (full 3):
 PSYoungGen      total 259072K, used 259068K [0x00000000e0000000, 0x00000000f2580000, 0x0000000100000000)
  eden space 228864K, 100% used [0x00000000e0000000,0x00000000edf80000,0x00000000edf80000)
  from space 30208K, 99% used [0x00000000edf80000,0x00000000efcff2b0,0x00000000efd00000)
  to   space 22528K, 0% used [0x00000000efd00000,0x00000000efd00000,0x00000000f1300000)
 ParOldGen       total 140288K, used 78141K [0x00000000a0000000, 0x00000000a8900000, 0x00000000e0000000)
  object space 140288K, 55% used [0x00000000a0000000,0x00000000a4c4f7d8,0x00000000a8900000)
 Metaspace       used 83239K, capacity 87876K, committed 88088K, reserved 1124352K
  class space    used 11365K, capacity 12241K, committed 12336K, reserved 1048576K
Event: 15.335 GC heap after
Heap after GC invocations=17 (full 3):
 PSYoungGen      total 251392K, used 22521K [0x00000000e0000000, 0x00000000f2580000, 0x0000000100000000)
  eden space 228864K, 0% used [0x00000000e0000000,0x00000000e0000000,0x00000000edf80000)
  from space 22528K, 99% used [0x00000000efd00000,0x00000000f12fe720,0x00000000f1300000)
  to   space 30208K, 0% used [0x00000000edf80000,0x00000000edf80000,0x00000000efd00000)
 ParOldGen       total 140288K, used 99856K [0x00000000a0000000, 0x00000000a8900000, 0x00000000e0000000)
  object space 140288K, 71% used [0x00000000a0000000,0x00000000a61842d0,0x00000000a8900000)
 Metaspace       used 83239K, capacity 87876K, committed 88088K, reserved 1124352K
  class space    used 11365K, capacity 12241K, committed 12336K, reserved 1048576K
}

