# JRE version: OpenJDK Runtime Environment (8.0_242-b01) (build 1.8.0_242-release-1644-b01)
# Java VM: OpenJDK 64-Bit Server VM (25.242-b01 mixed mode windows-amd64 compressed oops)
Heap:
 PSYoungGen      total 203776K, used 46873K [0x00000000e0000000, 0x00000000ef380000, 0x0000000100000000)
  eden space 192000K, 18% used [0x00000000e0000000,0x00000000e22494e0,0x00000000ebb80000)
  from space 11776K, 99% used [0x00000000ebb80000,0x00000000ec6fd300,0x00000000ec700000)
  to   space 18944K, 0% used [0x00000000ee100000,0x00000000ee100000,0x00000000ef380000)
 ParOldGen       total 135168K, used 30702K [0x00000000a0000000, 0x00000000a8400000, 0x00000000e0000000)
  object space 135168K, 22% used [0x00000000a0000000,0x00000000a1dfb998,0x00000000a8400000)
 Metaspace       used 54084K, capacity 56282K, committed 56536K, reserved 1097728K
  class space    used 7328K, capacity 7816K, committed 7936K, reserved 1048576K
GC Heap History (10 events):
Event: 6.037 GC heap before
{Heap before GC invocations=7 (full 1):
 PSYoungGen      total 75776K, used 73275K [0x00000000e0000000, 0x00000000e8380000, 0x0000000100000000)
  eden space 65024K, 100% used [0x00000000e0000000,0x00000000e3f80000,0x00000000e3f80000)
  from space 10752K, 76% used [0x00000000e3f80000,0x00000000e478ef50,0x00000000e4a00000)
  to   space 11776K, 0% used [0x00000000e7800000,0x00000000e7800000,0x00000000e8380000)
 ParOldGen       total 90112K, used 7158K [0x00000000a0000000, 0x00000000a5800000, 0x00000000e0000000)
  object space 90112K, 7% used [0x00000000a0000000,0x00000000a06fd870,0x00000000a5800000)
 Metaspace       used 32700K, capacity 33776K, committed 33920K, reserved 1079296K
  class space    used 4458K, capacity 4722K, committed 4736K, reserved 1048576K
Event: 6.046 GC heap after
Heap after GC invocations=7 (full 1):
 PSYoungGen      total 120832K, used 9405K [0x00000000e0000000, 0x00000000e8280000, 0x0000000100000000)
  eden space 110080K, 0% used [0x00000000e0000000,0x00000000e0000000,0x00000000e6b80000)
  from space 10752K, 87% used [0x00000000e7800000,0x00000000e812f540,0x00000000e8280000)
  to   space 11776K, 0% used [0x00000000e6b80000,0x00000000e6b80000,0x00000000e7700000)
 ParOldGen       total 90112K, used 7166K [0x00000000a0000000, 0x00000000a5800000, 0x00000000e0000000)
  object space 90112K, 7% used [0x00000000a0000000,0x00000000a06ff870,0x00000000a5800000)
 Metaspace       used 32700K, capacity 33776K, committed 33920K, reserved 1079296K
  class space    used 4458K, capacity 4722K, committed 4736K, reserved 1048576K
}
Event: 6.313 GC heap before
{Heap before GC invocations=8 (full 1):
 PSYoungGen      total 120832K, used 44121K [0x00000000e0000000, 0x00000000e8280000, 0x0000000100000000)
  eden space 110080K, 31% used [0x00000000e0000000,0x00000000e21e6f50,0x00000000e6b80000)
  from space 10752K, 87% used [0x00000000e7800000,0x00000000e812f540,0x00000000e8280000)
  to   space 11776K, 0% used [0x00000000e6b80000,0x00000000e6b80000,0x00000000e7700000)
 ParOldGen       total 90112K, used 7166K [0x00000000a0000000, 0x00000000a5800000, 0x00000000e0000000)
  object space 90112K, 7% used [0x00000000a0000000,0x00000000a06ff870,0x00000000a5800000)
 Metaspace       used 34113K, capacity 35328K, committed 35416K, reserved 1079296K
  class space    used 4684K, capacity 4973K, committed 4992K, reserved 1048576K
Event: 6.327 GC heap after
Heap after GC invocations=8 (full 1):
 PSYoungGen      total 121856K, used 8411K [0x00000000e0000000, 0x00000000ed480000, 0x0000000100000000)
  eden space 110080K, 0% used [0x00000000e0000000,0x00000000e0000000,0x00000000e6b80000)
  from space 11776K, 71% used [0x00000000e6b80000,0x00000000e73b6c58,0x00000000e7700000)
  to   space 11776K, 0% used [0x00000000ec900000,0x00000000ec900000,0x00000000ed480000)
 ParOldGen       total 90112K, used 7174K [0x00000000a0000000, 0x00000000a5800000, 0x00000000e0000000)
  object space 90112K, 7% used [0x00000000a0000000,0x00000000a0701870,0x00000000a5800000)
 Metaspace       used 34113K, capacity 35328K, committed 35416K, reserved 1079296K
  class space    used 4684K, capacity 4973K, committed 4992K, reserved 1048576K
}
Event: 6.327 GC heap before
{Heap before GC invocations=9 (full 2):
 PSYoungGen      total 121856K, used 8411K [0x00000000e0000000, 0x00000000ed480000, 0x0000000100000000)
  eden space 110080K, 0% used [0x00000000e0000000,0x00000000e0000000,0x00000000e6b80000)
  from space 11776K, 71% used [0x00000000e6b80000,0x00000000e73b6c58,0x00000000e7700000)
  to   space 11776K, 0% used [0x00000000ec900000,0x00000000ec900000,0x00000000ed480000)
 ParOldGen       total 90112K, used 7174K [0x00000000a0000000, 0x00000000a5800000, 0x00000000e0000000)
  object space 90112K, 7% used [0x00000000a0000000,0x00000000a0701870,0x00000000a5800000)
 Metaspace       used 34113K, capacity 35328K, committed 35416K, reserved 1079296K
  class space    used 4684K, capacity 4973K, committed 4992K, reserved 1048576K
Event: 6.389 GC heap after
Heap after GC invocations=9 (full 2):
 PSYoungGen      total 121856K, used 0K [0x00000000e0000000, 0x00000000ed480000, 0x0000000100000000)
  eden space 110080K, 0% used [0x00000000e0000000,0x00000000e0000000,0x00000000e6b80000)
  from space 11776K, 0% used [0x00000000e6b80000,0x00000000e6b80000,0x00000000e7700000)
  to   space 11776K, 0% used [0x00000000ec900000,0x00000000ec900000,0x00000000ed480000)
 ParOldGen       total 135168K, used 14765K [0x00000000a0000000, 0x00000000a8400000, 0x00000000e0000000)
  object space 135168K, 10% used [0x00000000a0000000,0x00000000a0e6b6d8,0x00000000a8400000)
 Metaspace       used 34113K, capacity 35328K, committed 35416K, reserved 1079296K
  class space    used 4684K, capacity 4973K, committed 4992K, reserved 1048576K
}
Event: 7.266 GC heap before
{Heap before GC invocations=10 (full 2):
 PSYoungGen      total 121856K, used 110080K [0x00000000e0000000, 0x00000000ed480000, 0x0000000100000000)
  eden space 110080K, 100% used [0x00000000e0000000,0x00000000e6b80000,0x00000000e6b80000)
  from space 11776K, 0% used [0x00000000e6b80000,0x00000000e6b80000,0x00000000e7700000)
  to   space 11776K, 0% used [0x00000000ec900000,0x00000000ec900000,0x00000000ed480000)
 ParOldGen       total 135168K, used 14765K [0x00000000a0000000, 0x00000000a8400000, 0x00000000e0000000)
  object space 135168K, 10% used [0x00000000a0000000,0x00000000a0e6b6d8,0x00000000a8400000)
 Metaspace       used 36825K, capacity 38550K, committed 38744K, reserved 1083392K
  class space    used 5063K, capacity 5464K, committed 5504K, reserved 1048576K
Event: 7.275 GC heap after
Heap after GC invocations=10 (full 2):
 PSYoungGen      total 175104K, used 9623K [0x00000000e0000000, 0x00000000ed280000, 0x0000000100000000)
  eden space 165376K, 0% used [0x00000000e0000000,0x00000000e0000000,0x00000000ea180000)
  from space 9728K, 98% used [0x00000000ec900000,0x00000000ed265fc0,0x00000000ed280000)
  to   space 11776K, 0% used [0x00000000ebb80000,0x00000000ebb80000,0x00000000ec700000)
 ParOldGen       total 135168K, used 14773K [0x00000000a0000000, 0x00000000a8400000, 0x00000000e0000000)
  object space 135168K, 10% used [0x00000000a0000000,0x00000000a0e6d6d8,0x00000000a8400000)
 Metaspace       used 36825K, capacity 38550K, committed 38744K, reserved 1083392K
  class space    used 5063K, capacity 5464K, committed 5504K, reserved 1048576K
}
Event: 9.311 GC heap before
{Heap before GC invocations=11 (full 2):
 PSYoungGen      total 175104K, used 174999K [0x00000000e0000000, 0x00000000ed280000, 0x0000000100000000)
  eden space 165376K, 100% used [0x00000000e0000000,0x00000000ea180000,0x00000000ea180000)
  from space 9728K, 98% used [0x00000000ec900000,0x00000000ed265fc0,0x00000000ed280000)
  to   space 11776K, 0% used [0x00000000ebb80000,0x00000000ebb80000,0x00000000ec700000)
 ParOldGen       total 135168K, used 14773K [0x00000000a0000000, 0x00000000a8400000, 0x00000000e0000000)
  object space 135168K, 10% used [0x00000000a0000000,0x00000000a0e6d6d8,0x00000000a8400000)
 Metaspace       used 50979K, capacity 52986K, committed 53080K, reserved 1095680K
  class space    used 6811K, capacity 7272K, committed 7296K, reserved 1048576K
Event: 9.328 GC heap after
Heap after GC invocations=11 (full 2):
 PSYoungGen      total 203776K, used 11764K [0x00000000e0000000, 0x00000000ef380000, 0x0000000100000000)
  eden space 192000K, 0% used [0x00000000e0000000,0x00000000e0000000,0x00000000ebb80000)
  from space 11776K, 99% used [0x00000000ebb80000,0x00000000ec6fd300,0x00000000ec700000)
  to   space 18944K, 0% used [0x00000000ee100000,0x00000000ee100000,0x00000000ef380000)
 ParOldGen       total 135168K, used 30702K [0x00000000a0000000, 0x00000000a8400000, 0x00000000e0000000)
  object space 135168K, 22% used [0x00000000a0000000,0x00000000a1dfb998,0x00000000a8400000)
 Metaspace       used 50979K, capacity 52986K, committed 53080K, reserved 1095680K
  class space    used 6811K, capacity 7272K, committed 7296K, reserved 1048576K
}

