# JRE version: OpenJDK Runtime Environment (8.0_242-b01) (build 1.8.0_242-release-1644-b01)
# Java VM: OpenJDK 64-Bit Server VM (25.242-b01 mixed mode windows-amd64 compressed oops)
Heap:
 PSYoungGen      total 238080K, used 80045K [0x00000000e0000000, 0x00000000efb00000, 0x0000000100000000)
  eden space 222208K, 36% used [0x00000000e0000000,0x00000000e4e2b7e0,0x00000000ed900000)
  from space 15872K, 0% used [0x00000000ee800000,0x00000000ee800000,0x00000000ef780000)
  to   space 15360K, 0% used [0x00000000ed900000,0x00000000ed900000,0x00000000ee800000)
 ParOldGen       total 90624K, used 43405K [0x00000000a0000000, 0x00000000a5880000, 0x00000000e0000000)
  object space 90624K, 47% used [0x00000000a0000000,0x00000000a2a63718,0x00000000a5880000)
 Metaspace       used 61207K, capacity 63782K, committed 63832K, reserved 1103872K
  class space    used 8477K, capacity 9047K, committed 9088K, reserved 1048576K
GC Heap History (10 events):
Event: 4.051 GC heap before
{Heap before GC invocations=7 (full 1):
 PSYoungGen      total 140800K, used 44187K [0x00000000e0000000, 0x00000000ef780000, 0x0000000100000000)
  eden space 130048K, 25% used [0x00000000e0000000,0x00000000e20a8d30,0x00000000e7f00000)
  from space 10752K, 99% used [0x00000000e7f00000,0x00000000e897e0f8,0x00000000e8980000)
  to   space 15872K, 0% used [0x00000000ee800000,0x00000000ee800000,0x00000000ef780000)
 ParOldGen       total 90624K, used 10384K [0x00000000a0000000, 0x00000000a5880000, 0x00000000e0000000)
  object space 90624K, 11% used [0x00000000a0000000,0x00000000a0a24218,0x00000000a5880000)
 Metaspace       used 33974K, capacity 35180K, committed 35416K, reserved 1079296K
  class space    used 4666K, capacity 4969K, committed 4992K, reserved 1048576K
Event: 4.058 GC heap after
Heap after GC invocations=7 (full 1):
 PSYoungGen      total 238080K, used 8219K [0x00000000e0000000, 0x00000000efb00000, 0x0000000100000000)
  eden space 222208K, 0% used [0x00000000e0000000,0x00000000e0000000,0x00000000ed900000)
  from space 15872K, 51% used [0x00000000ee800000,0x00000000ef006f50,0x00000000ef780000)
  to   space 15360K, 0% used [0x00000000ed900000,0x00000000ed900000,0x00000000ee800000)
 ParOldGen       total 90624K, used 10392K [0x00000000a0000000, 0x00000000a5880000, 0x00000000e0000000)
  object space 90624K, 11% used [0x00000000a0000000,0x00000000a0a26218,0x00000000a5880000)
 Metaspace       used 33974K, capacity 35180K, committed 35416K, reserved 1079296K
  class space    used 4666K, capacity 4969K, committed 4992K, reserved 1048576K
}
Event: 4.058 GC heap before
{Heap before GC invocations=8 (full 2):
 PSYoungGen      total 238080K, used 8219K [0x00000000e0000000, 0x00000000efb00000, 0x0000000100000000)
  eden space 222208K, 0% used [0x00000000e0000000,0x00000000e0000000,0x00000000ed900000)
  from space 15872K, 51% used [0x00000000ee800000,0x00000000ef006f50,0x00000000ef780000)
  to   space 15360K, 0% used [0x00000000ed900000,0x00000000ed900000,0x00000000ee800000)
 ParOldGen       total 90624K, used 10392K [0x00000000a0000000, 0x00000000a5880000, 0x00000000e0000000)
  object space 90624K, 11% used [0x00000000a0000000,0x00000000a0a26218,0x00000000a5880000)
 Metaspace       used 33974K, capacity 35180K, committed 35416K, reserved 1079296K
  class space    used 4666K, capacity 4969K, committed 4992K, reserved 1048576K
Event: 4.101 GC heap after
Heap after GC invocations=8 (full 2):
 PSYoungGen      total 238080K, used 0K [0x00000000e0000000, 0x00000000efb00000, 0x0000000100000000)
  eden space 222208K, 0% used [0x00000000e0000000,0x00000000e0000000,0x00000000ed900000)
  from space 15872K, 0% used [0x00000000ee800000,0x00000000ee800000,0x00000000ef780000)
  to   space 15360K, 0% used [0x00000000ed900000,0x00000000ed900000,0x00000000ee800000)
 ParOldGen       total 90624K, used 14714K [0x00000000a0000000, 0x00000000a5880000, 0x00000000e0000000)
  object space 90624K, 16% used [0x00000000a0000000,0x00000000a0e5eb00,0x00000000a5880000)
 Metaspace       used 33974K, capacity 35180K, committed 35416K, reserved 1079296K
  class space    used 4666K, capacity 4969K, committed 4992K, reserved 1048576K
}
Event: 5.335 GC heap before
{Heap before GC invocations=9 (full 2):
 PSYoungGen      total 238080K, used 222208K [0x00000000e0000000, 0x00000000efb00000, 0x0000000100000000)
  eden space 222208K, 100% used [0x00000000e0000000,0x00000000ed900000,0x00000000ed900000)
  from space 15872K, 0% used [0x00000000ee800000,0x00000000ee800000,0x00000000ef780000)
  to   space 15360K, 0% used [0x00000000ed900000,0x00000000ed900000,0x00000000ee800000)
 ParOldGen       total 90624K, used 14714K [0x00000000a0000000, 0x00000000a5880000, 0x00000000e0000000)
  object space 90624K, 16% used [0x00000000a0000000,0x00000000a0e5eb00,0x00000000a5880000)
 Metaspace       used 44290K, capacity 46200K, committed 46424K, reserved 1089536K
  class space    used 6018K, capacity 6428K, committed 6528K, reserved 1048576K
Event: 5.351 GC heap after
Heap after GC invocations=9 (full 2):
 PSYoungGen      total 237568K, used 15355K [0x00000000e0000000, 0x00000000efb00000, 0x0000000100000000)
  eden space 222208K, 0% used [0x00000000e0000000,0x00000000e0000000,0x00000000ed900000)
  from space 15360K, 99% used [0x00000000ed900000,0x00000000ee7fee98,0x00000000ee800000)
  to   space 15872K, 0% used [0x00000000ee800000,0x00000000ee800000,0x00000000ef780000)
 ParOldGen       total 90624K, used 17919K [0x00000000a0000000, 0x00000000a5880000, 0x00000000e0000000)
  object space 90624K, 19% used [0x00000000a0000000,0x00000000a117fe38,0x00000000a5880000)
 Metaspace       used 44290K, capacity 46200K, committed 46424K, reserved 1089536K
  class space    used 6018K, capacity 6428K, committed 6528K, reserved 1048576K
}
Event: 6.871 GC heap before
{Heap before GC invocations=10 (full 2):
 PSYoungGen      total 237568K, used 189627K [0x00000000e0000000, 0x00000000efb00000, 0x0000000100000000)
  eden space 222208K, 78% used [0x00000000e0000000,0x00000000eaa30018,0x00000000ed900000)
  from space 15360K, 99% used [0x00000000ed900000,0x00000000ee7fee98,0x00000000ee800000)
  to   space 15872K, 0% used [0x00000000ee800000,0x00000000ee800000,0x00000000ef780000)
 ParOldGen       total 90624K, used 17919K [0x00000000a0000000, 0x00000000a5880000, 0x00000000e0000000)
  object space 90624K, 19% used [0x00000000a0000000,0x00000000a117fe38,0x00000000a5880000)
 Metaspace       used 56357K, capacity 58876K, committed 58968K, reserved 1099776K
  class space    used 7698K, capacity 8240K, committed 8320K, reserved 1048576K
Event: 6.894 GC heap after
Heap after GC invocations=10 (full 2):
 PSYoungGen      total 238080K, used 15844K [0x00000000e0000000, 0x00000000efb00000, 0x0000000100000000)
  eden space 222208K, 0% used [0x00000000e0000000,0x00000000e0000000,0x00000000ed900000)
  from space 15872K, 99% used [0x00000000ee800000,0x00000000ef7792e0,0x00000000ef780000)
  to   space 15360K, 0% used [0x00000000ed900000,0x00000000ed900000,0x00000000ee800000)
 ParOldGen       total 90624K, used 33344K [0x00000000a0000000, 0x00000000a5880000, 0x00000000e0000000)
  object space 90624K, 36% used [0x00000000a0000000,0x00000000a20900d0,0x00000000a5880000)
 Metaspace       used 56357K, capacity 58876K, committed 58968K, reserved 1099776K
  class space    used 7698K, capacity 8240K, committed 8320K, reserved 1048576K
}
Event: 6.894 GC heap before
{Heap before GC invocations=11 (full 3):
 PSYoungGen      total 238080K, used 15844K [0x00000000e0000000, 0x00000000efb00000, 0x0000000100000000)
  eden space 222208K, 0% used [0x00000000e0000000,0x00000000e0000000,0x00000000ed900000)
  from space 15872K, 99% used [0x00000000ee800000,0x00000000ef7792e0,0x00000000ef780000)
  to   space 15360K, 0% used [0x00000000ed900000,0x00000000ed900000,0x00000000ee800000)
 ParOldGen       total 90624K, used 33344K [0x00000000a0000000, 0x00000000a5880000, 0x00000000e0000000)
  object space 90624K, 36% used [0x00000000a0000000,0x00000000a20900d0,0x00000000a5880000)
 Metaspace       used 56357K, capacity 58876K, committed 58968K, reserved 1099776K
  class space    used 7698K, capacity 8240K, committed 8320K, reserved 1048576K
Event: 7.119 GC heap after
Heap after GC invocations=11 (full 3):
 PSYoungGen      total 238080K, used 0K [0x00000000e0000000, 0x00000000efb00000, 0x0000000100000000)
  eden space 222208K, 0% used [0x00000000e0000000,0x00000000e0000000,0x00000000ed900000)
  from space 15872K, 0% used [0x00000000ee800000,0x00000000ee800000,0x00000000ef780000)
  to   space 15360K, 0% used [0x00000000ed900000,0x00000000ed900000,0x00000000ee800000)
 ParOldGen       total 90624K, used 43405K [0x00000000a0000000, 0x00000000a5880000, 0x00000000e0000000)
  object space 90624K, 47% used [0x00000000a0000000,0x00000000a2a63718,0x00000000a5880000)
 Metaspace       used 56310K, capacity 58714K, committed 58968K, reserved 1099776K
  class space    used 7683K, capacity 8213K, committed 8320K, reserved 1048576K
}

