# JRE version: OpenJDK Runtime Environment (11.0.8+10) (build 11.0.8+10-b944.6842174)
# Java VM: OpenJDK 64-Bit Server VM (11.0.8+10-b944.6842174, mixed mode, tiered, compressed oops, parallel gc, windows-amd64)
Heap:
 PSYoungGen      total 170496K, used 15882K [0x00000000e0000000, 0x00000000f0f00000, 0x0000000100000000)
  eden space 149504K, 5% used [0x00000000e0000000,0x00000000e08607f0,0x00000000e9200000)
  from space 20992K, 34% used [0x00000000e9200000,0x00000000e99221f8,0x00000000ea680000)
  to   space 18944K, 0% used [0x00000000efc80000,0x00000000efc80000,0x00000000f0f00000)
 ParOldGen       total 173568K, used 74252K [0x00000000a0000000, 0x00000000aa980000, 0x00000000e0000000)
  object space 173568K, 42% used [0x00000000a0000000,0x00000000a4883280,0x00000000aa980000)
 Metaspace       used 82249K, capacity 84378K, committed 84628K, reserved 1122304K
  class space    used 10610K, capacity 11400K, committed 11520K, reserved 1048576K
GC Heap History (20 events):
Event: 4.684 GC heap before
{Heap before GC invocations=9 (full 2):
 PSYoungGen      total 74752K, used 69664K [0x00000000e0000000, 0x00000000e5a80000, 0x0000000100000000)
  eden space 61952K, 100% used [0x00000000e0000000,0x00000000e3c80000,0x00000000e3c80000)
  from space 12800K, 60% used [0x00000000e4e00000,0x00000000e5588030,0x00000000e5a80000)
  to   space 15360K, 0% used [0x00000000e3c80000,0x00000000e3c80000,0x00000000e4b80000)
 ParOldGen       total 173568K, used 19527K [0x00000000a0000000, 0x00000000aa980000, 0x00000000e0000000)
  object space 173568K, 11% used [0x00000000a0000000,0x00000000a1311d50,0x00000000aa980000)
 Metaspace       used 48826K, capacity 50069K, committed 50264K, reserved 1093632K
  class space    used 6209K, capacity 6665K, committed 6784K, reserved 1048576K
}
Event: 4.692 GC heap after
{Heap after GC invocations=9 (full 2):
 PSYoungGen      total 76288K, used 15332K [0x00000000e0000000, 0x00000000e6180000, 0x0000000100000000)
  eden space 60928K, 0% used [0x00000000e0000000,0x00000000e0000000,0x00000000e3b80000)
  from space 15360K, 99% used [0x00000000e3c80000,0x00000000e4b790e0,0x00000000e4b80000)
  to   space 19456K, 0% used [0x00000000e4e80000,0x00000000e4e80000,0x00000000e6180000)
 ParOldGen       total 173568K, used 21751K [0x00000000a0000000, 0x00000000aa980000, 0x00000000e0000000)
  object space 173568K, 12% used [0x00000000a0000000,0x00000000a153dd50,0x00000000aa980000)
 Metaspace       used 48826K, capacity 50069K, committed 50264K, reserved 1093632K
  class space    used 6209K, capacity 6665K, committed 6784K, reserved 1048576K
}
Event: 5.242 GC heap before
{Heap before GC invocations=10 (full 2):
 PSYoungGen      total 76288K, used 76260K [0x00000000e0000000, 0x00000000e6180000, 0x0000000100000000)
  eden space 60928K, 100% used [0x00000000e0000000,0x00000000e3b80000,0x00000000e3b80000)
  from space 15360K, 99% used [0x00000000e3c80000,0x00000000e4b790e0,0x00000000e4b80000)
  to   space 19456K, 0% used [0x00000000e4e80000,0x00000000e4e80000,0x00000000e6180000)
 ParOldGen       total 173568K, used 21751K [0x00000000a0000000, 0x00000000aa980000, 0x00000000e0000000)
  object space 173568K, 12% used [0x00000000a0000000,0x00000000a153dd50,0x00000000aa980000)
 Metaspace       used 56150K, capacity 57549K, committed 57688K, reserved 1099776K
  class space    used 7147K, capacity 7704K, committed 7808K, reserved 1048576K
}
Event: 5.253 GC heap after
{Heap after GC invocations=10 (full 2):
 PSYoungGen      total 77312K, used 19425K [0x00000000e0000000, 0x00000000ea300000, 0x0000000100000000)
  eden space 57856K, 0% used [0x00000000e0000000,0x00000000e0000000,0x00000000e3880000)
  from space 19456K, 99% used [0x00000000e4e80000,0x00000000e6178630,0x00000000e6180000)
  to   space 22528K, 0% used [0x00000000e3880000,0x00000000e3880000,0x00000000e4e80000)
 ParOldGen       total 173568K, used 21783K [0x00000000a0000000, 0x00000000aa980000, 0x00000000e0000000)
  object space 173568K, 12% used [0x00000000a0000000,0x00000000a1545d50,0x00000000aa980000)
 Metaspace       used 56150K, capacity 57549K, committed 57688K, reserved 1099776K
  class space    used 7147K, capacity 7704K, committed 7808K, reserved 1048576K
}
Event: 5.368 GC heap before
{Heap before GC invocations=11 (full 2):
 PSYoungGen      total 77312K, used 32256K [0x00000000e0000000, 0x00000000ea300000, 0x0000000100000000)
  eden space 57856K, 22% used [0x00000000e0000000,0x00000000e0c87d18,0x00000000e3880000)
  from space 19456K, 99% used [0x00000000e4e80000,0x00000000e6178630,0x00000000e6180000)
  to   space 22528K, 0% used [0x00000000e3880000,0x00000000e3880000,0x00000000e4e80000)
 ParOldGen       total 173568K, used 21783K [0x00000000a0000000, 0x00000000aa980000, 0x00000000e0000000)
  object space 173568K, 12% used [0x00000000a0000000,0x00000000a1545d50,0x00000000aa980000)
 Metaspace       used 57420K, capacity 58829K, committed 59028K, reserved 1099776K
  class space    used 7319K, capacity 7843K, committed 7936K, reserved 1048576K
}
Event: 5.378 GC heap after
{Heap after GC invocations=11 (full 2):
 PSYoungGen      total 80384K, used 14041K [0x00000000e0000000, 0x00000000ea400000, 0x0000000100000000)
  eden space 57856K, 0% used [0x00000000e0000000,0x00000000e0000000,0x00000000e3880000)
  from space 22528K, 62% used [0x00000000e3880000,0x00000000e46367e0,0x00000000e4e80000)
  to   space 23040K, 0% used [0x00000000e8d80000,0x00000000e8d80000,0x00000000ea400000)
 ParOldGen       total 173568K, used 28044K [0x00000000a0000000, 0x00000000aa980000, 0x00000000e0000000)
  object space 173568K, 16% used [0x00000000a0000000,0x00000000a1b633b0,0x00000000aa980000)
 Metaspace       used 57420K, capacity 58829K, committed 59028K, reserved 1099776K
  class space    used 7319K, capacity 7843K, committed 7936K, reserved 1048576K
}
Event: 5.378 GC heap before
{Heap before GC invocations=12 (full 3):
 PSYoungGen      total 80384K, used 14041K [0x00000000e0000000, 0x00000000ea400000, 0x0000000100000000)
  eden space 57856K, 0% used [0x00000000e0000000,0x00000000e0000000,0x00000000e3880000)
  from space 22528K, 62% used [0x00000000e3880000,0x00000000e46367e0,0x00000000e4e80000)
  to   space 23040K, 0% used [0x00000000e8d80000,0x00000000e8d80000,0x00000000ea400000)
 ParOldGen       total 173568K, used 28044K [0x00000000a0000000, 0x00000000aa980000, 0x00000000e0000000)
  object space 173568K, 16% used [0x00000000a0000000,0x00000000a1b633b0,0x00000000aa980000)
 Metaspace       used 57420K, capacity 58829K, committed 59028K, reserved 1099776K
  class space    used 7319K, capacity 7843K, committed 7936K, reserved 1048576K
}
Event: 5.562 GC heap after
{Heap after GC invocations=12 (full 3):
 PSYoungGen      total 80384K, used 0K [0x00000000e0000000, 0x00000000ea400000, 0x0000000100000000)
  eden space 57856K, 0% used [0x00000000e0000000,0x00000000e0000000,0x00000000e3880000)
  from space 22528K, 0% used [0x00000000e3880000,0x00000000e3880000,0x00000000e4e80000)
  to   space 23040K, 0% used [0x00000000e8d80000,0x00000000e8d80000,0x00000000ea400000)
 ParOldGen       total 173568K, used 41466K [0x00000000a0000000, 0x00000000aa980000, 0x00000000e0000000)
  object space 173568K, 23% used [0x00000000a0000000,0x00000000a287ea98,0x00000000aa980000)
 Metaspace       used 57374K, capacity 58751K, committed 59028K, reserved 1099776K
  class space    used 7305K, capacity 7817K, committed 7936K, reserved 1048576K
}
Event: 5.963 GC heap before
{Heap before GC invocations=13 (full 3):
 PSYoungGen      total 80384K, used 57856K [0x00000000e0000000, 0x00000000ea400000, 0x0000000100000000)
  eden space 57856K, 100% used [0x00000000e0000000,0x00000000e3880000,0x00000000e3880000)
  from space 22528K, 0% used [0x00000000e3880000,0x00000000e3880000,0x00000000e4e80000)
  to   space 23040K, 0% used [0x00000000e8d80000,0x00000000e8d80000,0x00000000ea400000)
 ParOldGen       total 173568K, used 41466K [0x00000000a0000000, 0x00000000aa980000, 0x00000000e0000000)
  object space 173568K, 23% used [0x00000000a0000000,0x00000000a287ea98,0x00000000aa980000)
 Metaspace       used 60774K, capacity 62206K, committed 62484K, reserved 1103872K
  class space    used 7734K, capacity 8299K, committed 8320K, reserved 1048576K
}
Event: 5.968 GC heap after
{Heap after GC invocations=13 (full 3):
 PSYoungGen      total 97792K, used 4896K [0x00000000e0000000, 0x00000000e9280000, 0x0000000100000000)
  eden space 92672K, 0% used [0x00000000e0000000,0x00000000e0000000,0x00000000e5a80000)
  from space 5120K, 95% used [0x00000000e8d80000,0x00000000e9248000,0x00000000e9280000)
  to   space 22528K, 0% used [0x00000000e6680000,0x00000000e6680000,0x00000000e7c80000)
 ParOldGen       total 173568K, used 41474K [0x00000000a0000000, 0x00000000aa980000, 0x00000000e0000000)
  object space 173568K, 23% used [0x00000000a0000000,0x00000000a2880a98,0x00000000aa980000)
 Metaspace       used 60774K, capacity 62206K, committed 62484K, reserved 1103872K
  class space    used 7734K, capacity 8299K, committed 8320K, reserved 1048576K
}
Event: 6.820 GC heap before
{Heap before GC invocations=14 (full 3):
 PSYoungGen      total 97792K, used 97568K [0x00000000e0000000, 0x00000000e9280000, 0x0000000100000000)
  eden space 92672K, 100% used [0x00000000e0000000,0x00000000e5a80000,0x00000000e5a80000)
  from space 5120K, 95% used [0x00000000e8d80000,0x00000000e9248000,0x00000000e9280000)
  to   space 22528K, 0% used [0x00000000e6680000,0x00000000e6680000,0x00000000e7c80000)
 ParOldGen       total 173568K, used 41474K [0x00000000a0000000, 0x00000000aa980000, 0x00000000e0000000)
  object space 173568K, 23% used [0x00000000a0000000,0x00000000a2880a98,0x00000000aa980000)
 Metaspace       used 68665K, capacity 70288K, committed 70548K, reserved 1110016K
  class space    used 9006K, capacity 9636K, committed 9728K, reserved 1048576K
}
Event: 6.831 GC heap after
{Heap after GC invocations=14 (full 3):
 PSYoungGen      total 127488K, used 6100K [0x00000000e0000000, 0x00000000ebc00000, 0x0000000100000000)
  eden space 104960K, 0% used [0x00000000e0000000,0x00000000e0000000,0x00000000e6680000)
  from space 22528K, 27% used [0x00000000e6680000,0x00000000e6c75030,0x00000000e7c80000)
  to   space 22016K, 0% used [0x00000000ea680000,0x00000000ea680000,0x00000000ebc00000)
 ParOldGen       total 173568K, used 46234K [0x00000000a0000000, 0x00000000aa980000, 0x00000000e0000000)
  object space 173568K, 26% used [0x00000000a0000000,0x00000000a2d26aa8,0x00000000aa980000)
 Metaspace       used 68665K, capacity 70288K, committed 70548K, reserved 1110016K
  class space    used 9006K, capacity 9636K, committed 9728K, reserved 1048576K
}
Event: 7.842 GC heap before
{Heap before GC invocations=15 (full 3):
 PSYoungGen      total 127488K, used 111060K [0x00000000e0000000, 0x00000000ebc00000, 0x0000000100000000)
  eden space 104960K, 100% used [0x00000000e0000000,0x00000000e6680000,0x00000000e6680000)
  from space 22528K, 27% used [0x00000000e6680000,0x00000000e6c75030,0x00000000e7c80000)
  to   space 22016K, 0% used [0x00000000ea680000,0x00000000ea680000,0x00000000ebc00000)
 ParOldGen       total 173568K, used 46234K [0x00000000a0000000, 0x00000000aa980000, 0x00000000e0000000)
  object space 173568K, 26% used [0x00000000a0000000,0x00000000a2d26aa8,0x00000000aa980000)
 Metaspace       used 76271K, capacity 78215K, committed 78484K, reserved 1118208K
  class space    used 9959K, capacity 10694K, committed 10752K, reserved 1048576K
}
Event: 7.856 GC heap after
{Heap after GC invocations=15 (full 3):
 PSYoungGen      total 171520K, used 7320K [0x00000000e0000000, 0x00000000ecd00000, 0x0000000100000000)
  eden space 149504K, 0% used [0x00000000e0000000,0x00000000e0000000,0x00000000e9200000)
  from space 22016K, 33% used [0x00000000ea680000,0x00000000eada6020,0x00000000ebc00000)
  to   space 20992K, 0% used [0x00000000e9200000,0x00000000e9200000,0x00000000ea680000)
 ParOldGen       total 173568K, used 52298K [0x00000000a0000000, 0x00000000aa980000, 0x00000000e0000000)
  object space 173568K, 30% used [0x00000000a0000000,0x00000000a3312b68,0x00000000aa980000)
 Metaspace       used 76271K, capacity 78215K, committed 78484K, reserved 1118208K
  class space    used 9959K, capacity 10694K, committed 10752K, reserved 1048576K
}
Event: 8.740 GC heap before
{Heap before GC invocations=16 (full 3):
 PSYoungGen      total 171520K, used 156824K [0x00000000e0000000, 0x00000000ecd00000, 0x0000000100000000)
  eden space 149504K, 100% used [0x00000000e0000000,0x00000000e9200000,0x00000000e9200000)
  from space 22016K, 33% used [0x00000000ea680000,0x00000000eada6020,0x00000000ebc00000)
  to   space 20992K, 0% used [0x00000000e9200000,0x00000000e9200000,0x00000000ea680000)
 ParOldGen       total 173568K, used 52298K [0x00000000a0000000, 0x00000000aa980000, 0x00000000e0000000)
  object space 173568K, 30% used [0x00000000a0000000,0x00000000a3312b68,0x00000000aa980000)
 Metaspace       used 77023K, capacity 79028K, committed 79252K, reserved 1118208K
  class space    used 9980K, capacity 10714K, committed 10752K, reserved 1048576K
}
Event: 8.758 GC heap after
{Heap after GC invocations=16 (full 3):
 PSYoungGen      total 170496K, used 8742K [0x00000000e0000000, 0x00000000ecd00000, 0x0000000100000000)
  eden space 149504K, 0% used [0x00000000e0000000,0x00000000e0000000,0x00000000e9200000)
  from space 20992K, 41% used [0x00000000e9200000,0x00000000e9a898f8,0x00000000ea680000)
  to   space 22016K, 0% used [0x00000000ea680000,0x00000000ea680000,0x00000000ebc00000)
 ParOldGen       total 173568K, used 59143K [0x00000000a0000000, 0x00000000aa980000, 0x00000000e0000000)
  object space 173568K, 34% used [0x00000000a0000000,0x00000000a39c1d48,0x00000000aa980000)
 Metaspace       used 77023K, capacity 79028K, committed 79252K, reserved 1118208K
  class space    used 9980K, capacity 10714K, committed 10752K, reserved 1048576K
}
Event: 9.509 GC heap before
{Heap before GC invocations=17 (full 3):
 PSYoungGen      total 170496K, used 158246K [0x00000000e0000000, 0x00000000ecd00000, 0x0000000100000000)
  eden space 149504K, 100% used [0x00000000e0000000,0x00000000e9200000,0x00000000e9200000)
  from space 20992K, 41% used [0x00000000e9200000,0x00000000e9a898f8,0x00000000ea680000)
  to   space 22016K, 0% used [0x00000000ea680000,0x00000000ea680000,0x00000000ebc00000)
 ParOldGen       total 173568K, used 59143K [0x00000000a0000000, 0x00000000aa980000, 0x00000000e0000000)
  object space 173568K, 34% used [0x00000000a0000000,0x00000000a39c1d48,0x00000000aa980000)
 Metaspace       used 80505K, capacity 82523K, committed 82836K, reserved 1120256K
  class space    used 10425K, capacity 11141K, committed 11264K, reserved 1048576K
}
Event: 9.522 GC heap after
{Heap after GC invocations=17 (full 3):
 PSYoungGen      total 171520K, used 7456K [0x00000000e0000000, 0x00000000ecd00000, 0x0000000100000000)
  eden space 149504K, 0% used [0x00000000e0000000,0x00000000e0000000,0x00000000e9200000)
  from space 22016K, 33% used [0x00000000ea680000,0x00000000eadc8000,0x00000000ebc00000)
  to   space 20992K, 0% used [0x00000000e9200000,0x00000000e9200000,0x00000000ea680000)
 ParOldGen       total 173568K, used 67405K [0x00000000a0000000, 0x00000000aa980000, 0x00000000e0000000)
  object space 173568K, 38% used [0x00000000a0000000,0x00000000a41d37c0,0x00000000aa980000)
 Metaspace       used 80505K, capacity 82523K, committed 82836K, reserved 1120256K
  class space    used 10425K, capacity 11141K, committed 11264K, reserved 1048576K
}
Event: 11.592 GC heap before
{Heap before GC invocations=18 (full 3):
 PSYoungGen      total 171520K, used 156960K [0x00000000e0000000, 0x00000000ecd00000, 0x0000000100000000)
  eden space 149504K, 100% used [0x00000000e0000000,0x00000000e9200000,0x00000000e9200000)
  from space 22016K, 33% used [0x00000000ea680000,0x00000000eadc8000,0x00000000ebc00000)
  to   space 20992K, 0% used [0x00000000e9200000,0x00000000e9200000,0x00000000ea680000)
 ParOldGen       total 173568K, used 67405K [0x00000000a0000000, 0x00000000aa980000, 0x00000000e0000000)
  object space 173568K, 38% used [0x00000000a0000000,0x00000000a41d37c0,0x00000000aa980000)
 Metaspace       used 82089K, capacity 84216K, committed 84244K, reserved 1122304K
  class space    used 10596K, capacity 11368K, committed 11392K, reserved 1048576K
}
Event: 11.601 GC heap after
{Heap after GC invocations=18 (full 3):
 PSYoungGen      total 170496K, used 7304K [0x00000000e0000000, 0x00000000f0f00000, 0x0000000100000000)
  eden space 149504K, 0% used [0x00000000e0000000,0x00000000e0000000,0x00000000e9200000)
  from space 20992K, 34% used [0x00000000e9200000,0x00000000e99221f8,0x00000000ea680000)
  to   space 18944K, 0% used [0x00000000efc80000,0x00000000efc80000,0x00000000f0f00000)
 ParOldGen       total 173568K, used 74252K [0x00000000a0000000, 0x00000000aa980000, 0x00000000e0000000)
  object space 173568K, 42% used [0x00000000a0000000,0x00000000a4883280,0x00000000aa980000)
 Metaspace       used 82089K, capacity 84216K, committed 84244K, reserved 1122304K
  class space    used 10596K, capacity 11368K, committed 11392K, reserved 1048576K
}

