# JRE version: OpenJDK Runtime Environment (8.0_242-b01) (build 1.8.0_242-release-1644-b01)
# Java VM: OpenJDK 64-Bit Server VM (25.242-b01 mixed mode windows-amd64 compressed oops)
Heap:
 PSYoungGen      total 413184K, used 178876K [0x00000000e0000000, 0x00000000fbe00000, 0x0000000100000000)
  eden space 370688K, 40% used [0x00000000e0000000,0x00000000e93d5980,0x00000000f6a00000)
  from space 42496K, 64% used [0x00000000f9480000,0x00000000faf599c0,0x00000000fbe00000)
  to   space 43008K, 0% used [0x00000000f6a00000,0x00000000f6a00000,0x00000000f9400000)
 ParOldGen       total 344064K, used 93459K [0x00000000a0000000, 0x00000000b5000000, 0x00000000e0000000)
  object space 344064K, 27% used [0x00000000a0000000,0x00000000a5b44c68,0x00000000b5000000)
 Metaspace       used 98113K, capacity 105758K, committed 105768K, reserved 1140736K
  class space    used 12611K, capacity 13871K, committed 13872K, reserved 1048576K
GC Heap History (10 events):
Event: 2670.359 GC heap before
{Heap before GC invocations=34 (full 4):
 PSYoungGen      total 403456K, used 390310K [0x00000000e0000000, 0x00000000fc600000, 0x0000000100000000)
  eden space 353280K, 100% used [0x00000000e0000000,0x00000000f5900000,0x00000000f5900000)
  from space 50176K, 73% used [0x00000000f5900000,0x00000000f7d29a28,0x00000000f8a00000)
  to   space 51200K, 0% used [0x00000000f9400000,0x00000000f9400000,0x00000000fc600000)
 ParOldGen       total 344064K, used 93435K [0x00000000a0000000, 0x00000000b5000000, 0x00000000e0000000)
  object space 344064K, 27% used [0x00000000a0000000,0x00000000a5b3ec68,0x00000000b5000000)
 Metaspace       used 96410K, capacity 102314K, committed 102568K, reserved 1138688K
  class space    used 12334K, capacity 13365K, committed 13488K, reserved 1048576K
Event: 2670.396 GC heap after
Heap after GC invocations=34 (full 4):
 PSYoungGen      total 405504K, used 28936K [0x00000000e0000000, 0x00000000fc000000, 0x0000000100000000)
  eden space 360448K, 0% used [0x00000000e0000000,0x00000000e0000000,0x00000000f6000000)
  from space 45056K, 64% used [0x00000000f9400000,0x00000000fb0423e8,0x00000000fc000000)
  to   space 49152K, 0% used [0x00000000f6000000,0x00000000f6000000,0x00000000f9000000)
 ParOldGen       total 344064K, used 93435K [0x00000000a0000000, 0x00000000b5000000, 0x00000000e0000000)
  object space 344064K, 27% used [0x00000000a0000000,0x00000000a5b3ec68,0x00000000b5000000)
 Metaspace       used 96410K, capacity 102314K, committed 102568K, reserved 1138688K
  class space    used 12334K, capacity 13365K, committed 13488K, reserved 1048576K
}
Event: 2714.619 GC heap before
{Heap before GC invocations=35 (full 4):
 PSYoungGen      total 405504K, used 389384K [0x00000000e0000000, 0x00000000fc000000, 0x0000000100000000)
  eden space 360448K, 100% used [0x00000000e0000000,0x00000000f6000000,0x00000000f6000000)
  from space 45056K, 64% used [0x00000000f9400000,0x00000000fb0423e8,0x00000000fc000000)
  to   space 49152K, 0% used [0x00000000f6000000,0x00000000f6000000,0x00000000f9000000)
 ParOldGen       total 344064K, used 93435K [0x00000000a0000000, 0x00000000b5000000, 0x00000000e0000000)
  object space 344064K, 27% used [0x00000000a0000000,0x00000000a5b3ec68,0x00000000b5000000)
 Metaspace       used 96498K, capacity 102332K, committed 102568K, reserved 1138688K
  class space    used 12336K, capacity 13368K, committed 13488K, reserved 1048576K
Event: 2714.654 GC heap after
Heap after GC invocations=35 (full 4):
 PSYoungGen      total 409600K, used 27521K [0x00000000e0000000, 0x00000000fc380000, 0x0000000100000000)
  eden space 360448K, 0% used [0x00000000e0000000,0x00000000e0000000,0x00000000f6000000)
  from space 49152K, 55% used [0x00000000f6000000,0x00000000f7ae0430,0x00000000f9000000)
  to   space 47616K, 0% used [0x00000000f9500000,0x00000000f9500000,0x00000000fc380000)
 ParOldGen       total 344064K, used 93443K [0x00000000a0000000, 0x00000000b5000000, 0x00000000e0000000)
  object space 344064K, 27% used [0x00000000a0000000,0x00000000a5b40c68,0x00000000b5000000)
 Metaspace       used 96498K, capacity 102332K, committed 102568K, reserved 1138688K
  class space    used 12336K, capacity 13368K, committed 13488K, reserved 1048576K
}
Event: 2822.795 GC heap before
{Heap before GC invocations=36 (full 4):
 PSYoungGen      total 409600K, used 387969K [0x00000000e0000000, 0x00000000fc380000, 0x0000000100000000)
  eden space 360448K, 100% used [0x00000000e0000000,0x00000000f6000000,0x00000000f6000000)
  from space 49152K, 55% used [0x00000000f6000000,0x00000000f7ae0430,0x00000000f9000000)
  to   space 47616K, 0% used [0x00000000f9500000,0x00000000f9500000,0x00000000fc380000)
 ParOldGen       total 344064K, used 93443K [0x00000000a0000000, 0x00000000b5000000, 0x00000000e0000000)
  object space 344064K, 27% used [0x00000000a0000000,0x00000000a5b40c68,0x00000000b5000000)
 Metaspace       used 97512K, capacity 104822K, committed 104872K, reserved 1140736K
  class space    used 12536K, capacity 13737K, committed 13744K, reserved 1048576K
Event: 2822.821 GC heap after
Heap after GC invocations=36 (full 4):
 PSYoungGen      total 409600K, used 27686K [0x00000000e0000000, 0x00000000fbf80000, 0x0000000100000000)
  eden space 366080K, 0% used [0x00000000e0000000,0x00000000e0000000,0x00000000f6580000)
  from space 43520K, 63% used [0x00000000f9500000,0x00000000fb009998,0x00000000fbf80000)
  to   space 46080K, 0% used [0x00000000f6580000,0x00000000f6580000,0x00000000f9280000)
 ParOldGen       total 344064K, used 93451K [0x00000000a0000000, 0x00000000b5000000, 0x00000000e0000000)
  object space 344064K, 27% used [0x00000000a0000000,0x00000000a5b42c68,0x00000000b5000000)
 Metaspace       used 97512K, capacity 104822K, committed 104872K, reserved 1140736K
  class space    used 12536K, capacity 13737K, committed 13744K, reserved 1048576K
}
Event: 3020.223 GC heap before
{Heap before GC invocations=37 (full 4):
 PSYoungGen      total 409600K, used 393766K [0x00000000e0000000, 0x00000000fbf80000, 0x0000000100000000)
  eden space 366080K, 100% used [0x00000000e0000000,0x00000000f6580000,0x00000000f6580000)
  from space 43520K, 63% used [0x00000000f9500000,0x00000000fb009998,0x00000000fbf80000)
  to   space 46080K, 0% used [0x00000000f6580000,0x00000000f6580000,0x00000000f9280000)
 ParOldGen       total 344064K, used 93451K [0x00000000a0000000, 0x00000000b5000000, 0x00000000e0000000)
  object space 344064K, 27% used [0x00000000a0000000,0x00000000a5b42c68,0x00000000b5000000)
 Metaspace       used 97752K, capacity 105132K, committed 105256K, reserved 1140736K
  class space    used 12565K, capacity 13788K, committed 13872K, reserved 1048576K
Event: 3020.252 GC heap after
Heap after GC invocations=37 (full 4):
 PSYoungGen      total 412160K, used 27526K [0x00000000e0000000, 0x00000000fc000000, 0x0000000100000000)
  eden space 366080K, 0% used [0x00000000e0000000,0x00000000e0000000,0x00000000f6580000)
  from space 46080K, 59% used [0x00000000f6580000,0x00000000f8061998,0x00000000f9280000)
  to   space 44544K, 0% used [0x00000000f9480000,0x00000000f9480000,0x00000000fc000000)
 ParOldGen       total 344064K, used 93451K [0x00000000a0000000, 0x00000000b5000000, 0x00000000e0000000)
  object space 344064K, 27% used [0x00000000a0000000,0x00000000a5b42c68,0x00000000b5000000)
 Metaspace       used 97752K, capacity 105132K, committed 105256K, reserved 1140736K
  class space    used 12565K, capacity 13788K, committed 13872K, reserved 1048576K
}
Event: 3042.381 GC heap before
{Heap before GC invocations=38 (full 4):
 PSYoungGen      total 412160K, used 393606K [0x00000000e0000000, 0x00000000fc000000, 0x0000000100000000)
  eden space 366080K, 100% used [0x00000000e0000000,0x00000000f6580000,0x00000000f6580000)
  from space 46080K, 59% used [0x00000000f6580000,0x00000000f8061998,0x00000000f9280000)
  to   space 44544K, 0% used [0x00000000f9480000,0x00000000f9480000,0x00000000fc000000)
 ParOldGen       total 344064K, used 93451K [0x00000000a0000000, 0x00000000b5000000, 0x00000000e0000000)
  object space 344064K, 27% used [0x00000000a0000000,0x00000000a5b42c68,0x00000000b5000000)
 Metaspace       used 98069K, capacity 105694K, committed 105768K, reserved 1140736K
  class space    used 12611K, capacity 13871K, committed 13872K, reserved 1048576K
Event: 3042.413 GC heap after
Heap after GC invocations=38 (full 4):
 PSYoungGen      total 413184K, used 27494K [0x00000000e0000000, 0x00000000fbe00000, 0x0000000100000000)
  eden space 370688K, 0% used [0x00000000e0000000,0x00000000e0000000,0x00000000f6a00000)
  from space 42496K, 64% used [0x00000000f9480000,0x00000000faf599c0,0x00000000fbe00000)
  to   space 43008K, 0% used [0x00000000f6a00000,0x00000000f6a00000,0x00000000f9400000)
 ParOldGen       total 344064K, used 93459K [0x00000000a0000000, 0x00000000b5000000, 0x00000000e0000000)
  object space 344064K, 27% used [0x00000000a0000000,0x00000000a5b44c68,0x00000000b5000000)
 Metaspace       used 98069K, capacity 105694K, committed 105768K, reserved 1140736K
  class space    used 12611K, capacity 13871K, committed 13872K, reserved 1048576K
}

