# JRE version: OpenJDK Runtime Environment (8.0_242-b01) (build 1.8.0_242-release-1644-b01)
# Java VM: OpenJDK 64-Bit Server VM (25.242-b01 mixed mode windows-amd64 compressed oops)
Heap:
 PSYoungGen      total 392192K, used 251803K [0x00000000e0000000, 0x00000000fd900000, 0x0000000100000000)
  eden space 303104K, 65% used [0x00000000e0000000,0x00000000ec19de18,0x00000000f2800000)
  from space 89088K, 60% used [0x00000000f8200000,0x00000000fb648e48,0x00000000fd900000)
  to   space 90624K, 0% used [0x00000000f2800000,0x00000000f2800000,0x00000000f8080000)
 ParOldGen       total 222208K, used 165991K [0x00000000a0000000, 0x00000000ad900000, 0x00000000e0000000)
  object space 222208K, 74% used [0x00000000a0000000,0x00000000aa219e38,0x00000000ad900000)
 Metaspace       used 105722K, capacity 113032K, committed 113368K, reserved 1146880K
  class space    used 13644K, capacity 14987K, committed 15104K, reserved 1048576K
GC Heap History (10 events):
Event: 3930.432 GC heap before
{Heap before GC invocations=38 (full 3):
 PSYoungGen      total 328192K, used 312494K [0x00000000e0000000, 0x00000000f9300000, 0x0000000100000000)
  eden space 264192K, 100% used [0x00000000e0000000,0x00000000f0200000,0x00000000f0200000)
  from space 64000K, 75% used [0x00000000f4200000,0x00000000f712baf8,0x00000000f8080000)
  to   space 65536K, 0% used [0x00000000f0200000,0x00000000f0200000,0x00000000f4200000)
 ParOldGen       total 222208K, used 132935K [0x00000000a0000000, 0x00000000ad900000, 0x00000000e0000000)
  object space 222208K, 59% used [0x00000000a0000000,0x00000000a81d1db8,0x00000000ad900000)
 Metaspace       used 92105K, capacity 98186K, committed 98280K, reserved 1134592K
  class space    used 11846K, capacity 12902K, committed 12928K, reserved 1048576K
Event: 3930.506 GC heap after
Heap after GC invocations=38 (full 3):
 PSYoungGen      total 329728K, used 65522K [0x00000000e0000000, 0x00000000fd180000, 0x0000000100000000)
  eden space 264192K, 0% used [0x00000000e0000000,0x00000000e0000000,0x00000000f0200000)
  from space 65536K, 99% used [0x00000000f0200000,0x00000000f41fc948,0x00000000f4200000)
  to   space 98304K, 0% used [0x00000000f7180000,0x00000000f7180000,0x00000000fd180000)
 ParOldGen       total 222208K, used 200970K [0x00000000a0000000, 0x00000000ad900000, 0x00000000e0000000)
  object space 222208K, 90% used [0x00000000a0000000,0x00000000ac442b80,0x00000000ad900000)
 Metaspace       used 92105K, capacity 98186K, committed 98280K, reserved 1134592K
  class space    used 11846K, capacity 12902K, committed 12928K, reserved 1048576K
}
Event: 3930.506 GC heap before
{Heap before GC invocations=39 (full 4):
 PSYoungGen      total 329728K, used 65522K [0x00000000e0000000, 0x00000000fd180000, 0x0000000100000000)
  eden space 264192K, 0% used [0x00000000e0000000,0x00000000e0000000,0x00000000f0200000)
  from space 65536K, 99% used [0x00000000f0200000,0x00000000f41fc948,0x00000000f4200000)
  to   space 98304K, 0% used [0x00000000f7180000,0x00000000f7180000,0x00000000fd180000)
 ParOldGen       total 222208K, used 200970K [0x00000000a0000000, 0x00000000ad900000, 0x00000000e0000000)
  object space 222208K, 90% used [0x00000000a0000000,0x00000000ac442b80,0x00000000ad900000)
 Metaspace       used 92105K, capacity 98186K, committed 98280K, reserved 1134592K
  class space    used 11846K, capacity 12902K, committed 12928K, reserved 1048576K
Event: 3930.982 GC heap after
Heap after GC invocations=39 (full 4):
 PSYoungGen      total 329728K, used 0K [0x00000000e0000000, 0x00000000fd180000, 0x0000000100000000)
  eden space 264192K, 0% used [0x00000000e0000000,0x00000000e0000000,0x00000000f0200000)
  from space 65536K, 0% used [0x00000000f0200000,0x00000000f0200000,0x00000000f4200000)
  to   space 98304K, 0% used [0x00000000f7180000,0x00000000f7180000,0x00000000fd180000)
 ParOldGen       total 222208K, used 165975K [0x00000000a0000000, 0x00000000ad900000, 0x00000000e0000000)
  object space 222208K, 74% used [0x00000000a0000000,0x00000000aa215e38,0x00000000ad900000)
 Metaspace       used 91314K, capacity 96328K, committed 98280K, reserved 1134592K
  class space    used 11639K, capacity 12532K, committed 12928K, reserved 1048576K
}
Event: 3932.112 GC heap before
{Heap before GC invocations=40 (full 4):
 PSYoungGen      total 329728K, used 264192K [0x00000000e0000000, 0x00000000fd180000, 0x0000000100000000)
  eden space 264192K, 100% used [0x00000000e0000000,0x00000000f0200000,0x00000000f0200000)
  from space 65536K, 0% used [0x00000000f0200000,0x00000000f0200000,0x00000000f4200000)
  to   space 98304K, 0% used [0x00000000f7180000,0x00000000f7180000,0x00000000fd180000)
 ParOldGen       total 222208K, used 165975K [0x00000000a0000000, 0x00000000ad900000, 0x00000000e0000000)
  object space 222208K, 74% used [0x00000000a0000000,0x00000000aa215e38,0x00000000ad900000)
 Metaspace       used 91774K, capacity 96692K, committed 98664K, reserved 1134592K
  class space    used 11683K, capacity 12566K, committed 13056K, reserved 1048576K
Event: 3932.136 GC heap after
Heap after GC invocations=40 (full 4):
 PSYoungGen      total 379904K, used 34757K [0x00000000e0000000, 0x00000000fd080000, 0x0000000100000000)
  eden space 282624K, 0% used [0x00000000e0000000,0x00000000e0000000,0x00000000f1400000)
  from space 97280K, 35% used [0x00000000f7180000,0x00000000f9371728,0x00000000fd080000)
  to   space 95744K, 0% used [0x00000000f1400000,0x00000000f1400000,0x00000000f7180000)
 ParOldGen       total 222208K, used 165975K [0x00000000a0000000, 0x00000000ad900000, 0x00000000e0000000)
  object space 222208K, 74% used [0x00000000a0000000,0x00000000aa215e38,0x00000000ad900000)
 Metaspace       used 91774K, capacity 96692K, committed 98664K, reserved 1134592K
  class space    used 11683K, capacity 12566K, committed 13056K, reserved 1048576K
}
Event: 3936.758 GC heap before
{Heap before GC invocations=41 (full 4):
 PSYoungGen      total 379904K, used 317381K [0x00000000e0000000, 0x00000000fd080000, 0x0000000100000000)
  eden space 282624K, 100% used [0x00000000e0000000,0x00000000f1400000,0x00000000f1400000)
  from space 97280K, 35% used [0x00000000f7180000,0x00000000f9371728,0x00000000fd080000)
  to   space 95744K, 0% used [0x00000000f1400000,0x00000000f1400000,0x00000000f7180000)
 ParOldGen       total 222208K, used 165975K [0x00000000a0000000, 0x00000000ad900000, 0x00000000e0000000)
  object space 222208K, 74% used [0x00000000a0000000,0x00000000aa215e38,0x00000000ad900000)
 Metaspace       used 95276K, capacity 100508K, committed 102104K, reserved 1138688K
  class space    used 12052K, capacity 12996K, committed 13312K, reserved 1048576K
Event: 3936.795 GC heap after
Heap after GC invocations=41 (full 4):
 PSYoungGen      total 378368K, used 52004K [0x00000000e0000000, 0x00000000fdc80000, 0x0000000100000000)
  eden space 282624K, 0% used [0x00000000e0000000,0x00000000e0000000,0x00000000f1400000)
  from space 95744K, 54% used [0x00000000f1400000,0x00000000f46c9150,0x00000000f7180000)
  to   space 92672K, 0% used [0x00000000f8200000,0x00000000f8200000,0x00000000fdc80000)
 ParOldGen       total 222208K, used 165983K [0x00000000a0000000, 0x00000000ad900000, 0x00000000e0000000)
  object space 222208K, 74% used [0x00000000a0000000,0x00000000aa217e38,0x00000000ad900000)
 Metaspace       used 95276K, capacity 100508K, committed 102104K, reserved 1138688K
  class space    used 12052K, capacity 12996K, committed 13312K, reserved 1048576K
}
Event: 3939.109 GC heap before
{Heap before GC invocations=42 (full 4):
 PSYoungGen      total 378368K, used 334628K [0x00000000e0000000, 0x00000000fdc80000, 0x0000000100000000)
  eden space 282624K, 100% used [0x00000000e0000000,0x00000000f1400000,0x00000000f1400000)
  from space 95744K, 54% used [0x00000000f1400000,0x00000000f46c9150,0x00000000f7180000)
  to   space 92672K, 0% used [0x00000000f8200000,0x00000000f8200000,0x00000000fdc80000)
 ParOldGen       total 222208K, used 165983K [0x00000000a0000000, 0x00000000ad900000, 0x00000000e0000000)
  object space 222208K, 74% used [0x00000000a0000000,0x00000000aa217e38,0x00000000ad900000)
 Metaspace       used 104306K, capacity 111268K, committed 111576K, reserved 1146880K
  class space    used 13444K, capacity 14706K, committed 14848K, reserved 1048576K
Event: 3939.142 GC heap after
Heap after GC invocations=42 (full 4):
 PSYoungGen      total 392192K, used 53539K [0x00000000e0000000, 0x00000000fd900000, 0x0000000100000000)
  eden space 303104K, 0% used [0x00000000e0000000,0x00000000e0000000,0x00000000f2800000)
  from space 89088K, 60% used [0x00000000f8200000,0x00000000fb648e48,0x00000000fd900000)
  to   space 90624K, 0% used [0x00000000f2800000,0x00000000f2800000,0x00000000f8080000)
 ParOldGen       total 222208K, used 165991K [0x00000000a0000000, 0x00000000ad900000, 0x00000000e0000000)
  object space 222208K, 74% used [0x00000000a0000000,0x00000000aa219e38,0x00000000ad900000)
 Metaspace       used 104306K, capacity 111268K, committed 111576K, reserved 1146880K
  class space    used 13444K, capacity 14706K, committed 14848K, reserved 1048576K
}

