# JRE version: OpenJDK Runtime Environment (8.0_242-b01) (build 1.8.0_242-release-1644-b01)
# Java VM: OpenJDK 64-Bit Server VM (25.242-b01 mixed mode windows-amd64 compressed oops)
Heap:
 PSYoungGen      total 351232K, used 122399K [0x00000000e0000000, 0x0000000100000000, 0x0000000100000000)
  eden space 182784K, 31% used [0x00000000e0000000,0x00000000e3890bd8,0x00000000eb280000)
  from space 168448K, 38% used [0x00000000f4f80000,0x00000000f8e77310,0x00000000ff400000)
  to   space 160768K, 0% used [0x00000000eb280000,0x00000000eb280000,0x00000000f4f80000)
 ParOldGen       total 380928K, used 272814K [0x00000000a0000000, 0x00000000b7400000, 0x00000000e0000000)
  object space 380928K, 71% used [0x00000000a0000000,0x00000000b0a6bb88,0x00000000b7400000)
 Metaspace       used 104912K, capacity 110114K, committed 110312K, reserved 1144832K
  class space    used 13255K, capacity 14292K, committed 14352K, reserved 1048576K
GC Heap History (10 events):
Event: 267.258 GC heap before
{Heap before GC invocations=32 (full 4):
 PSYoungGen      total 395776K, used 395764K [0x00000000e0000000, 0x0000000100000000, 0x0000000100000000)
  eden space 267264K, 100% used [0x00000000e0000000,0x00000000f0500000,0x00000000f0500000)
  from space 128512K, 99% used [0x00000000f0500000,0x00000000f827d270,0x00000000f8280000)
  to   space 128512K, 0% used [0x00000000f8280000,0x00000000f8280000,0x0000000100000000)
 ParOldGen       total 380928K, used 206260K [0x00000000a0000000, 0x00000000b7400000, 0x00000000e0000000)
  object space 380928K, 54% used [0x00000000a0000000,0x00000000ac96d280,0x00000000b7400000)
 Metaspace       used 104734K, capacity 109928K, committed 110056K, reserved 1144832K
  class space    used 13253K, capacity 14289K, committed 14352K, reserved 1048576K
Event: 267.304 GC heap after
Heap after GC invocations=32 (full 4):
 PSYoungGen      total 303616K, used 118301K [0x00000000e0000000, 0x0000000100000000, 0x0000000100000000)
  eden space 175104K, 0% used [0x00000000e0000000,0x00000000e0000000,0x00000000eab00000)
  from space 128512K, 92% used [0x00000000f8280000,0x00000000ff6075c0,0x0000000100000000)
  to   space 174592K, 0% used [0x00000000eab00000,0x00000000eab00000,0x00000000f5580000)
 ParOldGen       total 380928K, used 206260K [0x00000000a0000000, 0x00000000b7400000, 0x00000000e0000000)
  object space 380928K, 54% used [0x00000000a0000000,0x00000000ac96d280,0x00000000b7400000)
 Metaspace       used 104734K, capacity 109928K, committed 110056K, reserved 1144832K
  class space    used 13253K, capacity 14289K, committed 14352K, reserved 1048576K
}
Event: 267.730 GC heap before
{Heap before GC invocations=33 (full 4):
 PSYoungGen      total 303616K, used 293216K [0x00000000e0000000, 0x0000000100000000, 0x0000000100000000)
  eden space 175104K, 99% used [0x00000000e0000000,0x00000000eaad0ae8,0x00000000eab00000)
  from space 128512K, 92% used [0x00000000f8280000,0x00000000ff6075c0,0x0000000100000000)
  to   space 174592K, 0% used [0x00000000eab00000,0x00000000eab00000,0x00000000f5580000)
 ParOldGen       total 380928K, used 206260K [0x00000000a0000000, 0x00000000b7400000, 0x00000000e0000000)
  object space 380928K, 54% used [0x00000000a0000000,0x00000000ac96d280,0x00000000b7400000)
 Metaspace       used 104815K, capacity 110032K, committed 110312K, reserved 1144832K
  class space    used 13254K, capacity 14291K, committed 14352K, reserved 1048576K
Event: 267.785 GC heap after
Heap after GC invocations=33 (full 4):
 PSYoungGen      total 349696K, used 121401K [0x00000000e0000000, 0x0000000100000000, 0x0000000100000000)
  eden space 175104K, 0% used [0x00000000e0000000,0x00000000e0000000,0x00000000eab00000)
  from space 174592K, 69% used [0x00000000eab00000,0x00000000f218e4c0,0x00000000f5580000)
  to   space 174592K, 0% used [0x00000000f5580000,0x00000000f5580000,0x0000000100000000)
 ParOldGen       total 380928K, used 206268K [0x00000000a0000000, 0x00000000b7400000, 0x00000000e0000000)
  object space 380928K, 54% used [0x00000000a0000000,0x00000000ac96f280,0x00000000b7400000)
 Metaspace       used 104815K, capacity 110032K, committed 110312K, reserved 1144832K
  class space    used 13254K, capacity 14291K, committed 14352K, reserved 1048576K
}
Event: 268.242 GC heap before
{Heap before GC invocations=34 (full 4):
 PSYoungGen      total 349696K, used 296505K [0x00000000e0000000, 0x0000000100000000, 0x0000000100000000)
  eden space 175104K, 100% used [0x00000000e0000000,0x00000000eab00000,0x00000000eab00000)
  from space 174592K, 69% used [0x00000000eab00000,0x00000000f218e4c0,0x00000000f5580000)
  to   space 174592K, 0% used [0x00000000f5580000,0x00000000f5580000,0x0000000100000000)
 ParOldGen       total 380928K, used 206268K [0x00000000a0000000, 0x00000000b7400000, 0x00000000e0000000)
  object space 380928K, 54% used [0x00000000a0000000,0x00000000ac96f280,0x00000000b7400000)
 Metaspace       used 104846K, capacity 110104K, committed 110312K, reserved 1144832K
  class space    used 13254K, capacity 14291K, committed 14352K, reserved 1048576K
Event: 268.302 GC heap after
Heap after GC invocations=34 (full 4):
 PSYoungGen      total 349696K, used 84460K [0x00000000e0000000, 0x0000000100000000, 0x0000000100000000)
  eden space 175104K, 0% used [0x00000000e0000000,0x00000000e0000000,0x00000000eab00000)
  from space 174592K, 48% used [0x00000000f5580000,0x00000000fa7fb2e0,0x0000000100000000)
  to   space 174592K, 0% used [0x00000000eab00000,0x00000000eab00000,0x00000000f5580000)
 ParOldGen       total 380928K, used 239874K [0x00000000a0000000, 0x00000000b7400000, 0x00000000e0000000)
  object space 380928K, 62% used [0x00000000a0000000,0x00000000aea40968,0x00000000b7400000)
 Metaspace       used 104846K, capacity 110104K, committed 110312K, reserved 1144832K
  class space    used 13254K, capacity 14291K, committed 14352K, reserved 1048576K
}
Event: 269.021 GC heap before
{Heap before GC invocations=35 (full 4):
 PSYoungGen      total 349696K, used 259564K [0x00000000e0000000, 0x0000000100000000, 0x0000000100000000)
  eden space 175104K, 100% used [0x00000000e0000000,0x00000000eab00000,0x00000000eab00000)
  from space 174592K, 48% used [0x00000000f5580000,0x00000000fa7fb2e0,0x0000000100000000)
  to   space 174592K, 0% used [0x00000000eab00000,0x00000000eab00000,0x00000000f5580000)
 ParOldGen       total 380928K, used 239874K [0x00000000a0000000, 0x00000000b7400000, 0x00000000e0000000)
  object space 380928K, 62% used [0x00000000a0000000,0x00000000aea40968,0x00000000b7400000)
 Metaspace       used 104871K, capacity 110104K, committed 110312K, reserved 1144832K
  class space    used 13254K, capacity 14291K, committed 14352K, reserved 1048576K
Event: 269.065 GC heap after
Heap after GC invocations=35 (full 4):
 PSYoungGen      total 235520K, used 60366K [0x00000000e0000000, 0x00000000ff400000, 0x0000000100000000)
  eden space 175104K, 0% used [0x00000000e0000000,0x00000000e0000000,0x00000000eab00000)
  from space 60416K, 99% used [0x00000000eab00000,0x00000000ee5f3bd8,0x00000000ee600000)
  to   space 168448K, 0% used [0x00000000f4f80000,0x00000000f4f80000,0x00000000ff400000)
 ParOldGen       total 380928K, used 266487K [0x00000000a0000000, 0x00000000b7400000, 0x00000000e0000000)
  object space 380928K, 69% used [0x00000000a0000000,0x00000000b043dc90,0x00000000b7400000)
 Metaspace       used 104871K, capacity 110104K, committed 110312K, reserved 1144832K
  class space    used 13254K, capacity 14291K, committed 14352K, reserved 1048576K
}
Event: 270.965 GC heap before
{Heap before GC invocations=36 (full 4):
 PSYoungGen      total 235520K, used 235470K [0x00000000e0000000, 0x00000000ff400000, 0x0000000100000000)
  eden space 175104K, 100% used [0x00000000e0000000,0x00000000eab00000,0x00000000eab00000)
  from space 60416K, 99% used [0x00000000eab00000,0x00000000ee5f3bd8,0x00000000ee600000)
  to   space 168448K, 0% used [0x00000000f4f80000,0x00000000f4f80000,0x00000000ff400000)
 ParOldGen       total 380928K, used 266487K [0x00000000a0000000, 0x00000000b7400000, 0x00000000e0000000)
  object space 380928K, 69% used [0x00000000a0000000,0x00000000b043dc90,0x00000000b7400000)
 Metaspace       used 104893K, capacity 110108K, committed 110312K, reserved 1144832K
  class space    used 13254K, capacity 14291K, committed 14352K, reserved 1048576K
Event: 270.992 GC heap after
Heap after GC invocations=36 (full 4):
 PSYoungGen      total 351232K, used 64476K [0x00000000e0000000, 0x0000000100000000, 0x0000000100000000)
  eden space 182784K, 0% used [0x00000000e0000000,0x00000000e0000000,0x00000000eb280000)
  from space 168448K, 38% used [0x00000000f4f80000,0x00000000f8e77310,0x00000000ff400000)
  to   space 160768K, 0% used [0x00000000eb280000,0x00000000eb280000,0x00000000f4f80000)
 ParOldGen       total 380928K, used 272814K [0x00000000a0000000, 0x00000000b7400000, 0x00000000e0000000)
  object space 380928K, 71% used [0x00000000a0000000,0x00000000b0a6bb88,0x00000000b7400000)
 Metaspace       used 104893K, capacity 110108K, committed 110312K, reserved 1144832K
  class space    used 13254K, capacity 14291K, committed 14352K, reserved 1048576K
}

