# JRE version: OpenJDK Runtime Environment (8.0_242-b01) (build 1.8.0_242-release-1644-b01)
# Java VM: OpenJDK 64-Bit Server VM (25.242-b01 mixed mode windows-amd64 compressed oops)
Heap:
 PSYoungGen      total 253952K, used 146584K [0x00000000e0000000, 0x00000000f4080000, 0x0000000100000000)
  eden space 190976K, 76% used [0x00000000e0000000,0x00000000e8f26090,0x00000000eba80000)
  from space 62976K, 0% used [0x00000000f0300000,0x00000000f0300000,0x00000000f4080000)
  to   space 68608K, 0% used [0x00000000eba80000,0x00000000eba80000,0x00000000efd80000)
 ParOldGen       total 390656K, used 84380K [0x00000000a0000000, 0x00000000b7d80000, 0x00000000e0000000)
  object space 390656K, 21% used [0x00000000a0000000,0x00000000a5267398,0x00000000b7d80000)
 Metaspace       used 131255K, capacity 140629K, committed 146708K, reserved 1177600K
  class space    used 16778K, capacity 18336K, committed 19072K, reserved 1048576K
GC Heap History (10 events):
Event: 3688.609 GC heap before
{Heap before GC invocations=79 (full 4):
 PSYoungGen      total 275456K, used 225599K [0x00000000e0000000, 0x00000000f5c00000, 0x0000000100000000)
  eden space 208896K, 100% used [0x00000000e0000000,0x00000000ecc00000,0x00000000ecc00000)
  from space 66560K, 25% used [0x00000000f1b00000,0x00000000f2b4fd30,0x00000000f5c00000)
  to   space 73728K, 0% used [0x00000000ecc00000,0x00000000ecc00000,0x00000000f1400000)
 ParOldGen       total 348672K, used 266090K [0x00000000a0000000, 0x00000000b5480000, 0x00000000e0000000)
  object space 348672K, 76% used [0x00000000a0000000,0x00000000b03dab30,0x00000000b5480000)
 Metaspace       used 135312K, capacity 145750K, committed 146008K, reserved 1175552K
  class space    used 17318K, capacity 18984K, committed 19072K, reserved 1048576K
Event: 3688.618 GC heap after
Heap after GC invocations=79 (full 4):
 PSYoungGen      total 212992K, used 8522K [0x00000000e0000000, 0x00000000f5680000, 0x0000000100000000)
  eden space 204288K, 0% used [0x00000000e0000000,0x00000000e0000000,0x00000000ec780000)
  from space 8704K, 97% used [0x00000000ecc00000,0x00000000ed4529f8,0x00000000ed480000)
  to   space 73216K, 0% used [0x00000000f0f00000,0x00000000f0f00000,0x00000000f5680000)
 ParOldGen       total 348672K, used 266194K [0x00000000a0000000, 0x00000000b5480000, 0x00000000e0000000)
  object space 348672K, 76% used [0x00000000a0000000,0x00000000b03f4b30,0x00000000b5480000)
 Metaspace       used 135312K, capacity 145750K, committed 146008K, reserved 1175552K
  class space    used 17318K, capacity 18984K, committed 19072K, reserved 1048576K
}
Event: 3690.124 GC heap before
{Heap before GC invocations=80 (full 4):
 PSYoungGen      total 212992K, used 212810K [0x00000000e0000000, 0x00000000f5680000, 0x0000000100000000)
  eden space 204288K, 100% used [0x00000000e0000000,0x00000000ec780000,0x00000000ec780000)
  from space 8704K, 97% used [0x00000000ecc00000,0x00000000ed4529f8,0x00000000ed480000)
  to   space 73216K, 0% used [0x00000000f0f00000,0x00000000f0f00000,0x00000000f5680000)
 ParOldGen       total 348672K, used 266194K [0x00000000a0000000, 0x00000000b5480000, 0x00000000e0000000)
  object space 348672K, 76% used [0x00000000a0000000,0x00000000b03f4b30,0x00000000b5480000)
 Metaspace       used 135658K, capacity 146204K, committed 146264K, reserved 1177600K
  class space    used 17362K, capacity 19039K, committed 19072K, reserved 1048576K
Event: 3690.137 GC heap after
Heap after GC invocations=80 (full 4):
 PSYoungGen      total 263168K, used 15803K [0x00000000e0000000, 0x00000000f4d00000, 0x0000000100000000)
  eden space 199680K, 0% used [0x00000000e0000000,0x00000000e0000000,0x00000000ec300000)
  from space 63488K, 24% used [0x00000000f0f00000,0x00000000f1e6ef00,0x00000000f4d00000)
  to   space 70656K, 0% used [0x00000000ec300000,0x00000000ec300000,0x00000000f0800000)
 ParOldGen       total 348672K, used 266386K [0x00000000a0000000, 0x00000000b5480000, 0x00000000e0000000)
  object space 348672K, 76% used [0x00000000a0000000,0x00000000b0424b30,0x00000000b5480000)
 Metaspace       used 135658K, capacity 146204K, committed 146264K, reserved 1177600K
  class space    used 17362K, capacity 19039K, committed 19072K, reserved 1048576K
}
Event: 3765.466 GC heap before
{Heap before GC invocations=81 (full 4):
 PSYoungGen      total 263168K, used 215481K [0x00000000e0000000, 0x00000000f4d00000, 0x0000000100000000)
  eden space 199680K, 99% used [0x00000000e0000000,0x00000000ec2ff868,0x00000000ec300000)
  from space 63488K, 24% used [0x00000000f0f00000,0x00000000f1e6ef00,0x00000000f4d00000)
  to   space 70656K, 0% used [0x00000000ec300000,0x00000000ec300000,0x00000000f0800000)
 ParOldGen       total 348672K, used 266386K [0x00000000a0000000, 0x00000000b5480000, 0x00000000e0000000)
  object space 348672K, 76% used [0x00000000a0000000,0x00000000b0424b30,0x00000000b5480000)
 Metaspace       used 135705K, capacity 146360K, committed 146520K, reserved 1177600K
  class space    used 17365K, capacity 19043K, committed 19072K, reserved 1048576K
Event: 3765.471 GC heap after
Heap after GC invocations=81 (full 4):
 PSYoungGen      total 198656K, used 3210K [0x00000000e0000000, 0x00000000f4780000, 0x0000000100000000)
  eden space 195072K, 0% used [0x00000000e0000000,0x00000000e0000000,0x00000000ebe80000)
  from space 3584K, 89% used [0x00000000ec300000,0x00000000ec6229e0,0x00000000ec680000)
  to   space 70144K, 0% used [0x00000000f0300000,0x00000000f0300000,0x00000000f4780000)
 ParOldGen       total 348672K, used 266482K [0x00000000a0000000, 0x00000000b5480000, 0x00000000e0000000)
  object space 348672K, 76% used [0x00000000a0000000,0x00000000b043cb30,0x00000000b5480000)
 Metaspace       used 135705K, capacity 146360K, committed 146520K, reserved 1177600K
  class space    used 17365K, capacity 19043K, committed 19072K, reserved 1048576K
}
Event: 3975.665 GC heap before
{Heap before GC invocations=82 (full 4):
 PSYoungGen      total 198656K, used 27479K [0x00000000e0000000, 0x00000000f4780000, 0x0000000100000000)
  eden space 195072K, 12% used [0x00000000e0000000,0x00000000e17b3448,0x00000000ebe80000)
  from space 3584K, 89% used [0x00000000ec300000,0x00000000ec6229e0,0x00000000ec680000)
  to   space 70144K, 0% used [0x00000000f0300000,0x00000000f0300000,0x00000000f4780000)
 ParOldGen       total 348672K, used 266482K [0x00000000a0000000, 0x00000000b5480000, 0x00000000e0000000)
  object space 348672K, 76% used [0x00000000a0000000,0x00000000b043cb30,0x00000000b5480000)
 Metaspace       used 135826K, capacity 146539K, committed 146708K, reserved 1177600K
  class space    used 17380K, capacity 19072K, committed 19072K, reserved 1048576K
Event: 3975.671 GC heap after
Heap after GC invocations=82 (full 4):
 PSYoungGen      total 253952K, used 3680K [0x00000000e0000000, 0x00000000f4080000, 0x0000000100000000)
  eden space 190976K, 0% used [0x00000000e0000000,0x00000000e0000000,0x00000000eba80000)
  from space 62976K, 5% used [0x00000000f0300000,0x00000000f0698000,0x00000000f4080000)
  to   space 68608K, 0% used [0x00000000eba80000,0x00000000eba80000,0x00000000efd80000)
 ParOldGen       total 348672K, used 266586K [0x00000000a0000000, 0x00000000b5480000, 0x00000000e0000000)
  object space 348672K, 76% used [0x00000000a0000000,0x00000000b0456b30,0x00000000b5480000)
 Metaspace       used 135826K, capacity 146539K, committed 146708K, reserved 1177600K
  class space    used 17380K, capacity 19072K, committed 19072K, reserved 1048576K
}
Event: 3975.671 GC heap before
{Heap before GC invocations=83 (full 5):
 PSYoungGen      total 253952K, used 3680K [0x00000000e0000000, 0x00000000f4080000, 0x0000000100000000)
  eden space 190976K, 0% used [0x00000000e0000000,0x00000000e0000000,0x00000000eba80000)
  from space 62976K, 5% used [0x00000000f0300000,0x00000000f0698000,0x00000000f4080000)
  to   space 68608K, 0% used [0x00000000eba80000,0x00000000eba80000,0x00000000efd80000)
 ParOldGen       total 348672K, used 266586K [0x00000000a0000000, 0x00000000b5480000, 0x00000000e0000000)
  object space 348672K, 76% used [0x00000000a0000000,0x00000000b0456b30,0x00000000b5480000)
 Metaspace       used 135826K, capacity 146539K, committed 146708K, reserved 1177600K
  class space    used 17380K, capacity 19072K, committed 19072K, reserved 1048576K
Event: 3976.058 GC heap after
Heap after GC invocations=83 (full 5):
 PSYoungGen      total 253952K, used 0K [0x00000000e0000000, 0x00000000f4080000, 0x0000000100000000)
  eden space 190976K, 0% used [0x00000000e0000000,0x00000000e0000000,0x00000000eba80000)
  from space 62976K, 0% used [0x00000000f0300000,0x00000000f0300000,0x00000000f4080000)
  to   space 68608K, 0% used [0x00000000eba80000,0x00000000eba80000,0x00000000efd80000)
 ParOldGen       total 390656K, used 84380K [0x00000000a0000000, 0x00000000b7d80000, 0x00000000e0000000)
  object space 390656K, 21% used [0x00000000a0000000,0x00000000a5267398,0x00000000b7d80000)
 Metaspace       used 130713K, capacity 139741K, committed 146708K, reserved 1177600K
  class space    used 16698K, capacity 18175K, committed 19072K, reserved 1048576K
}

