# JRE version: OpenJDK Runtime Environment (11.0.8+10) (build 11.0.8+10-b944.6842174)
# Java VM: OpenJDK 64-Bit Server VM (11.0.8+10-b944.6842174, mixed mode, tiered, compressed oops, parallel gc, windows-amd64)
Heap:
 PSYoungGen      total 258560K, used 142792K [0x00000000e0000000, 0x00000000f1300000, 0x0000000100000000)
  eden space 238592K, 59% used [0x00000000e0000000,0x00000000e8b72200,0x00000000ee900000)
  from space 19968K, 0% used [0x00000000efd80000,0x00000000efd80000,0x00000000f1100000)
  to   space 20992K, 0% used [0x00000000ee900000,0x00000000ee900000,0x00000000efd80000)
 ParOldGen       total 173568K, used 91861K [0x00000000a0000000, 0x00000000aa980000, 0x00000000e0000000)
  object space 173568K, 52% used [0x00000000a0000000,0x00000000a59b56b0,0x00000000aa980000)
 Metaspace       used 104385K, capacity 107187K, committed 107412K, reserved 1142784K
  class space    used 13456K, capacity 14547K, committed 14592K, reserved 1048576K
GC Heap History (20 events):
Event: 5.273 GC heap before
{Heap before GC invocations=11 (full 2):
 PSYoungGen      total 77312K, used 33256K [0x00000000e0000000, 0x00000000ea300000, 0x0000000100000000)
  eden space 57856K, 23% used [0x00000000e0000000,0x00000000e0d81358,0x00000000e3880000)
  from space 19456K, 99% used [0x00000000e4e80000,0x00000000e6178cd0,0x00000000e6180000)
  to   space 22528K, 0% used [0x00000000e3880000,0x00000000e3880000,0x00000000e4e80000)
 ParOldGen       total 173568K, used 21942K [0x00000000a0000000, 0x00000000aa980000, 0x00000000e0000000)
  object space 173568K, 12% used [0x00000000a0000000,0x00000000a156dac0,0x00000000aa980000)
 Metaspace       used 57443K, capacity 58864K, committed 59028K, reserved 1099776K
  class space    used 7327K, capacity 7876K, committed 7936K, reserved 1048576K
}
Event: 5.283 GC heap after
{Heap after GC invocations=11 (full 2):
 PSYoungGen      total 80384K, used 14314K [0x00000000e0000000, 0x00000000ea400000, 0x0000000100000000)
  eden space 57856K, 0% used [0x00000000e0000000,0x00000000e0000000,0x00000000e3880000)
  from space 22528K, 63% used [0x00000000e3880000,0x00000000e467a908,0x00000000e4e80000)
  to   space 23040K, 0% used [0x00000000e8d80000,0x00000000e8d80000,0x00000000ea400000)
 ParOldGen       total 173568K, used 27974K [0x00000000a0000000, 0x00000000aa980000, 0x00000000e0000000)
  object space 173568K, 16% used [0x00000000a0000000,0x00000000a1b518d0,0x00000000aa980000)
 Metaspace       used 57443K, capacity 58864K, committed 59028K, reserved 1099776K
  class space    used 7327K, capacity 7876K, committed 7936K, reserved 1048576K
}
Event: 5.283 GC heap before
{Heap before GC invocations=12 (full 3):
 PSYoungGen      total 80384K, used 14314K [0x00000000e0000000, 0x00000000ea400000, 0x0000000100000000)
  eden space 57856K, 0% used [0x00000000e0000000,0x00000000e0000000,0x00000000e3880000)
  from space 22528K, 63% used [0x00000000e3880000,0x00000000e467a908,0x00000000e4e80000)
  to   space 23040K, 0% used [0x00000000e8d80000,0x00000000e8d80000,0x00000000ea400000)
 ParOldGen       total 173568K, used 27974K [0x00000000a0000000, 0x00000000aa980000, 0x00000000e0000000)
  object space 173568K, 16% used [0x00000000a0000000,0x00000000a1b518d0,0x00000000aa980000)
 Metaspace       used 57443K, capacity 58864K, committed 59028K, reserved 1099776K
  class space    used 7327K, capacity 7876K, committed 7936K, reserved 1048576K
}
Event: 5.462 GC heap after
{Heap after GC invocations=12 (full 3):
 PSYoungGen      total 80384K, used 0K [0x00000000e0000000, 0x00000000ea400000, 0x0000000100000000)
  eden space 57856K, 0% used [0x00000000e0000000,0x00000000e0000000,0x00000000e3880000)
  from space 22528K, 0% used [0x00000000e3880000,0x00000000e3880000,0x00000000e4e80000)
  to   space 23040K, 0% used [0x00000000e8d80000,0x00000000e8d80000,0x00000000ea400000)
 ParOldGen       total 173568K, used 41566K [0x00000000a0000000, 0x00000000aa980000, 0x00000000e0000000)
  object space 173568K, 23% used [0x00000000a0000000,0x00000000a2897a60,0x00000000aa980000)
 Metaspace       used 57395K, capacity 58783K, committed 59028K, reserved 1099776K
  class space    used 7312K, capacity 7849K, committed 7936K, reserved 1048576K
}
Event: 5.859 GC heap before
{Heap before GC invocations=13 (full 3):
 PSYoungGen      total 80384K, used 57856K [0x00000000e0000000, 0x00000000ea400000, 0x0000000100000000)
  eden space 57856K, 100% used [0x00000000e0000000,0x00000000e3880000,0x00000000e3880000)
  from space 22528K, 0% used [0x00000000e3880000,0x00000000e3880000,0x00000000e4e80000)
  to   space 23040K, 0% used [0x00000000e8d80000,0x00000000e8d80000,0x00000000ea400000)
 ParOldGen       total 173568K, used 41566K [0x00000000a0000000, 0x00000000aa980000, 0x00000000e0000000)
  object space 173568K, 23% used [0x00000000a0000000,0x00000000a2897a60,0x00000000aa980000)
 Metaspace       used 60449K, capacity 61980K, committed 62228K, reserved 1103872K
  class space    used 7685K, capacity 8266K, committed 8320K, reserved 1048576K
}
Event: 5.865 GC heap after
{Heap after GC invocations=13 (full 3):
 PSYoungGen      total 97792K, used 4960K [0x00000000e0000000, 0x00000000e9280000, 0x0000000100000000)
  eden space 92672K, 0% used [0x00000000e0000000,0x00000000e0000000,0x00000000e5a80000)
  from space 5120K, 96% used [0x00000000e8d80000,0x00000000e9258000,0x00000000e9280000)
  to   space 22528K, 0% used [0x00000000e6680000,0x00000000e6680000,0x00000000e7c80000)
 ParOldGen       total 173568K, used 41574K [0x00000000a0000000, 0x00000000aa980000, 0x00000000e0000000)
  object space 173568K, 23% used [0x00000000a0000000,0x00000000a2899a60,0x00000000aa980000)
 Metaspace       used 60449K, capacity 61980K, committed 62228K, reserved 1103872K
  class space    used 7685K, capacity 8266K, committed 8320K, reserved 1048576K
}
Event: 6.714 GC heap before
{Heap before GC invocations=14 (full 3):
 PSYoungGen      total 97792K, used 97632K [0x00000000e0000000, 0x00000000e9280000, 0x0000000100000000)
  eden space 92672K, 100% used [0x00000000e0000000,0x00000000e5a80000,0x00000000e5a80000)
  from space 5120K, 96% used [0x00000000e8d80000,0x00000000e9258000,0x00000000e9280000)
  to   space 22528K, 0% used [0x00000000e6680000,0x00000000e6680000,0x00000000e7c80000)
 ParOldGen       total 173568K, used 41574K [0x00000000a0000000, 0x00000000aa980000, 0x00000000e0000000)
  object space 173568K, 23% used [0x00000000a0000000,0x00000000a2899a60,0x00000000aa980000)
 Metaspace       used 68639K, capacity 70338K, committed 70548K, reserved 1110016K
  class space    used 9021K, capacity 9652K, committed 9728K, reserved 1048576K
}
Event: 6.723 GC heap after
{Heap after GC invocations=14 (full 3):
 PSYoungGen      total 127488K, used 5844K [0x00000000e0000000, 0x00000000ebc00000, 0x0000000100000000)
  eden space 104960K, 0% used [0x00000000e0000000,0x00000000e0000000,0x00000000e6680000)
  from space 22528K, 25% used [0x00000000e6680000,0x00000000e6c35030,0x00000000e7c80000)
  to   space 22016K, 0% used [0x00000000ea680000,0x00000000ea680000,0x00000000ebc00000)
 ParOldGen       total 173568K, used 46406K [0x00000000a0000000, 0x00000000aa980000, 0x00000000e0000000)
  object space 173568K, 26% used [0x00000000a0000000,0x00000000a2d51a90,0x00000000aa980000)
 Metaspace       used 68639K, capacity 70338K, committed 70548K, reserved 1110016K
  class space    used 9021K, capacity 9652K, committed 9728K, reserved 1048576K
}
Event: 7.774 GC heap before
{Heap before GC invocations=15 (full 3):
 PSYoungGen      total 127488K, used 110804K [0x00000000e0000000, 0x00000000ebc00000, 0x0000000100000000)
  eden space 104960K, 100% used [0x00000000e0000000,0x00000000e6680000,0x00000000e6680000)
  from space 22528K, 25% used [0x00000000e6680000,0x00000000e6c35030,0x00000000e7c80000)
  to   space 22016K, 0% used [0x00000000ea680000,0x00000000ea680000,0x00000000ebc00000)
 ParOldGen       total 173568K, used 46406K [0x00000000a0000000, 0x00000000aa980000, 0x00000000e0000000)
  object space 173568K, 26% used [0x00000000a0000000,0x00000000a2d51a90,0x00000000aa980000)
 Metaspace       used 76268K, capacity 78218K, committed 78484K, reserved 1118208K
  class space    used 9959K, capacity 10691K, committed 10752K, reserved 1048576K
}
Event: 7.784 GC heap after
{Heap after GC invocations=15 (full 3):
 PSYoungGen      total 171520K, used 8968K [0x00000000e0000000, 0x00000000ecd00000, 0x0000000100000000)
  eden space 149504K, 0% used [0x00000000e0000000,0x00000000e0000000,0x00000000e9200000)
  from space 22016K, 40% used [0x00000000ea680000,0x00000000eaf42280,0x00000000ebc00000)
  to   space 20992K, 0% used [0x00000000e9200000,0x00000000e9200000,0x00000000ea680000)
 ParOldGen       total 173568K, used 52206K [0x00000000a0000000, 0x00000000aa980000, 0x00000000e0000000)
  object space 173568K, 30% used [0x00000000a0000000,0x00000000a32fbb40,0x00000000aa980000)
 Metaspace       used 76268K, capacity 78218K, committed 78484K, reserved 1118208K
  class space    used 9959K, capacity 10691K, committed 10752K, reserved 1048576K
}
Event: 8.669 GC heap before
{Heap before GC invocations=16 (full 3):
 PSYoungGen      total 171520K, used 158472K [0x00000000e0000000, 0x00000000ecd00000, 0x0000000100000000)
  eden space 149504K, 100% used [0x00000000e0000000,0x00000000e9200000,0x00000000e9200000)
  from space 22016K, 40% used [0x00000000ea680000,0x00000000eaf42280,0x00000000ebc00000)
  to   space 20992K, 0% used [0x00000000e9200000,0x00000000e9200000,0x00000000ea680000)
 ParOldGen       total 173568K, used 52206K [0x00000000a0000000, 0x00000000aa980000, 0x00000000e0000000)
  object space 173568K, 30% used [0x00000000a0000000,0x00000000a32fbb40,0x00000000aa980000)
 Metaspace       used 77025K, capacity 79024K, committed 79252K, reserved 1118208K
  class space    used 9978K, capacity 10711K, committed 10752K, reserved 1048576K
}
Event: 8.682 GC heap after
{Heap after GC invocations=16 (full 3):
 PSYoungGen      total 170496K, used 10054K [0x00000000e0000000, 0x00000000f1100000, 0x0000000100000000)
  eden space 149504K, 0% used [0x00000000e0000000,0x00000000e0000000,0x00000000e9200000)
  from space 20992K, 47% used [0x00000000e9200000,0x00000000e9bd1980,0x00000000ea680000)
  to   space 19968K, 0% used [0x00000000efd80000,0x00000000efd80000,0x00000000f1100000)
 ParOldGen       total 173568K, used 59195K [0x00000000a0000000, 0x00000000aa980000, 0x00000000e0000000)
  object space 173568K, 34% used [0x00000000a0000000,0x00000000a39ceda0,0x00000000aa980000)
 Metaspace       used 77025K, capacity 79024K, committed 79252K, reserved 1118208K
  class space    used 9978K, capacity 10711K, committed 10752K, reserved 1048576K
}
Event: 9.380 GC heap before
{Heap before GC invocations=17 (full 3):
 PSYoungGen      total 170496K, used 159558K [0x00000000e0000000, 0x00000000f1100000, 0x0000000100000000)
  eden space 149504K, 100% used [0x00000000e0000000,0x00000000e9200000,0x00000000e9200000)
  from space 20992K, 47% used [0x00000000e9200000,0x00000000e9bd1980,0x00000000ea680000)
  to   space 19968K, 0% used [0x00000000efd80000,0x00000000efd80000,0x00000000f1100000)
 ParOldGen       total 173568K, used 59195K [0x00000000a0000000, 0x00000000aa980000, 0x00000000e0000000)
  object space 173568K, 34% used [0x00000000a0000000,0x00000000a39ceda0,0x00000000aa980000)
 Metaspace       used 78431K, capacity 80487K, committed 80788K, reserved 1120256K
  class space    used 10161K, capacity 10917K, committed 11008K, reserved 1048576K
}
Event: 9.395 GC heap after
{Heap after GC invocations=17 (full 3):
 PSYoungGen      total 258560K, used 15184K [0x00000000e0000000, 0x00000000f1300000, 0x0000000100000000)
  eden space 238592K, 0% used [0x00000000e0000000,0x00000000e0000000,0x00000000ee900000)
  from space 19968K, 76% used [0x00000000efd80000,0x00000000f0c54058,0x00000000f1100000)
  to   space 20992K, 0% used [0x00000000ee900000,0x00000000ee900000,0x00000000efd80000)
 ParOldGen       total 173568K, used 67053K [0x00000000a0000000, 0x00000000aa980000, 0x00000000e0000000)
  object space 173568K, 38% used [0x00000000a0000000,0x00000000a417b498,0x00000000aa980000)
 Metaspace       used 78431K, capacity 80487K, committed 80788K, reserved 1120256K
  class space    used 10161K, capacity 10917K, committed 11008K, reserved 1048576K
}
Event: 12.993 GC heap before
{Heap before GC invocations=18 (full 3):
 PSYoungGen      total 258560K, used 253776K [0x00000000e0000000, 0x00000000f1300000, 0x0000000100000000)
  eden space 238592K, 100% used [0x00000000e0000000,0x00000000ee900000,0x00000000ee900000)
  from space 19968K, 76% used [0x00000000efd80000,0x00000000f0c54058,0x00000000f1100000)
  to   space 20992K, 0% used [0x00000000ee900000,0x00000000ee900000,0x00000000efd80000)
 ParOldGen       total 173568K, used 67053K [0x00000000a0000000, 0x00000000aa980000, 0x00000000e0000000)
  object space 173568K, 38% used [0x00000000a0000000,0x00000000a417b498,0x00000000aa980000)
 Metaspace       used 89213K, capacity 91636K, committed 91924K, reserved 1128448K
  class space    used 11368K, capacity 12295K, committed 12416K, reserved 1048576K
}
Event: 13.023 GC heap after
{Heap after GC invocations=18 (full 3):
 PSYoungGen      total 259584K, used 13140K [0x00000000e0000000, 0x00000000f1300000, 0x0000000100000000)
  eden space 238592K, 0% used [0x00000000e0000000,0x00000000e0000000,0x00000000ee900000)
  from space 20992K, 62% used [0x00000000ee900000,0x00000000ef5d5040,0x00000000efd80000)
  to   space 19968K, 0% used [0x00000000efd80000,0x00000000efd80000,0x00000000f1100000)
 ParOldGen       total 173568K, used 80742K [0x00000000a0000000, 0x00000000aa980000, 0x00000000e0000000)
  object space 173568K, 46% used [0x00000000a0000000,0x00000000a4ed9830,0x00000000aa980000)
 Metaspace       used 89213K, capacity 91636K, committed 91924K, reserved 1128448K
  class space    used 11368K, capacity 12295K, committed 12416K, reserved 1048576K
}
Event: 14.057 GC heap before
{Heap before GC invocations=19 (full 3):
 PSYoungGen      total 259584K, used 178011K [0x00000000e0000000, 0x00000000f1300000, 0x0000000100000000)
  eden space 238592K, 69% used [0x00000000e0000000,0x00000000ea101c20,0x00000000ee900000)
  from space 20992K, 62% used [0x00000000ee900000,0x00000000ef5d5040,0x00000000efd80000)
  to   space 19968K, 0% used [0x00000000efd80000,0x00000000efd80000,0x00000000f1100000)
 ParOldGen       total 173568K, used 80742K [0x00000000a0000000, 0x00000000aa980000, 0x00000000e0000000)
  object space 173568K, 46% used [0x00000000a0000000,0x00000000a4ed9830,0x00000000aa980000)
 Metaspace       used 95614K, capacity 98162K, committed 98324K, reserved 1134592K
  class space    used 12307K, capacity 13327K, committed 13440K, reserved 1048576K
}
Event: 14.071 GC heap after
{Heap after GC invocations=19 (full 3):
 PSYoungGen      total 258560K, used 7167K [0x00000000e0000000, 0x00000000f1300000, 0x0000000100000000)
  eden space 238592K, 0% used [0x00000000e0000000,0x00000000e0000000,0x00000000ee900000)
  from space 19968K, 35% used [0x00000000efd80000,0x00000000f047fc00,0x00000000f1100000)
  to   space 20992K, 0% used [0x00000000ee900000,0x00000000ee900000,0x00000000efd80000)
 ParOldGen       total 173568K, used 89448K [0x00000000a0000000, 0x00000000aa980000, 0x00000000e0000000)
  object space 173568K, 51% used [0x00000000a0000000,0x00000000a575a2c8,0x00000000aa980000)
 Metaspace       used 95614K, capacity 98162K, committed 98324K, reserved 1134592K
  class space    used 12307K, capacity 13327K, committed 13440K, reserved 1048576K
}
Event: 14.071 GC heap before
{Heap before GC invocations=20 (full 4):
 PSYoungGen      total 258560K, used 7167K [0x00000000e0000000, 0x00000000f1300000, 0x0000000100000000)
  eden space 238592K, 0% used [0x00000000e0000000,0x00000000e0000000,0x00000000ee900000)
  from space 19968K, 35% used [0x00000000efd80000,0x00000000f047fc00,0x00000000f1100000)
  to   space 20992K, 0% used [0x00000000ee900000,0x00000000ee900000,0x00000000efd80000)
 ParOldGen       total 173568K, used 89448K [0x00000000a0000000, 0x00000000aa980000, 0x00000000e0000000)
  object space 173568K, 51% used [0x00000000a0000000,0x00000000a575a2c8,0x00000000aa980000)
 Metaspace       used 95614K, capacity 98162K, committed 98324K, reserved 1134592K
  class space    used 12307K, capacity 13327K, committed 13440K, reserved 1048576K
}
Event: 14.322 GC heap after
{Heap after GC invocations=20 (full 4):
 PSYoungGen      total 258560K, used 0K [0x00000000e0000000, 0x00000000f1300000, 0x0000000100000000)
  eden space 238592K, 0% used [0x00000000e0000000,0x00000000e0000000,0x00000000ee900000)
  from space 19968K, 0% used [0x00000000efd80000,0x00000000efd80000,0x00000000f1100000)
  to   space 20992K, 0% used [0x00000000ee900000,0x00000000ee900000,0x00000000efd80000)
 ParOldGen       total 173568K, used 91861K [0x00000000a0000000, 0x00000000aa980000, 0x00000000e0000000)
  object space 173568K, 52% used [0x00000000a0000000,0x00000000a59b56b0,0x00000000aa980000)
 Metaspace       used 95119K, capacity 97524K, committed 98324K, reserved 1134592K
  class space    used 12221K, capacity 13175K, committed 13440K, reserved 1048576K
}

