# JRE version: OpenJDK Runtime Environment (8.0_242-b01) (build 1.8.0_242-release-1644-b01)
# Java VM: OpenJDK 64-Bit Server VM (25.242-b01 mixed mode windows-amd64 compressed oops)
Heap:
 PSYoungGen      total 290816K, used 165121K [0x00000000e0000000, 0x00000000f4800000, 0x0000000100000000)
  eden space 247808K, 56% used [0x00000000e0000000,0x00000000e89998e8,0x00000000ef200000)
  from space 43008K, 56% used [0x00000000f1e00000,0x00000000f35a6d20,0x00000000f4800000)
  to   space 44032K, 0% used [0x00000000ef200000,0x00000000ef200000,0x00000000f1d00000)
 ParOldGen       total 228352K, used 99254K [0x00000000a0000000, 0x00000000adf00000, 0x00000000e0000000)
  object space 228352K, 43% used [0x00000000a0000000,0x00000000a60edad0,0x00000000adf00000)
 Metaspace       used 87388K, capacity 92196K, committed 92376K, reserved 1128448K
  class space    used 11798K, capacity 12683K, committed 12800K, reserved 1048576K
GC Heap History (10 events):
Event: 7.941 GC heap before
{Heap before GC invocations=13 (full 3):
 PSYoungGen      total 207360K, used 17401K [0x00000000e0000000, 0x00000000eff00000, 0x0000000100000000)
  eden space 189952K, 0% used [0x00000000e0000000,0x00000000e0000000,0x00000000eb980000)
  from space 17408K, 99% used [0x00000000ece00000,0x00000000edefe610,0x00000000edf00000)
  to   space 20992K, 0% used [0x00000000eb980000,0x00000000eb980000,0x00000000ece00000)
 ParOldGen       total 144896K, used 31575K [0x00000000a0000000, 0x00000000a8d80000, 0x00000000e0000000)
  object space 144896K, 21% used [0x00000000a0000000,0x00000000a1ed5fc8,0x00000000a8d80000)
 Metaspace       used 56416K, capacity 58872K, committed 58968K, reserved 1099776K
  class space    used 7701K, capacity 8230K, committed 8320K, reserved 1048576K
Event: 8.250 GC heap after
Heap after GC invocations=13 (full 3):
 PSYoungGen      total 207360K, used 0K [0x00000000e0000000, 0x00000000eff00000, 0x0000000100000000)
  eden space 189952K, 0% used [0x00000000e0000000,0x00000000e0000000,0x00000000eb980000)
  from space 17408K, 0% used [0x00000000ece00000,0x00000000ece00000,0x00000000edf00000)
  to   space 20992K, 0% used [0x00000000eb980000,0x00000000eb980000,0x00000000ece00000)
 ParOldGen       total 228352K, used 37346K [0x00000000a0000000, 0x00000000adf00000, 0x00000000e0000000)
  object space 228352K, 16% used [0x00000000a0000000,0x00000000a24789d0,0x00000000adf00000)
 Metaspace       used 56377K, capacity 58740K, committed 58968K, reserved 1099776K
  class space    used 7689K, capacity 8208K, committed 8320K, reserved 1048576K
}
Event: 10.758 GC heap before
{Heap before GC invocations=14 (full 3):
 PSYoungGen      total 207360K, used 189952K [0x00000000e0000000, 0x00000000eff00000, 0x0000000100000000)
  eden space 189952K, 100% used [0x00000000e0000000,0x00000000eb980000,0x00000000eb980000)
  from space 17408K, 0% used [0x00000000ece00000,0x00000000ece00000,0x00000000edf00000)
  to   space 20992K, 0% used [0x00000000eb980000,0x00000000eb980000,0x00000000ece00000)
 ParOldGen       total 228352K, used 37346K [0x00000000a0000000, 0x00000000adf00000, 0x00000000e0000000)
  object space 228352K, 16% used [0x00000000a0000000,0x00000000a24789d0,0x00000000adf00000)
 Metaspace       used 63631K, capacity 66632K, committed 66648K, reserved 1105920K
  class space    used 8756K, capacity 9340K, committed 9344K, reserved 1048576K
Event: 10.777 GC heap after
Heap after GC invocations=14 (full 3):
 PSYoungGen      total 210944K, used 16909K [0x00000000e0000000, 0x00000000f0200000, 0x0000000100000000)
  eden space 189952K, 0% used [0x00000000e0000000,0x00000000e0000000,0x00000000eb980000)
  from space 20992K, 80% used [0x00000000eb980000,0x00000000eca03440,0x00000000ece00000)
  to   space 22016K, 0% used [0x00000000eec80000,0x00000000eec80000,0x00000000f0200000)
 ParOldGen       total 228352K, used 37354K [0x00000000a0000000, 0x00000000adf00000, 0x00000000e0000000)
  object space 228352K, 16% used [0x00000000a0000000,0x00000000a247a9d0,0x00000000adf00000)
 Metaspace       used 63631K, capacity 66632K, committed 66648K, reserved 1105920K
  class space    used 8756K, capacity 9340K, committed 9344K, reserved 1048576K
}
Event: 12.389 GC heap before
{Heap before GC invocations=15 (full 3):
 PSYoungGen      total 210944K, used 206861K [0x00000000e0000000, 0x00000000f0200000, 0x0000000100000000)
  eden space 189952K, 100% used [0x00000000e0000000,0x00000000eb980000,0x00000000eb980000)
  from space 20992K, 80% used [0x00000000eb980000,0x00000000eca03440,0x00000000ece00000)
  to   space 22016K, 0% used [0x00000000eec80000,0x00000000eec80000,0x00000000f0200000)
 ParOldGen       total 228352K, used 37354K [0x00000000a0000000, 0x00000000adf00000, 0x00000000e0000000)
  object space 228352K, 16% used [0x00000000a0000000,0x00000000a247a9d0,0x00000000adf00000)
 Metaspace       used 65407K, capacity 68666K, committed 68824K, reserved 1107968K
  class space    used 8975K, capacity 9617K, committed 9728K, reserved 1048576K
Event: 12.415 GC heap after
Heap after GC invocations=15 (full 3):
 PSYoungGen      total 236544K, used 21990K [0x00000000e0000000, 0x00000000f0d80000, 0x0000000100000000)
  eden space 214528K, 0% used [0x00000000e0000000,0x00000000e0000000,0x00000000ed180000)
  from space 22016K, 99% used [0x00000000eec80000,0x00000000f01f98f8,0x00000000f0200000)
  to   space 27648K, 0% used [0x00000000ed180000,0x00000000ed180000,0x00000000eec80000)
 ParOldGen       total 228352K, used 44890K [0x00000000a0000000, 0x00000000adf00000, 0x00000000e0000000)
  object space 228352K, 19% used [0x00000000a0000000,0x00000000a2bd6810,0x00000000adf00000)
 Metaspace       used 65407K, capacity 68666K, committed 68824K, reserved 1107968K
  class space    used 8975K, capacity 9617K, committed 9728K, reserved 1048576K
}
Event: 16.820 GC heap before
{Heap before GC invocations=16 (full 3):
 PSYoungGen      total 236544K, used 236518K [0x00000000e0000000, 0x00000000f0d80000, 0x0000000100000000)
  eden space 214528K, 100% used [0x00000000e0000000,0x00000000ed180000,0x00000000ed180000)
  from space 22016K, 99% used [0x00000000eec80000,0x00000000f01f98f8,0x00000000f0200000)
  to   space 27648K, 0% used [0x00000000ed180000,0x00000000ed180000,0x00000000eec80000)
 ParOldGen       total 228352K, used 44890K [0x00000000a0000000, 0x00000000adf00000, 0x00000000e0000000)
  object space 228352K, 19% used [0x00000000a0000000,0x00000000a2bd6810,0x00000000adf00000)
 Metaspace       used 72216K, capacity 75614K, committed 75864K, reserved 1114112K
  class space    used 9666K, capacity 10324K, committed 10368K, reserved 1048576K
Event: 16.879 GC heap after
Heap after GC invocations=16 (full 3):
 PSYoungGen      total 242176K, used 27644K [0x00000000e0000000, 0x00000000f4900000, 0x0000000100000000)
  eden space 214528K, 0% used [0x00000000e0000000,0x00000000e0000000,0x00000000ed180000)
  from space 27648K, 99% used [0x00000000ed180000,0x00000000eec7f038,0x00000000eec80000)
  to   space 44032K, 0% used [0x00000000f1e00000,0x00000000f1e00000,0x00000000f4900000)
 ParOldGen       total 228352K, used 79605K [0x00000000a0000000, 0x00000000adf00000, 0x00000000e0000000)
  object space 228352K, 34% used [0x00000000a0000000,0x00000000a4dbd788,0x00000000adf00000)
 Metaspace       used 72216K, capacity 75614K, committed 75864K, reserved 1114112K
  class space    used 9666K, capacity 10324K, committed 10368K, reserved 1048576K
}
Event: 20.471 GC heap before
{Heap before GC invocations=17 (full 3):
 PSYoungGen      total 242176K, used 242065K [0x00000000e0000000, 0x00000000f4900000, 0x0000000100000000)
  eden space 214528K, 99% used [0x00000000e0000000,0x00000000ed165480,0x00000000ed180000)
  from space 27648K, 99% used [0x00000000ed180000,0x00000000eec7f038,0x00000000eec80000)
  to   space 44032K, 0% used [0x00000000f1e00000,0x00000000f1e00000,0x00000000f4900000)
 ParOldGen       total 228352K, used 79605K [0x00000000a0000000, 0x00000000adf00000, 0x00000000e0000000)
  object space 228352K, 34% used [0x00000000a0000000,0x00000000a4dbd788,0x00000000adf00000)
 Metaspace       used 81226K, capacity 85698K, committed 85848K, reserved 1124352K
  class space    used 11051K, capacity 11892K, committed 11904K, reserved 1048576K
Event: 20.515 GC heap after
Heap after GC invocations=17 (full 3):
 PSYoungGen      total 290816K, used 24219K [0x00000000e0000000, 0x00000000f4800000, 0x0000000100000000)
  eden space 247808K, 0% used [0x00000000e0000000,0x00000000e0000000,0x00000000ef200000)
  from space 43008K, 56% used [0x00000000f1e00000,0x00000000f35a6d20,0x00000000f4800000)
  to   space 44032K, 0% used [0x00000000ef200000,0x00000000ef200000,0x00000000f1d00000)
 ParOldGen       total 228352K, used 99254K [0x00000000a0000000, 0x00000000adf00000, 0x00000000e0000000)
  object space 228352K, 43% used [0x00000000a0000000,0x00000000a60edad0,0x00000000adf00000)
 Metaspace       used 81226K, capacity 85698K, committed 85848K, reserved 1124352K
  class space    used 11051K, capacity 11892K, committed 11904K, reserved 1048576K
}

