# JRE version: OpenJDK Runtime Environment (8.0_242-b01) (build 1.8.0_242-release-1644-b01)
# Java VM: OpenJDK 64-Bit Server VM (25.242-b01 mixed mode windows-amd64 compressed oops)
Heap:
 PSYoungGen      total 246784K, used 151827K [0x00000000e0000000, 0x00000000f1100000, 0x0000000100000000)
  eden space 223744K, 57% used [0x00000000e0000000,0x00000000e7dc54a8,0x00000000eda80000)
  from space 23040K, 99% used [0x00000000ef480000,0x00000000f0aff9e8,0x00000000f0b00000)
  to   space 26624K, 0% used [0x00000000eda80000,0x00000000eda80000,0x00000000ef480000)
 ParOldGen       total 146432K, used 48732K [0x00000000a0000000, 0x00000000a8f00000, 0x00000000e0000000)
  object space 146432K, 33% used [0x00000000a0000000,0x00000000a2f97058,0x00000000a8f00000)
 Metaspace       used 70190K, capacity 73550K, committed 73768K, reserved 1112064K
  class space    used 9555K, capacity 10244K, committed 10288K, reserved 1048576K
GC Heap History (10 events):
Event: 6.223 GC heap before
{Heap before GC invocations=11 (full 2):
 PSYoungGen      total 164352K, used 164237K [0x00000000e0000000, 0x00000000ec380000, 0x0000000100000000)
  eden space 154624K, 100% used [0x00000000e0000000,0x00000000e9700000,0x00000000e9700000)
  from space 9728K, 98% used [0x00000000eba00000,0x00000000ec363470,0x00000000ec380000)
  to   space 11776K, 0% used [0x00000000eac80000,0x00000000eac80000,0x00000000eb800000)
 ParOldGen       total 146432K, used 14885K [0x00000000a0000000, 0x00000000a8f00000, 0x00000000e0000000)
  object space 146432K, 10% used [0x00000000a0000000,0x00000000a0e89570,0x00000000a8f00000)
 Metaspace       used 51003K, capacity 53086K, committed 53160K, reserved 1095680K
  class space    used 6829K, capacity 7315K, committed 7344K, reserved 1048576K
Event: 6.240 GC heap after
Heap after GC invocations=11 (full 2):
 PSYoungGen      total 188416K, used 11764K [0x00000000e0000000, 0x00000000ee380000, 0x0000000100000000)
  eden space 176640K, 0% used [0x00000000e0000000,0x00000000e0000000,0x00000000eac80000)
  from space 11776K, 99% used [0x00000000eac80000,0x00000000eb7fd300,0x00000000eb800000)
  to   space 18432K, 0% used [0x00000000ed180000,0x00000000ed180000,0x00000000ee380000)
 ParOldGen       total 146432K, used 28754K [0x00000000a0000000, 0x00000000a8f00000, 0x00000000e0000000)
  object space 146432K, 19% used [0x00000000a0000000,0x00000000a1c14a68,0x00000000a8f00000)
 Metaspace       used 51003K, capacity 53086K, committed 53160K, reserved 1095680K
  class space    used 6829K, capacity 7315K, committed 7344K, reserved 1048576K
}
Event: 6.960 GC heap before
{Heap before GC invocations=12 (full 2):
 PSYoungGen      total 188416K, used 95141K [0x00000000e0000000, 0x00000000ee380000, 0x0000000100000000)
  eden space 176640K, 47% used [0x00000000e0000000,0x00000000e516c410,0x00000000eac80000)
  from space 11776K, 99% used [0x00000000eac80000,0x00000000eb7fd300,0x00000000eb800000)
  to   space 18432K, 0% used [0x00000000ed180000,0x00000000ed180000,0x00000000ee380000)
 ParOldGen       total 146432K, used 28754K [0x00000000a0000000, 0x00000000a8f00000, 0x00000000e0000000)
  object space 146432K, 19% used [0x00000000a0000000,0x00000000a1c14a68,0x00000000a8f00000)
 Metaspace       used 56590K, capacity 59086K, committed 59160K, reserved 1099776K
  class space    used 7737K, capacity 8297K, committed 8368K, reserved 1048576K
Event: 6.975 GC heap after
Heap after GC invocations=12 (full 2):
 PSYoungGen      total 211456K, used 18406K [0x00000000e0000000, 0x00000000f0680000, 0x0000000100000000)
  eden space 193024K, 0% used [0x00000000e0000000,0x00000000e0000000,0x00000000ebc80000)
  from space 18432K, 99% used [0x00000000ed180000,0x00000000ee379a40,0x00000000ee380000)
  to   space 21504K, 0% used [0x00000000ebc80000,0x00000000ebc80000,0x00000000ed180000)
 ParOldGen       total 146432K, used 31332K [0x00000000a0000000, 0x00000000a8f00000, 0x00000000e0000000)
  object space 146432K, 21% used [0x00000000a0000000,0x00000000a1e99040,0x00000000a8f00000)
 Metaspace       used 56590K, capacity 59086K, committed 59160K, reserved 1099776K
  class space    used 7737K, capacity 8297K, committed 8368K, reserved 1048576K
}
Event: 6.975 GC heap before
{Heap before GC invocations=13 (full 3):
 PSYoungGen      total 211456K, used 18406K [0x00000000e0000000, 0x00000000f0680000, 0x0000000100000000)
  eden space 193024K, 0% used [0x00000000e0000000,0x00000000e0000000,0x00000000ebc80000)
  from space 18432K, 99% used [0x00000000ed180000,0x00000000ee379a40,0x00000000ee380000)
  to   space 21504K, 0% used [0x00000000ebc80000,0x00000000ebc80000,0x00000000ed180000)
 ParOldGen       total 146432K, used 31332K [0x00000000a0000000, 0x00000000a8f00000, 0x00000000e0000000)
  object space 146432K, 21% used [0x00000000a0000000,0x00000000a1e99040,0x00000000a8f00000)
 Metaspace       used 56590K, capacity 59086K, committed 59160K, reserved 1099776K
  class space    used 7737K, capacity 8297K, committed 8368K, reserved 1048576K
Event: 7.176 GC heap after
Heap after GC invocations=13 (full 3):
 PSYoungGen      total 211456K, used 0K [0x00000000e0000000, 0x00000000f0680000, 0x0000000100000000)
  eden space 193024K, 0% used [0x00000000e0000000,0x00000000e0000000,0x00000000ebc80000)
  from space 18432K, 0% used [0x00000000ed180000,0x00000000ed180000,0x00000000ee380000)
  to   space 21504K, 0% used [0x00000000ebc80000,0x00000000ebc80000,0x00000000ed180000)
 ParOldGen       total 146432K, used 46692K [0x00000000a0000000, 0x00000000a8f00000, 0x00000000e0000000)
  object space 146432K, 31% used [0x00000000a0000000,0x00000000a2d99110,0x00000000a8f00000)
 Metaspace       used 56550K, capacity 58954K, committed 59160K, reserved 1099776K
  class space    used 7725K, capacity 8275K, committed 8368K, reserved 1048576K
}
Event: 8.828 GC heap before
{Heap before GC invocations=14 (full 3):
 PSYoungGen      total 211456K, used 193024K [0x00000000e0000000, 0x00000000f0680000, 0x0000000100000000)
  eden space 193024K, 100% used [0x00000000e0000000,0x00000000ebc80000,0x00000000ebc80000)
  from space 18432K, 0% used [0x00000000ed180000,0x00000000ed180000,0x00000000ee380000)
  to   space 21504K, 0% used [0x00000000ebc80000,0x00000000ebc80000,0x00000000ed180000)
 ParOldGen       total 146432K, used 46692K [0x00000000a0000000, 0x00000000a8f00000, 0x00000000e0000000)
  object space 146432K, 31% used [0x00000000a0000000,0x00000000a2d99110,0x00000000a8f00000)
 Metaspace       used 63794K, capacity 66720K, committed 66856K, reserved 1105920K
  class space    used 8789K, capacity 9398K, committed 9520K, reserved 1048576K
Event: 8.839 GC heap after
Heap after GC invocations=14 (full 3):
 PSYoungGen      total 214528K, used 19144K [0x00000000e0000000, 0x00000000f0b00000, 0x0000000100000000)
  eden space 193024K, 0% used [0x00000000e0000000,0x00000000e0000000,0x00000000ebc80000)
  from space 21504K, 89% used [0x00000000ebc80000,0x00000000ecf32078,0x00000000ed180000)
  to   space 23040K, 0% used [0x00000000ef480000,0x00000000ef480000,0x00000000f0b00000)
 ParOldGen       total 146432K, used 46700K [0x00000000a0000000, 0x00000000a8f00000, 0x00000000e0000000)
  object space 146432K, 31% used [0x00000000a0000000,0x00000000a2d9b110,0x00000000a8f00000)
 Metaspace       used 63794K, capacity 66720K, committed 66856K, reserved 1105920K
  class space    used 8789K, capacity 9398K, committed 9520K, reserved 1048576K
}
Event: 10.052 GC heap before
{Heap before GC invocations=15 (full 3):
 PSYoungGen      total 214528K, used 212168K [0x00000000e0000000, 0x00000000f0b00000, 0x0000000100000000)
  eden space 193024K, 100% used [0x00000000e0000000,0x00000000ebc80000,0x00000000ebc80000)
  from space 21504K, 89% used [0x00000000ebc80000,0x00000000ecf32078,0x00000000ed180000)
  to   space 23040K, 0% used [0x00000000ef480000,0x00000000ef480000,0x00000000f0b00000)
 ParOldGen       total 146432K, used 46700K [0x00000000a0000000, 0x00000000a8f00000, 0x00000000e0000000)
  object space 146432K, 31% used [0x00000000a0000000,0x00000000a2d9b110,0x00000000a8f00000)
 Metaspace       used 64592K, capacity 67676K, committed 67880K, reserved 1107968K
  class space    used 8827K, capacity 9420K, committed 9520K, reserved 1048576K
Event: 10.067 GC heap after
Heap after GC invocations=15 (full 3):
 PSYoungGen      total 246784K, used 23038K [0x00000000e0000000, 0x00000000f1100000, 0x0000000100000000)
  eden space 223744K, 0% used [0x00000000e0000000,0x00000000e0000000,0x00000000eda80000)
  from space 23040K, 99% used [0x00000000ef480000,0x00000000f0aff9e8,0x00000000f0b00000)
  to   space 26624K, 0% used [0x00000000eda80000,0x00000000eda80000,0x00000000ef480000)
 ParOldGen       total 146432K, used 48732K [0x00000000a0000000, 0x00000000a8f00000, 0x00000000e0000000)
  object space 146432K, 33% used [0x00000000a0000000,0x00000000a2f97058,0x00000000a8f00000)
 Metaspace       used 64592K, capacity 67676K, committed 67880K, reserved 1107968K
  class space    used 8827K, capacity 9420K, committed 9520K, reserved 1048576K
}

