# JRE version: OpenJDK Runtime Environment (8.0_242-b01) (build 1.8.0_242-release-1644-b01)
# Java VM: OpenJDK 64-Bit Server VM (25.242-b01 mixed mode windows-amd64 compressed oops)
Heap:
 PSYoungGen      total 443392K, used 120074K [0x00000000e0000000, 0x0000000100000000, 0x0000000100000000)
  eden space 394240K, 17% used [0x00000000e0000000,0x00000000e4549b80,0x00000000f8100000)
  from space 49152K, 99% used [0x00000000fd000000,0x00000000ffff8df0,0x0000000100000000)
  to   space 65024K, 0% used [0x00000000f8100000,0x00000000f8100000,0x00000000fc080000)
 ParOldGen       total 216064K, used 117162K [0x00000000a0000000, 0x00000000ad300000, 0x00000000e0000000)
  object space 216064K, 54% used [0x00000000a0000000,0x00000000a726aa98,0x00000000ad300000)
 Metaspace       used 78634K, capacity 82756K, committed 82984K, reserved 1120256K
  class space    used 10397K, capacity 11193K, committed 11312K, reserved 1048576K
GC Heap History (10 events):
Event: 6.403 GC heap before
{Heap before GC invocations=11 (full 3):
 PSYoungGen      total 347136K, used 19452K [0x00000000e0000000, 0x00000000f7b80000, 0x0000000100000000)
  eden space 327680K, 0% used [0x00000000e0000000,0x00000000e0000000,0x00000000f4000000)
  from space 19456K, 99% used [0x00000000f5a00000,0x00000000f6cff320,0x00000000f6d00000)
  to   space 26624K, 0% used [0x00000000f4000000,0x00000000f4000000,0x00000000f5a00000)
 ParOldGen       total 137728K, used 28803K [0x00000000a0000000, 0x00000000a8680000, 0x00000000e0000000)
  object space 137728K, 20% used [0x00000000a0000000,0x00000000a1c20fa0,0x00000000a8680000)
 Metaspace       used 56591K, capacity 59040K, committed 59160K, reserved 1099776K
  class space    used 7726K, capacity 8288K, committed 8368K, reserved 1048576K
Event: 6.614 GC heap after
Heap after GC invocations=11 (full 3):
 PSYoungGen      total 347136K, used 0K [0x00000000e0000000, 0x00000000f7b80000, 0x0000000100000000)
  eden space 327680K, 0% used [0x00000000e0000000,0x00000000e0000000,0x00000000f4000000)
  from space 19456K, 0% used [0x00000000f5a00000,0x00000000f5a00000,0x00000000f6d00000)
  to   space 26624K, 0% used [0x00000000f4000000,0x00000000f4000000,0x00000000f5a00000)
 ParOldGen       total 216064K, used 41436K [0x00000000a0000000, 0x00000000ad300000, 0x00000000e0000000)
  object space 216064K, 19% used [0x00000000a0000000,0x00000000a28773b8,0x00000000ad300000)
 Metaspace       used 56554K, capacity 58914K, committed 59160K, reserved 1099776K
  class space    used 7714K, capacity 8267K, committed 8368K, reserved 1048576K
}
Event: 8.861 GC heap before
{Heap before GC invocations=12 (full 3):
 PSYoungGen      total 347136K, used 327680K [0x00000000e0000000, 0x00000000f7b80000, 0x0000000100000000)
  eden space 327680K, 100% used [0x00000000e0000000,0x00000000f4000000,0x00000000f4000000)
  from space 19456K, 0% used [0x00000000f5a00000,0x00000000f5a00000,0x00000000f6d00000)
  to   space 26624K, 0% used [0x00000000f4000000,0x00000000f4000000,0x00000000f5a00000)
 ParOldGen       total 216064K, used 41436K [0x00000000a0000000, 0x00000000ad300000, 0x00000000e0000000)
  object space 216064K, 19% used [0x00000000a0000000,0x00000000a28773b8,0x00000000ad300000)
 Metaspace       used 64963K, capacity 68594K, committed 68776K, reserved 1107968K
  class space    used 8935K, capacity 9609K, committed 9648K, reserved 1048576K
Event: 8.882 GC heap after
Heap after GC invocations=12 (full 3):
 PSYoungGen      total 354304K, used 26615K [0x00000000e0000000, 0x00000000fb880000, 0x0000000100000000)
  eden space 327680K, 0% used [0x00000000e0000000,0x00000000e0000000,0x00000000f4000000)
  from space 26624K, 99% used [0x00000000f4000000,0x00000000f59fdfb8,0x00000000f5a00000)
  to   space 30720K, 0% used [0x00000000f9a80000,0x00000000f9a80000,0x00000000fb880000)
 ParOldGen       total 216064K, used 42292K [0x00000000a0000000, 0x00000000ad300000, 0x00000000e0000000)
  object space 216064K, 19% used [0x00000000a0000000,0x00000000a294d3d8,0x00000000ad300000)
 Metaspace       used 64963K, capacity 68594K, committed 68776K, reserved 1107968K
  class space    used 8935K, capacity 9609K, committed 9648K, reserved 1048576K
}
Event: 11.256 GC heap before
{Heap before GC invocations=13 (full 3):
 PSYoungGen      total 354304K, used 354295K [0x00000000e0000000, 0x00000000fb880000, 0x0000000100000000)
  eden space 327680K, 100% used [0x00000000e0000000,0x00000000f4000000,0x00000000f4000000)
  from space 26624K, 99% used [0x00000000f4000000,0x00000000f59fdfb8,0x00000000f5a00000)
  to   space 30720K, 0% used [0x00000000f9a80000,0x00000000f9a80000,0x00000000fb880000)
 ParOldGen       total 216064K, used 42292K [0x00000000a0000000, 0x00000000ad300000, 0x00000000e0000000)
  object space 216064K, 19% used [0x00000000a0000000,0x00000000a294d3d8,0x00000000ad300000)
 Metaspace       used 70599K, capacity 74536K, committed 74664K, reserved 1114112K
  class space    used 9616K, capacity 10355K, committed 10416K, reserved 1048576K
Event: 11.302 GC heap after
Heap after GC invocations=13 (full 3):
 PSYoungGen      total 407040K, used 30704K [0x00000000e0000000, 0x00000000fd380000, 0x0000000100000000)
  eden space 376320K, 0% used [0x00000000e0000000,0x00000000e0000000,0x00000000f6f80000)
  from space 30720K, 99% used [0x00000000f9a80000,0x00000000fb87c310,0x00000000fb880000)
  to   space 44032K, 0% used [0x00000000f6f80000,0x00000000f6f80000,0x00000000f9a80000)
 ParOldGen       total 216064K, used 65868K [0x00000000a0000000, 0x00000000ad300000, 0x00000000e0000000)
  object space 216064K, 30% used [0x00000000a0000000,0x00000000a40530c0,0x00000000ad300000)
 Metaspace       used 70599K, capacity 74536K, committed 74664K, reserved 1114112K
  class space    used 9616K, capacity 10355K, committed 10416K, reserved 1048576K
}
Event: 13.298 GC heap before
{Heap before GC invocations=14 (full 3):
 PSYoungGen      total 407040K, used 407024K [0x00000000e0000000, 0x00000000fd380000, 0x0000000100000000)
  eden space 376320K, 100% used [0x00000000e0000000,0x00000000f6f80000,0x00000000f6f80000)
  from space 30720K, 99% used [0x00000000f9a80000,0x00000000fb87c310,0x00000000fb880000)
  to   space 44032K, 0% used [0x00000000f6f80000,0x00000000f6f80000,0x00000000f9a80000)
 ParOldGen       total 216064K, used 65868K [0x00000000a0000000, 0x00000000ad300000, 0x00000000e0000000)
  object space 216064K, 30% used [0x00000000a0000000,0x00000000a40530c0,0x00000000ad300000)
 Metaspace       used 75608K, capacity 79454K, committed 79784K, reserved 1118208K
  class space    used 10143K, capacity 10880K, committed 10928K, reserved 1048576K
Event: 13.334 GC heap after
Heap after GC invocations=14 (full 3):
 PSYoungGen      total 420352K, used 39208K [0x00000000e0000000, 0x0000000100000000, 0x0000000100000000)
  eden space 376320K, 0% used [0x00000000e0000000,0x00000000e0000000,0x00000000f6f80000)
  from space 44032K, 89% used [0x00000000f6f80000,0x00000000f95ca0c8,0x00000000f9a80000)
  to   space 49152K, 0% used [0x00000000fd000000,0x00000000fd000000,0x0000000100000000)
 ParOldGen       total 216064K, used 94937K [0x00000000a0000000, 0x00000000ad300000, 0x00000000e0000000)
  object space 216064K, 43% used [0x00000000a0000000,0x00000000a5cb67d8,0x00000000ad300000)
 Metaspace       used 75608K, capacity 79454K, committed 79784K, reserved 1118208K
  class space    used 10143K, capacity 10880K, committed 10928K, reserved 1048576K
}
Event: 19.140 GC heap before
{Heap before GC invocations=15 (full 3):
 PSYoungGen      total 420352K, used 415528K [0x00000000e0000000, 0x0000000100000000, 0x0000000100000000)
  eden space 376320K, 100% used [0x00000000e0000000,0x00000000f6f80000,0x00000000f6f80000)
  from space 44032K, 89% used [0x00000000f6f80000,0x00000000f95ca0c8,0x00000000f9a80000)
  to   space 49152K, 0% used [0x00000000fd000000,0x00000000fd000000,0x0000000100000000)
 ParOldGen       total 216064K, used 94937K [0x00000000a0000000, 0x00000000ad300000, 0x00000000e0000000)
  object space 216064K, 43% used [0x00000000a0000000,0x00000000a5cb67d8,0x00000000ad300000)
 Metaspace       used 78109K, capacity 82162K, committed 82344K, reserved 1120256K
  class space    used 10351K, capacity 11152K, committed 11184K, reserved 1048576K
Event: 19.229 GC heap after
Heap after GC invocations=15 (full 3):
 PSYoungGen      total 443392K, used 49123K [0x00000000e0000000, 0x0000000100000000, 0x0000000100000000)
  eden space 394240K, 0% used [0x00000000e0000000,0x00000000e0000000,0x00000000f8100000)
  from space 49152K, 99% used [0x00000000fd000000,0x00000000ffff8df0,0x0000000100000000)
  to   space 65024K, 0% used [0x00000000f8100000,0x00000000f8100000,0x00000000fc080000)
 ParOldGen       total 216064K, used 117162K [0x00000000a0000000, 0x00000000ad300000, 0x00000000e0000000)
  object space 216064K, 54% used [0x00000000a0000000,0x00000000a726aa98,0x00000000ad300000)
 Metaspace       used 78109K, capacity 82162K, committed 82344K, reserved 1120256K
  class space    used 10351K, capacity 11152K, committed 11184K, reserved 1048576K
}

