# JRE version: OpenJDK Runtime Environment (8.0_242-b01) (build 1.8.0_242-release-1644-b01)
# Java VM: OpenJDK 64-Bit Server VM (25.242-b01 mixed mode windows-amd64 compressed oops)
Heap:
 PSYoungGen      total 420864K, used 252857K [0x00000000e0000000, 0x0000000100000000, 0x0000000100000000)
  eden space 323584K, 64% used [0x00000000e0000000,0x00000000ecab8158,0x00000000f3c00000)
  from space 97280K, 46% used [0x00000000f9980000,0x00000000fc5b6538,0x00000000ff880000)
  to   space 95744K, 0% used [0x00000000f3c00000,0x00000000f3c00000,0x00000000f9980000)
 ParOldGen       total 232960K, used 104708K [0x00000000a0000000, 0x00000000ae380000, 0x00000000e0000000)
  object space 232960K, 44% used [0x00000000a0000000,0x00000000a66412a8,0x00000000ae380000)
 Metaspace       used 105090K, capacity 110619K, committed 110760K, reserved 1144832K
  class space    used 13364K, capacity 14459K, committed 14512K, reserved 1048576K
GC Heap History (10 events):
Event: 149.759 GC heap before
{Heap before GC invocations=26 (full 4):
 PSYoungGen      total 336896K, used 336886K [0x00000000e0000000, 0x00000000ffd80000, 0x0000000100000000)
  eden space 332288K, 100% used [0x00000000e0000000,0x00000000f4480000,0x00000000f4480000)
  from space 4608K, 99% used [0x00000000f4480000,0x00000000f48fd888,0x00000000f4900000)
  to   space 94720K, 0% used [0x00000000fa100000,0x00000000fa100000,0x00000000ffd80000)
 ParOldGen       total 232960K, used 104668K [0x00000000a0000000, 0x00000000ae380000, 0x00000000e0000000)
  object space 232960K, 44% used [0x00000000a0000000,0x00000000a66372a8,0x00000000ae380000)
 Metaspace       used 98629K, capacity 103773K, committed 103848K, reserved 1138688K
  class space    used 12727K, capacity 13722K, committed 13744K, reserved 1048576K
Event: 149.773 GC heap after
Heap after GC invocations=26 (full 4):
 PSYoungGen      total 431616K, used 20540K [0x00000000e0000000, 0x0000000100000000, 0x0000000100000000)
  eden space 336896K, 0% used [0x00000000e0000000,0x00000000e0000000,0x00000000f4900000)
  from space 94720K, 21% used [0x00000000fa100000,0x00000000fb50f348,0x00000000ffd80000)
  to   space 90112K, 0% used [0x00000000f4900000,0x00000000f4900000,0x00000000fa100000)
 ParOldGen       total 232960K, used 104676K [0x00000000a0000000, 0x00000000ae380000, 0x00000000e0000000)
  object space 232960K, 44% used [0x00000000a0000000,0x00000000a66392a8,0x00000000ae380000)
 Metaspace       used 98629K, capacity 103773K, committed 103848K, reserved 1138688K
  class space    used 12727K, capacity 13722K, committed 13744K, reserved 1048576K
}
Event: 150.797 GC heap before
{Heap before GC invocations=27 (full 4):
 PSYoungGen      total 431616K, used 357436K [0x00000000e0000000, 0x0000000100000000, 0x0000000100000000)
  eden space 336896K, 100% used [0x00000000e0000000,0x00000000f4900000,0x00000000f4900000)
  from space 94720K, 21% used [0x00000000fa100000,0x00000000fb50f348,0x00000000ffd80000)
  to   space 90112K, 0% used [0x00000000f4900000,0x00000000f4900000,0x00000000fa100000)
 ParOldGen       total 232960K, used 104676K [0x00000000a0000000, 0x00000000ae380000, 0x00000000e0000000)
  object space 232960K, 44% used [0x00000000a0000000,0x00000000a66392a8,0x00000000ae380000)
 Metaspace       used 101445K, capacity 106661K, committed 107048K, reserved 1142784K
  class space    used 13016K, capacity 14020K, committed 14128K, reserved 1048576K
Event: 150.829 GC heap after
Heap after GC invocations=27 (full 4):
 PSYoungGen      total 422400K, used 85502K [0x00000000e0000000, 0x0000000100000000, 0x0000000100000000)
  eden space 336896K, 0% used [0x00000000e0000000,0x00000000e0000000,0x00000000f4900000)
  from space 85504K, 99% used [0x00000000f4900000,0x00000000f9c7fa38,0x00000000f9c80000)
  to   space 101888K, 0% used [0x00000000f9c80000,0x00000000f9c80000,0x0000000100000000)
 ParOldGen       total 232960K, used 104684K [0x00000000a0000000, 0x00000000ae380000, 0x00000000e0000000)
  object space 232960K, 44% used [0x00000000a0000000,0x00000000a663b2a8,0x00000000ae380000)
 Metaspace       used 101445K, capacity 106661K, committed 107048K, reserved 1142784K
  class space    used 13016K, capacity 14020K, committed 14128K, reserved 1048576K
}
Event: 152.223 GC heap before
{Heap before GC invocations=28 (full 4):
 PSYoungGen      total 422400K, used 422398K [0x00000000e0000000, 0x0000000100000000, 0x0000000100000000)
  eden space 336896K, 100% used [0x00000000e0000000,0x00000000f4900000,0x00000000f4900000)
  from space 85504K, 99% used [0x00000000f4900000,0x00000000f9c7fa38,0x00000000f9c80000)
  to   space 101888K, 0% used [0x00000000f9c80000,0x00000000f9c80000,0x0000000100000000)
 ParOldGen       total 232960K, used 104684K [0x00000000a0000000, 0x00000000ae380000, 0x00000000e0000000)
  object space 232960K, 44% used [0x00000000a0000000,0x00000000a663b2a8,0x00000000ae380000)
 Metaspace       used 101633K, capacity 106819K, committed 107048K, reserved 1142784K
  class space    used 13033K, capacity 14075K, committed 14128K, reserved 1048576K
Event: 152.239 GC heap after
Heap after GC invocations=28 (full 4):
 PSYoungGen      total 423936K, used 22580K [0x00000000e0000000, 0x0000000100000000, 0x0000000100000000)
  eden space 322048K, 0% used [0x00000000e0000000,0x00000000e0000000,0x00000000f3a80000)
  from space 101888K, 22% used [0x00000000f9c80000,0x00000000fb28d358,0x0000000100000000)
  to   space 100352K, 0% used [0x00000000f3a80000,0x00000000f3a80000,0x00000000f9c80000)
 ParOldGen       total 232960K, used 104692K [0x00000000a0000000, 0x00000000ae380000, 0x00000000e0000000)
  object space 232960K, 44% used [0x00000000a0000000,0x00000000a663d2a8,0x00000000ae380000)
 Metaspace       used 101633K, capacity 106819K, committed 107048K, reserved 1142784K
  class space    used 13033K, capacity 14075K, committed 14128K, reserved 1048576K
}
Event: 277.276 GC heap before
{Heap before GC invocations=29 (full 4):
 PSYoungGen      total 423936K, used 344628K [0x00000000e0000000, 0x0000000100000000, 0x0000000100000000)
  eden space 322048K, 100% used [0x00000000e0000000,0x00000000f3a80000,0x00000000f3a80000)
  from space 101888K, 22% used [0x00000000f9c80000,0x00000000fb28d358,0x0000000100000000)
  to   space 100352K, 0% used [0x00000000f3a80000,0x00000000f3a80000,0x00000000f9c80000)
 ParOldGen       total 232960K, used 104692K [0x00000000a0000000, 0x00000000ae380000, 0x00000000e0000000)
  object space 232960K, 44% used [0x00000000a0000000,0x00000000a663d2a8,0x00000000ae380000)
 Metaspace       used 102007K, capacity 107347K, committed 107560K, reserved 1142784K
  class space    used 13051K, capacity 14107K, committed 14128K, reserved 1048576K
Event: 277.290 GC heap after
Heap after GC invocations=29 (full 4):
 PSYoungGen      total 333824K, used 11670K [0x00000000e0000000, 0x00000000ff880000, 0x0000000100000000)
  eden space 322048K, 0% used [0x00000000e0000000,0x00000000e0000000,0x00000000f3a80000)
  from space 11776K, 99% used [0x00000000f3a80000,0x00000000f45e58e0,0x00000000f4600000)
  to   space 97280K, 0% used [0x00000000f9980000,0x00000000f9980000,0x00000000ff880000)
 ParOldGen       total 232960K, used 104700K [0x00000000a0000000, 0x00000000ae380000, 0x00000000e0000000)
  object space 232960K, 44% used [0x00000000a0000000,0x00000000a663f2a8,0x00000000ae380000)
 Metaspace       used 102007K, capacity 107347K, committed 107560K, reserved 1142784K
  class space    used 13051K, capacity 14107K, committed 14128K, reserved 1048576K
}
Event: 279.686 GC heap before
{Heap before GC invocations=30 (full 4):
 PSYoungGen      total 333824K, used 333718K [0x00000000e0000000, 0x00000000ff880000, 0x0000000100000000)
  eden space 322048K, 100% used [0x00000000e0000000,0x00000000f3a80000,0x00000000f3a80000)
  from space 11776K, 99% used [0x00000000f3a80000,0x00000000f45e58e0,0x00000000f4600000)
  to   space 97280K, 0% used [0x00000000f9980000,0x00000000f9980000,0x00000000ff880000)
 ParOldGen       total 232960K, used 104700K [0x00000000a0000000, 0x00000000ae380000, 0x00000000e0000000)
  object space 232960K, 44% used [0x00000000a0000000,0x00000000a663f2a8,0x00000000ae380000)
 Metaspace       used 104330K, capacity 109781K, committed 109864K, reserved 1144832K
  class space    used 13291K, capacity 14354K, committed 14384K, reserved 1048576K
Event: 279.707 GC heap after
Heap after GC invocations=30 (full 4):
 PSYoungGen      total 420864K, used 45273K [0x00000000e0000000, 0x0000000100000000, 0x0000000100000000)
  eden space 323584K, 0% used [0x00000000e0000000,0x00000000e0000000,0x00000000f3c00000)
  from space 97280K, 46% used [0x00000000f9980000,0x00000000fc5b6538,0x00000000ff880000)
  to   space 95744K, 0% used [0x00000000f3c00000,0x00000000f3c00000,0x00000000f9980000)
 ParOldGen       total 232960K, used 104708K [0x00000000a0000000, 0x00000000ae380000, 0x00000000e0000000)
  object space 232960K, 44% used [0x00000000a0000000,0x00000000a66412a8,0x00000000ae380000)
 Metaspace       used 104330K, capacity 109781K, committed 109864K, reserved 1144832K
  class space    used 13291K, capacity 14354K, committed 14384K, reserved 1048576K
}

