# JRE version: OpenJDK Runtime Environment (8.0_242-b01) (build 1.8.0_242-release-1644-b01)
# Java VM: OpenJDK 64-Bit Server VM (25.242-b01 mixed mode windows-amd64 compressed oops)
Heap:
 PSYoungGen      total 239616K, used 42057K [0x00000000e0000000, 0x00000000f0e80000, 0x0000000100000000)
  eden space 217600K, 9% used [0x00000000e0000000,0x00000000e1393360,0x00000000ed480000)
  from space 22016K, 99% used [0x00000000eef80000,0x00000000f04ff3d8,0x00000000f0500000)
  to   space 27648K, 0% used [0x00000000ed480000,0x00000000ed480000,0x00000000eef80000)
 ParOldGen       total 231424K, used 45116K [0x00000000a0000000, 0x00000000ae200000, 0x00000000e0000000)
  object space 231424K, 19% used [0x00000000a0000000,0x00000000a2c0f220,0x00000000ae200000)
 Metaspace       used 69508K, capacity 72826K, committed 73112K, reserved 1112064K
  class space    used 9453K, capacity 10124K, committed 10160K, reserved 1048576K
GC Heap History (10 events):
Event: 6.351 GC heap before
{Heap before GC invocations=11 (full 2):
 PSYoungGen      total 160768K, used 160544K [0x00000000e0000000, 0x00000000ec000000, 0x0000000100000000)
  eden space 151552K, 100% used [0x00000000e0000000,0x00000000e9400000,0x00000000e9400000)
  from space 9216K, 97% used [0x00000000eb700000,0x00000000ebfc8220,0x00000000ec000000)
  to   space 11264K, 0% used [0x00000000eaa00000,0x00000000eaa00000,0x00000000eb500000)
 ParOldGen       total 150016K, used 14861K [0x00000000a0000000, 0x00000000a9280000, 0x00000000e0000000)
  object space 150016K, 9% used [0x00000000a0000000,0x00000000a0e83678,0x00000000a9280000)
 Metaspace       used 50945K, capacity 53028K, committed 53416K, reserved 1095680K
  class space    used 6813K, capacity 7251K, committed 7344K, reserved 1048576K
Event: 6.383 GC heap after
Heap after GC invocations=11 (full 2):
 PSYoungGen      total 185344K, used 11252K [0x00000000e0000000, 0x00000000ede00000, 0x0000000100000000)
  eden space 174080K, 0% used [0x00000000e0000000,0x00000000e0000000,0x00000000eaa00000)
  from space 11264K, 99% used [0x00000000eaa00000,0x00000000eb4fd300,0x00000000eb500000)
  to   space 17408K, 0% used [0x00000000ecd00000,0x00000000ecd00000,0x00000000ede00000)
 ParOldGen       total 150016K, used 28269K [0x00000000a0000000, 0x00000000a9280000, 0x00000000e0000000)
  object space 150016K, 18% used [0x00000000a0000000,0x00000000a1b9b500,0x00000000a9280000)
 Metaspace       used 50945K, capacity 53028K, committed 53416K, reserved 1095680K
  class space    used 6813K, capacity 7251K, committed 7344K, reserved 1048576K
}
Event: 7.171 GC heap before
{Heap before GC invocations=12 (full 2):
 PSYoungGen      total 185344K, used 96869K [0x00000000e0000000, 0x00000000ede00000, 0x0000000100000000)
  eden space 174080K, 49% used [0x00000000e0000000,0x00000000e539c1b8,0x00000000eaa00000)
  from space 11264K, 99% used [0x00000000eaa00000,0x00000000eb4fd300,0x00000000eb500000)
  to   space 17408K, 0% used [0x00000000ecd00000,0x00000000ecd00000,0x00000000ede00000)
 ParOldGen       total 150016K, used 28269K [0x00000000a0000000, 0x00000000a9280000, 0x00000000e0000000)
  object space 150016K, 18% used [0x00000000a0000000,0x00000000a1b9b500,0x00000000a9280000)
 Metaspace       used 56443K, capacity 58962K, committed 59160K, reserved 1099776K
  class space    used 7707K, capacity 8233K, committed 8240K, reserved 1048576K
Event: 7.196 GC heap after
Heap after GC invocations=12 (full 2):
 PSYoungGen      total 206848K, used 17381K [0x00000000e0000000, 0x00000000f0300000, 0x0000000100000000)
  eden space 189440K, 0% used [0x00000000e0000000,0x00000000e0000000,0x00000000eb900000)
  from space 17408K, 99% used [0x00000000ecd00000,0x00000000eddf94c0,0x00000000ede00000)
  to   space 20480K, 0% used [0x00000000eb900000,0x00000000eb900000,0x00000000ecd00000)
 ParOldGen       total 150016K, used 31327K [0x00000000a0000000, 0x00000000a9280000, 0x00000000e0000000)
  object space 150016K, 20% used [0x00000000a0000000,0x00000000a1e97f08,0x00000000a9280000)
 Metaspace       used 56443K, capacity 58962K, committed 59160K, reserved 1099776K
  class space    used 7707K, capacity 8233K, committed 8240K, reserved 1048576K
}
Event: 7.196 GC heap before
{Heap before GC invocations=13 (full 3):
 PSYoungGen      total 206848K, used 17381K [0x00000000e0000000, 0x00000000f0300000, 0x0000000100000000)
  eden space 189440K, 0% used [0x00000000e0000000,0x00000000e0000000,0x00000000eb900000)
  from space 17408K, 99% used [0x00000000ecd00000,0x00000000eddf94c0,0x00000000ede00000)
  to   space 20480K, 0% used [0x00000000eb900000,0x00000000eb900000,0x00000000ecd00000)
 ParOldGen       total 150016K, used 31327K [0x00000000a0000000, 0x00000000a9280000, 0x00000000e0000000)
  object space 150016K, 20% used [0x00000000a0000000,0x00000000a1e97f08,0x00000000a9280000)
 Metaspace       used 56443K, capacity 58962K, committed 59160K, reserved 1099776K
  class space    used 7707K, capacity 8233K, committed 8240K, reserved 1048576K
Event: 7.487 GC heap after
Heap after GC invocations=13 (full 3):
 PSYoungGen      total 206848K, used 0K [0x00000000e0000000, 0x00000000f0300000, 0x0000000100000000)
  eden space 189440K, 0% used [0x00000000e0000000,0x00000000e0000000,0x00000000eb900000)
  from space 17408K, 0% used [0x00000000ecd00000,0x00000000ecd00000,0x00000000ede00000)
  to   space 20480K, 0% used [0x00000000eb900000,0x00000000eb900000,0x00000000ecd00000)
 ParOldGen       total 231424K, used 37234K [0x00000000a0000000, 0x00000000ae200000, 0x00000000e0000000)
  object space 231424K, 16% used [0x00000000a0000000,0x00000000a245cb68,0x00000000ae200000)
 Metaspace       used 56400K, capacity 58818K, committed 59160K, reserved 1099776K
  class space    used 7694K, capacity 8209K, committed 8240K, reserved 1048576K
}
Event: 9.357 GC heap before
{Heap before GC invocations=14 (full 3):
 PSYoungGen      total 206848K, used 189440K [0x00000000e0000000, 0x00000000f0300000, 0x0000000100000000)
  eden space 189440K, 100% used [0x00000000e0000000,0x00000000eb900000,0x00000000eb900000)
  from space 17408K, 0% used [0x00000000ecd00000,0x00000000ecd00000,0x00000000ede00000)
  to   space 20480K, 0% used [0x00000000eb900000,0x00000000eb900000,0x00000000ecd00000)
 ParOldGen       total 231424K, used 37234K [0x00000000a0000000, 0x00000000ae200000, 0x00000000e0000000)
  object space 231424K, 16% used [0x00000000a0000000,0x00000000a245cb68,0x00000000ae200000)
 Metaspace       used 63635K, capacity 66690K, committed 66968K, reserved 1107968K
  class space    used 8755K, capacity 9339K, committed 9392K, reserved 1048576K
Event: 9.373 GC heap after
Heap after GC invocations=14 (full 3):
 PSYoungGen      total 209920K, used 16956K [0x00000000e0000000, 0x00000000f0500000, 0x0000000100000000)
  eden space 189440K, 0% used [0x00000000e0000000,0x00000000e0000000,0x00000000eb900000)
  from space 20480K, 82% used [0x00000000eb900000,0x00000000ec98f2f0,0x00000000ecd00000)
  to   space 22016K, 0% used [0x00000000eef80000,0x00000000eef80000,0x00000000f0500000)
 ParOldGen       total 231424K, used 37242K [0x00000000a0000000, 0x00000000ae200000, 0x00000000e0000000)
  object space 231424K, 16% used [0x00000000a0000000,0x00000000a245eb68,0x00000000ae200000)
 Metaspace       used 63635K, capacity 66690K, committed 66968K, reserved 1107968K
  class space    used 8755K, capacity 9339K, committed 9392K, reserved 1048576K
}
Event: 11.723 GC heap before
{Heap before GC invocations=15 (full 3):
 PSYoungGen      total 209920K, used 206396K [0x00000000e0000000, 0x00000000f0500000, 0x0000000100000000)
  eden space 189440K, 100% used [0x00000000e0000000,0x00000000eb900000,0x00000000eb900000)
  from space 20480K, 82% used [0x00000000eb900000,0x00000000ec98f2f0,0x00000000ecd00000)
  to   space 22016K, 0% used [0x00000000eef80000,0x00000000eef80000,0x00000000f0500000)
 ParOldGen       total 231424K, used 37242K [0x00000000a0000000, 0x00000000ae200000, 0x00000000e0000000)
  object space 231424K, 16% used [0x00000000a0000000,0x00000000a245eb68,0x00000000ae200000)
 Metaspace       used 69194K, capacity 72506K, committed 72600K, reserved 1112064K
  class space    used 9431K, capacity 10124K, committed 10160K, reserved 1048576K
Event: 11.754 GC heap after
Heap after GC invocations=15 (full 3):
 PSYoungGen      total 239616K, used 22012K [0x00000000e0000000, 0x00000000f0e80000, 0x0000000100000000)
  eden space 217600K, 0% used [0x00000000e0000000,0x00000000e0000000,0x00000000ed480000)
  from space 22016K, 99% used [0x00000000eef80000,0x00000000f04ff3d8,0x00000000f0500000)
  to   space 27648K, 0% used [0x00000000ed480000,0x00000000ed480000,0x00000000eef80000)
 ParOldGen       total 231424K, used 45116K [0x00000000a0000000, 0x00000000ae200000, 0x00000000e0000000)
  object space 231424K, 19% used [0x00000000a0000000,0x00000000a2c0f220,0x00000000ae200000)
 Metaspace       used 69194K, capacity 72506K, committed 72600K, reserved 1112064K
  class space    used 9431K, capacity 10124K, committed 10160K, reserved 1048576K
}

