# JRE version: OpenJDK Runtime Environment (11.0.8+10) (build 11.0.8+10-b944.6842174)
# Java VM: OpenJDK 64-Bit Server VM (11.0.8+10-b944.6842174, mixed mode, tiered, compressed oops, parallel gc, windows-amd64)
Heap:
 PSYoungGen      total 171520K, used 52564K [0x00000000e0000000, 0x00000000ecd00000, 0x0000000100000000)
  eden space 149504K, 24% used [0x00000000e0000000,0x00000000e2381010,0x00000000e9200000)
  from space 22016K, 73% used [0x00000000ea680000,0x00000000eb654098,0x00000000ebc00000)
  to   space 20992K, 0% used [0x00000000e9200000,0x00000000e9200000,0x00000000ea680000)
 ParOldGen       total 173568K, used 95280K [0x00000000a0000000, 0x00000000aa980000, 0x00000000e0000000)
  object space 173568K, 54% used [0x00000000a0000000,0x00000000a5d0c040,0x00000000aa980000)
 Metaspace       used 104510K, capacity 107222K, committed 107340K, reserved 1142784K
  class space    used 13451K, capacity 14493K, committed 14592K, reserved 1048576K
GC Heap History (20 events):
Event: 5.851 GC heap before
{Heap before GC invocations=13 (full 3):
 PSYoungGen      total 80384K, used 57856K [0x00000000e0000000, 0x00000000ea400000, 0x0000000100000000)
  eden space 57856K, 100% used [0x00000000e0000000,0x00000000e3880000,0x00000000e3880000)
  from space 22528K, 0% used [0x00000000e3880000,0x00000000e3880000,0x00000000e4e80000)
  to   space 23040K, 0% used [0x00000000e8d80000,0x00000000e8d80000,0x00000000ea400000)
 ParOldGen       total 173568K, used 41567K [0x00000000a0000000, 0x00000000aa980000, 0x00000000e0000000)
  object space 173568K, 23% used [0x00000000a0000000,0x00000000a2897de0,0x00000000aa980000)
 Metaspace       used 60458K, capacity 61979K, committed 62228K, reserved 1103872K
  class space    used 7681K, capacity 8266K, committed 8320K, reserved 1048576K
}
Event: 5.855 GC heap after
{Heap after GC invocations=13 (full 3):
 PSYoungGen      total 97792K, used 4992K [0x00000000e0000000, 0x00000000e9280000, 0x0000000100000000)
  eden space 92672K, 0% used [0x00000000e0000000,0x00000000e0000000,0x00000000e5a80000)
  from space 5120K, 97% used [0x00000000e8d80000,0x00000000e9260000,0x00000000e9280000)
  to   space 22528K, 0% used [0x00000000e6680000,0x00000000e6680000,0x00000000e7c80000)
 ParOldGen       total 173568K, used 41575K [0x00000000a0000000, 0x00000000aa980000, 0x00000000e0000000)
  object space 173568K, 23% used [0x00000000a0000000,0x00000000a2899de0,0x00000000aa980000)
 Metaspace       used 60458K, capacity 61979K, committed 62228K, reserved 1103872K
  class space    used 7681K, capacity 8266K, committed 8320K, reserved 1048576K
}
Event: 6.734 GC heap before
{Heap before GC invocations=14 (full 3):
 PSYoungGen      total 97792K, used 97664K [0x00000000e0000000, 0x00000000e9280000, 0x0000000100000000)
  eden space 92672K, 100% used [0x00000000e0000000,0x00000000e5a80000,0x00000000e5a80000)
  from space 5120K, 97% used [0x00000000e8d80000,0x00000000e9260000,0x00000000e9280000)
  to   space 22528K, 0% used [0x00000000e6680000,0x00000000e6680000,0x00000000e7c80000)
 ParOldGen       total 173568K, used 41575K [0x00000000a0000000, 0x00000000aa980000, 0x00000000e0000000)
  object space 173568K, 23% used [0x00000000a0000000,0x00000000a2899de0,0x00000000aa980000)
 Metaspace       used 68330K, capacity 70031K, committed 70164K, reserved 1110016K
  class space    used 8958K, capacity 9572K, committed 9600K, reserved 1048576K
}
Event: 6.743 GC heap after
{Heap after GC invocations=14 (full 3):
 PSYoungGen      total 127488K, used 6180K [0x00000000e0000000, 0x00000000ebc00000, 0x0000000100000000)
  eden space 104960K, 0% used [0x00000000e0000000,0x00000000e0000000,0x00000000e6680000)
  from space 22528K, 27% used [0x00000000e6680000,0x00000000e6c89040,0x00000000e7c80000)
  to   space 22016K, 0% used [0x00000000ea680000,0x00000000ea680000,0x00000000ebc00000)
 ParOldGen       total 173568K, used 46407K [0x00000000a0000000, 0x00000000aa980000, 0x00000000e0000000)
  object space 173568K, 26% used [0x00000000a0000000,0x00000000a2d51e10,0x00000000aa980000)
 Metaspace       used 68330K, capacity 70031K, committed 70164K, reserved 1110016K
  class space    used 8958K, capacity 9572K, committed 9600K, reserved 1048576K
}
Event: 7.794 GC heap before
{Heap before GC invocations=15 (full 3):
 PSYoungGen      total 127488K, used 111139K [0x00000000e0000000, 0x00000000ebc00000, 0x0000000100000000)
  eden space 104960K, 99% used [0x00000000e0000000,0x00000000e667fef0,0x00000000e6680000)
  from space 22528K, 27% used [0x00000000e6680000,0x00000000e6c89040,0x00000000e7c80000)
  to   space 22016K, 0% used [0x00000000ea680000,0x00000000ea680000,0x00000000ebc00000)
 ParOldGen       total 173568K, used 46407K [0x00000000a0000000, 0x00000000aa980000, 0x00000000e0000000)
  object space 173568K, 26% used [0x00000000a0000000,0x00000000a2d51e10,0x00000000aa980000)
 Metaspace       used 76274K, capacity 78156K, committed 78228K, reserved 1116160K
  class space    used 9960K, capacity 10694K, committed 10752K, reserved 1048576K
}
Event: 7.804 GC heap after
{Heap after GC invocations=15 (full 3):
 PSYoungGen      total 171520K, used 8552K [0x00000000e0000000, 0x00000000ecd00000, 0x0000000100000000)
  eden space 149504K, 0% used [0x00000000e0000000,0x00000000e0000000,0x00000000e9200000)
  from space 22016K, 38% used [0x00000000ea680000,0x00000000eaeda280,0x00000000ebc00000)
  to   space 20992K, 0% used [0x00000000e9200000,0x00000000e9200000,0x00000000ea680000)
 ParOldGen       total 173568K, used 52619K [0x00000000a0000000, 0x00000000aa980000, 0x00000000e0000000)
  object space 173568K, 30% used [0x00000000a0000000,0x00000000a3362ea0,0x00000000aa980000)
 Metaspace       used 76274K, capacity 78156K, committed 78228K, reserved 1116160K
  class space    used 9960K, capacity 10694K, committed 10752K, reserved 1048576K
}
Event: 8.811 GC heap before
{Heap before GC invocations=16 (full 3):
 PSYoungGen      total 171520K, used 158056K [0x00000000e0000000, 0x00000000ecd00000, 0x0000000100000000)
  eden space 149504K, 100% used [0x00000000e0000000,0x00000000e9200000,0x00000000e9200000)
  from space 22016K, 38% used [0x00000000ea680000,0x00000000eaeda280,0x00000000ebc00000)
  to   space 20992K, 0% used [0x00000000e9200000,0x00000000e9200000,0x00000000ea680000)
 ParOldGen       total 173568K, used 52619K [0x00000000a0000000, 0x00000000aa980000, 0x00000000e0000000)
  object space 173568K, 30% used [0x00000000a0000000,0x00000000a3362ea0,0x00000000aa980000)
 Metaspace       used 77031K, capacity 79023K, committed 79252K, reserved 1118208K
  class space    used 9979K, capacity 10714K, committed 10752K, reserved 1048576K
}
Event: 8.832 GC heap after
{Heap after GC invocations=16 (full 3):
 PSYoungGen      total 170496K, used 10086K [0x00000000e0000000, 0x00000000ecd00000, 0x0000000100000000)
  eden space 149504K, 0% used [0x00000000e0000000,0x00000000e0000000,0x00000000e9200000)
  from space 20992K, 48% used [0x00000000e9200000,0x00000000e9bd9980,0x00000000ea680000)
  to   space 22016K, 0% used [0x00000000ea680000,0x00000000ea680000,0x00000000ebc00000)
 ParOldGen       total 173568K, used 59132K [0x00000000a0000000, 0x00000000aa980000, 0x00000000e0000000)
  object space 173568K, 34% used [0x00000000a0000000,0x00000000a39bf120,0x00000000aa980000)
 Metaspace       used 77031K, capacity 79023K, committed 79252K, reserved 1118208K
  class space    used 9979K, capacity 10714K, committed 10752K, reserved 1048576K
}
Event: 9.923 GC heap before
{Heap before GC invocations=17 (full 3):
 PSYoungGen      total 170496K, used 159590K [0x00000000e0000000, 0x00000000ecd00000, 0x0000000100000000)
  eden space 149504K, 100% used [0x00000000e0000000,0x00000000e9200000,0x00000000e9200000)
  from space 20992K, 48% used [0x00000000e9200000,0x00000000e9bd9980,0x00000000ea680000)
  to   space 22016K, 0% used [0x00000000ea680000,0x00000000ea680000,0x00000000ebc00000)
 ParOldGen       total 173568K, used 59132K [0x00000000a0000000, 0x00000000aa980000, 0x00000000e0000000)
  object space 173568K, 34% used [0x00000000a0000000,0x00000000a39bf120,0x00000000aa980000)
 Metaspace       used 78452K, capacity 80472K, committed 80788K, reserved 1120256K
  class space    used 10158K, capacity 10914K, committed 11008K, reserved 1048576K
}
Event: 9.943 GC heap after
{Heap after GC invocations=17 (full 3):
 PSYoungGen      total 171520K, used 14774K [0x00000000e0000000, 0x00000000ecd00000, 0x0000000100000000)
  eden space 149504K, 0% used [0x00000000e0000000,0x00000000e0000000,0x00000000e9200000)
  from space 22016K, 67% used [0x00000000ea680000,0x00000000eb4edab8,0x00000000ebc00000)
  to   space 20992K, 0% used [0x00000000e9200000,0x00000000e9200000,0x00000000ea680000)
 ParOldGen       total 173568K, used 67038K [0x00000000a0000000, 0x00000000aa980000, 0x00000000e0000000)
  object space 173568K, 38% used [0x00000000a0000000,0x00000000a4177818,0x00000000aa980000)
 Metaspace       used 78452K, capacity 80472K, committed 80788K, reserved 1120256K
  class space    used 10158K, capacity 10914K, committed 11008K, reserved 1048576K
}
Event: 13.168 GC heap before
{Heap before GC invocations=18 (full 3):
 PSYoungGen      total 171520K, used 164278K [0x00000000e0000000, 0x00000000ecd00000, 0x0000000100000000)
  eden space 149504K, 100% used [0x00000000e0000000,0x00000000e9200000,0x00000000e9200000)
  from space 22016K, 67% used [0x00000000ea680000,0x00000000eb4edab8,0x00000000ebc00000)
  to   space 20992K, 0% used [0x00000000e9200000,0x00000000e9200000,0x00000000ea680000)
 ParOldGen       total 173568K, used 67038K [0x00000000a0000000, 0x00000000aa980000, 0x00000000e0000000)
  object space 173568K, 38% used [0x00000000a0000000,0x00000000a4177818,0x00000000aa980000)
 Metaspace       used 88745K, capacity 91003K, committed 91284K, reserved 1128448K
  class space    used 11327K, capacity 12201K, committed 12288K, reserved 1048576K
}
Event: 13.198 GC heap after
{Heap after GC invocations=18 (full 3):
 PSYoungGen      total 170496K, used 20962K [0x00000000e0000000, 0x00000000ecd00000, 0x0000000100000000)
  eden space 149504K, 0% used [0x00000000e0000000,0x00000000e0000000,0x00000000e9200000)
  from space 20992K, 99% used [0x00000000e9200000,0x00000000ea6789e0,0x00000000ea680000)
  to   space 22016K, 0% used [0x00000000ea680000,0x00000000ea680000,0x00000000ebc00000)
 ParOldGen       total 173568K, used 85515K [0x00000000a0000000, 0x00000000aa980000, 0x00000000e0000000)
  object space 173568K, 49% used [0x00000000a0000000,0x00000000a5382d10,0x00000000aa980000)
 Metaspace       used 88745K, capacity 91003K, committed 91284K, reserved 1128448K
  class space    used 11327K, capacity 12201K, committed 12288K, reserved 1048576K
}
Event: 14.537 GC heap before
{Heap before GC invocations=19 (full 3):
 PSYoungGen      total 170496K, used 170466K [0x00000000e0000000, 0x00000000ecd00000, 0x0000000100000000)
  eden space 149504K, 100% used [0x00000000e0000000,0x00000000e9200000,0x00000000e9200000)
  from space 20992K, 99% used [0x00000000e9200000,0x00000000ea6789e0,0x00000000ea680000)
  to   space 22016K, 0% used [0x00000000ea680000,0x00000000ea680000,0x00000000ebc00000)
 ParOldGen       total 173568K, used 85515K [0x00000000a0000000, 0x00000000aa980000, 0x00000000e0000000)
  object space 173568K, 49% used [0x00000000a0000000,0x00000000a5382d10,0x00000000aa980000)
 Metaspace       used 89255K, capacity 91529K, committed 91796K, reserved 1128448K
  class space    used 11366K, capacity 12260K, committed 12288K, reserved 1048576K
}
Event: 14.564 GC heap after
{Heap after GC invocations=19 (full 3):
 PSYoungGen      total 171520K, used 8274K [0x00000000e0000000, 0x00000000ecd00000, 0x0000000100000000)
  eden space 149504K, 0% used [0x00000000e0000000,0x00000000e0000000,0x00000000e9200000)
  from space 22016K, 37% used [0x00000000ea680000,0x00000000eae948a8,0x00000000ebc00000)
  to   space 20992K, 0% used [0x00000000e9200000,0x00000000e9200000,0x00000000ea680000)
 ParOldGen       total 173568K, used 99812K [0x00000000a0000000, 0x00000000aa980000, 0x00000000e0000000)
  object space 173568K, 57% used [0x00000000a0000000,0x00000000a61793d8,0x00000000aa980000)
 Metaspace       used 89255K, capacity 91529K, committed 91796K, reserved 1128448K
  class space    used 11366K, capacity 12260K, committed 12288K, reserved 1048576K
}
Event: 15.508 GC heap before
{Heap before GC invocations=20 (full 3):
 PSYoungGen      total 171520K, used 112620K [0x00000000e0000000, 0x00000000ecd00000, 0x0000000100000000)
  eden space 149504K, 69% used [0x00000000e0000000,0x00000000e65e69a0,0x00000000e9200000)
  from space 22016K, 37% used [0x00000000ea680000,0x00000000eae948a8,0x00000000ebc00000)
  to   space 20992K, 0% used [0x00000000e9200000,0x00000000e9200000,0x00000000ea680000)
 ParOldGen       total 173568K, used 99812K [0x00000000a0000000, 0x00000000aa980000, 0x00000000e0000000)
  object space 173568K, 57% used [0x00000000a0000000,0x00000000a61793d8,0x00000000aa980000)
 Metaspace       used 95745K, capacity 98191K, committed 98380K, reserved 1134592K
  class space    used 12329K, capacity 13295K, committed 13312K, reserved 1048576K
}
Event: 15.517 GC heap after
{Heap after GC invocations=20 (full 3):
 PSYoungGen      total 170496K, used 4910K [0x00000000e0000000, 0x00000000ecd00000, 0x0000000100000000)
  eden space 149504K, 0% used [0x00000000e0000000,0x00000000e0000000,0x00000000e9200000)
  from space 20992K, 23% used [0x00000000e9200000,0x00000000e96cbaf8,0x00000000ea680000)
  to   space 22016K, 0% used [0x00000000ea680000,0x00000000ea680000,0x00000000ebc00000)
 ParOldGen       total 173568K, used 106607K [0x00000000a0000000, 0x00000000aa980000, 0x00000000e0000000)
  object space 173568K, 61% used [0x00000000a0000000,0x00000000a681bf68,0x00000000aa980000)
 Metaspace       used 95745K, capacity 98191K, committed 98380K, reserved 1134592K
  class space    used 12329K, capacity 13295K, committed 13312K, reserved 1048576K
}
Event: 15.517 GC heap before
{Heap before GC invocations=21 (full 4):
 PSYoungGen      total 170496K, used 4910K [0x00000000e0000000, 0x00000000ecd00000, 0x0000000100000000)
  eden space 149504K, 0% used [0x00000000e0000000,0x00000000e0000000,0x00000000e9200000)
  from space 20992K, 23% used [0x00000000e9200000,0x00000000e96cbaf8,0x00000000ea680000)
  to   space 22016K, 0% used [0x00000000ea680000,0x00000000ea680000,0x00000000ebc00000)
 ParOldGen       total 173568K, used 106607K [0x00000000a0000000, 0x00000000aa980000, 0x00000000e0000000)
  object space 173568K, 61% used [0x00000000a0000000,0x00000000a681bf68,0x00000000aa980000)
 Metaspace       used 95745K, capacity 98191K, committed 98380K, reserved 1134592K
  class space    used 12329K, capacity 13295K, committed 13312K, reserved 1048576K
}
Event: 15.752 GC heap after
{Heap after GC invocations=21 (full 4):
 PSYoungGen      total 170496K, used 0K [0x00000000e0000000, 0x00000000ecd00000, 0x0000000100000000)
  eden space 149504K, 0% used [0x00000000e0000000,0x00000000e0000000,0x00000000e9200000)
  from space 20992K, 0% used [0x00000000e9200000,0x00000000e9200000,0x00000000ea680000)
  to   space 22016K, 0% used [0x00000000ea680000,0x00000000ea680000,0x00000000ebc00000)
 ParOldGen       total 173568K, used 95272K [0x00000000a0000000, 0x00000000aa980000, 0x00000000e0000000)
  object space 173568K, 54% used [0x00000000a0000000,0x00000000a5d0a040,0x00000000aa980000)
 Metaspace       used 95266K, capacity 97576K, committed 98380K, reserved 1134592K
  class space    used 12247K, capacity 13151K, committed 13312K, reserved 1048576K
}
Event: 17.755 GC heap before
{Heap before GC invocations=22 (full 4):
 PSYoungGen      total 170496K, used 146387K [0x00000000e0000000, 0x00000000ecd00000, 0x0000000100000000)
  eden space 149504K, 97% used [0x00000000e0000000,0x00000000e8ef4f10,0x00000000e9200000)
  from space 20992K, 0% used [0x00000000e9200000,0x00000000e9200000,0x00000000ea680000)
  to   space 22016K, 0% used [0x00000000ea680000,0x00000000ea680000,0x00000000ebc00000)
 ParOldGen       total 173568K, used 95272K [0x00000000a0000000, 0x00000000aa980000, 0x00000000e0000000)
  object space 173568K, 54% used [0x00000000a0000000,0x00000000a5d0a040,0x00000000aa980000)
 Metaspace       used 104451K, capacity 107146K, committed 107340K, reserved 1142784K
  class space    used 13446K, capacity 14490K, committed 14592K, reserved 1048576K
}
Event: 17.761 GC heap after
{Heap after GC invocations=22 (full 4):
 PSYoungGen      total 171520K, used 16208K [0x00000000e0000000, 0x00000000ecd00000, 0x0000000100000000)
  eden space 149504K, 0% used [0x00000000e0000000,0x00000000e0000000,0x00000000e9200000)
  from space 22016K, 73% used [0x00000000ea680000,0x00000000eb654098,0x00000000ebc00000)
  to   space 20992K, 0% used [0x00000000e9200000,0x00000000e9200000,0x00000000ea680000)
 ParOldGen       total 173568K, used 95280K [0x00000000a0000000, 0x00000000aa980000, 0x00000000e0000000)
  object space 173568K, 54% used [0x00000000a0000000,0x00000000a5d0c040,0x00000000aa980000)
 Metaspace       used 104451K, capacity 107146K, committed 107340K, reserved 1142784K
  class space    used 13446K, capacity 14490K, committed 14592K, reserved 1048576K
}

