# JRE version: OpenJDK Runtime Environment (8.0_242-b01) (build 1.8.0_242-release-1644-b01)
# Java VM: OpenJDK 64-Bit Server VM (25.242-b01 mixed mode windows-amd64 compressed oops)
Heap:
 PSYoungGen      total 401920K, used 87592K [0x00000000e0000000, 0x00000000fe000000, 0x0000000100000000)
  eden space 328704K, 26% used [0x00000000e0000000,0x00000000e558a080,0x00000000f4100000)
  from space 73216K, 0% used [0x00000000f9880000,0x00000000f9880000,0x00000000fe000000)
  to   space 81408K, 0% used [0x00000000f4100000,0x00000000f4100000,0x00000000f9080000)
 ParOldGen       total 374272K, used 90384K [0x00000000a0000000, 0x00000000b6d80000, 0x00000000e0000000)
  object space 374272K, 24% used [0x00000000a0000000,0x00000000a5844278,0x00000000b6d80000)
 Metaspace       used 77630K, capacity 80850K, committed 82216K, reserved 1120256K
  class space    used 10256K, capacity 11006K, committed 11312K, reserved 1048576K
GC Heap History (10 events):
Event: 10.782 GC heap before
{Heap before GC invocations=16 (full 3):
 PSYoungGen      total 252416K, used 252388K [0x00000000e0000000, 0x00000000f1780000, 0x0000000100000000)
  eden space 228864K, 100% used [0x00000000e0000000,0x00000000edf80000,0x00000000edf80000)
  from space 23552K, 99% used [0x00000000efa00000,0x00000000f10f91d8,0x00000000f1100000)
  to   space 27136K, 0% used [0x00000000edf80000,0x00000000edf80000,0x00000000efa00000)
 ParOldGen       total 231936K, used 47749K [0x00000000a0000000, 0x00000000ae280000, 0x00000000e0000000)
  object space 231936K, 20% used [0x00000000a0000000,0x00000000a2ea1648,0x00000000ae280000)
 Metaspace       used 66124K, capacity 69978K, committed 70056K, reserved 1110016K
  class space    used 9120K, capacity 9883K, committed 9904K, reserved 1048576K
Event: 10.809 GC heap after
Heap after GC invocations=16 (full 3):
 PSYoungGen      total 256000K, used 27128K [0x00000000e0000000, 0x00000000f5400000, 0x0000000100000000)
  eden space 228864K, 0% used [0x00000000e0000000,0x00000000e0000000,0x00000000edf80000)
  from space 27136K, 99% used [0x00000000edf80000,0x00000000ef9fe2f0,0x00000000efa00000)
  to   space 36352K, 0% used [0x00000000f3080000,0x00000000f3080000,0x00000000f5400000)
 ParOldGen       total 231936K, used 62831K [0x00000000a0000000, 0x00000000ae280000, 0x00000000e0000000)
  object space 231936K, 27% used [0x00000000a0000000,0x00000000a3d5bc58,0x00000000ae280000)
 Metaspace       used 66124K, capacity 69978K, committed 70056K, reserved 1110016K
  class space    used 9120K, capacity 9883K, committed 9904K, reserved 1048576K
}
Event: 13.127 GC heap before
{Heap before GC invocations=17 (full 3):
 PSYoungGen      total 256000K, used 255992K [0x00000000e0000000, 0x00000000f5400000, 0x0000000100000000)
  eden space 228864K, 100% used [0x00000000e0000000,0x00000000edf80000,0x00000000edf80000)
  from space 27136K, 99% used [0x00000000edf80000,0x00000000ef9fe2f0,0x00000000efa00000)
  to   space 36352K, 0% used [0x00000000f3080000,0x00000000f3080000,0x00000000f5400000)
 ParOldGen       total 231936K, used 62831K [0x00000000a0000000, 0x00000000ae280000, 0x00000000e0000000)
  object space 231936K, 27% used [0x00000000a0000000,0x00000000a3d5bc58,0x00000000ae280000)
 Metaspace       used 74812K, capacity 78650K, committed 79016K, reserved 1118208K
  class space    used 10115K, capacity 10846K, committed 10928K, reserved 1048576K
Event: 13.173 GC heap after
Heap after GC invocations=17 (full 3):
 PSYoungGen      total 296960K, used 36344K [0x00000000e0000000, 0x00000000f7180000, 0x0000000100000000)
  eden space 260608K, 0% used [0x00000000e0000000,0x00000000e0000000,0x00000000efe80000)
  from space 36352K, 99% used [0x00000000f3080000,0x00000000f53fe070,0x00000000f5400000)
  to   space 51200K, 0% used [0x00000000efe80000,0x00000000efe80000,0x00000000f3080000)
 ParOldGen       total 231936K, used 89211K [0x00000000a0000000, 0x00000000ae280000, 0x00000000e0000000)
  object space 231936K, 38% used [0x00000000a0000000,0x00000000a571ece0,0x00000000ae280000)
 Metaspace       used 74812K, capacity 78650K, committed 79016K, reserved 1118208K
  class space    used 10115K, capacity 10846K, committed 10928K, reserved 1048576K
}
Event: 14.102 GC heap before
{Heap before GC invocations=18 (full 3):
 PSYoungGen      total 296960K, used 296952K [0x00000000e0000000, 0x00000000f7180000, 0x0000000100000000)
  eden space 260608K, 100% used [0x00000000e0000000,0x00000000efe80000,0x00000000efe80000)
  from space 36352K, 99% used [0x00000000f3080000,0x00000000f53fe070,0x00000000f5400000)
  to   space 51200K, 0% used [0x00000000efe80000,0x00000000efe80000,0x00000000f3080000)
 ParOldGen       total 231936K, used 89211K [0x00000000a0000000, 0x00000000ae280000, 0x00000000e0000000)
  object space 231936K, 38% used [0x00000000a0000000,0x00000000a571ece0,0x00000000ae280000)
 Metaspace       used 75898K, capacity 79872K, committed 80168K, reserved 1118208K
  class space    used 10211K, capacity 11015K, committed 11056K, reserved 1048576K
Event: 14.174 GC heap after
Heap after GC invocations=18 (full 3):
 PSYoungGen      total 311808K, used 51184K [0x00000000e0000000, 0x00000000feb80000, 0x0000000100000000)
  eden space 260608K, 0% used [0x00000000e0000000,0x00000000e0000000,0x00000000efe80000)
  from space 51200K, 99% used [0x00000000efe80000,0x00000000f307c170,0x00000000f3080000)
  to   space 84992K, 0% used [0x00000000f9880000,0x00000000f9880000,0x00000000feb80000)
 ParOldGen       total 231936K, used 157407K [0x00000000a0000000, 0x00000000ae280000, 0x00000000e0000000)
  object space 231936K, 67% used [0x00000000a0000000,0x00000000a99b7d98,0x00000000ae280000)
 Metaspace       used 75898K, capacity 79872K, committed 80168K, reserved 1118208K
  class space    used 10211K, capacity 11015K, committed 11056K, reserved 1048576K
}
Event: 16.934 GC heap before
{Heap before GC invocations=19 (full 3):
 PSYoungGen      total 311808K, used 311792K [0x00000000e0000000, 0x00000000feb80000, 0x0000000100000000)
  eden space 260608K, 100% used [0x00000000e0000000,0x00000000efe80000,0x00000000efe80000)
  from space 51200K, 99% used [0x00000000efe80000,0x00000000f307c170,0x00000000f3080000)
  to   space 84992K, 0% used [0x00000000f9880000,0x00000000f9880000,0x00000000feb80000)
 ParOldGen       total 231936K, used 157407K [0x00000000a0000000, 0x00000000ae280000, 0x00000000e0000000)
  object space 231936K, 67% used [0x00000000a0000000,0x00000000a99b7d98,0x00000000ae280000)
 Metaspace       used 77837K, capacity 81788K, committed 82088K, reserved 1120256K
  class space    used 10356K, capacity 11171K, committed 11184K, reserved 1048576K
Event: 16.980 GC heap after
Heap after GC invocations=19 (full 3):
 PSYoungGen      total 401920K, used 36889K [0x00000000e0000000, 0x00000000fe000000, 0x0000000100000000)
  eden space 328704K, 0% used [0x00000000e0000000,0x00000000e0000000,0x00000000f4100000)
  from space 73216K, 50% used [0x00000000f9880000,0x00000000fbc867c8,0x00000000fe000000)
  to   space 81408K, 0% used [0x00000000f4100000,0x00000000f4100000,0x00000000f9080000)
 ParOldGen       total 231936K, used 194221K [0x00000000a0000000, 0x00000000ae280000, 0x00000000e0000000)
  object space 231936K, 83% used [0x00000000a0000000,0x00000000abdab738,0x00000000ae280000)
 Metaspace       used 77837K, capacity 81788K, committed 82088K, reserved 1120256K
  class space    used 10356K, capacity 11171K, committed 11184K, reserved 1048576K
}
Event: 16.980 GC heap before
{Heap before GC invocations=20 (full 4):
 PSYoungGen      total 401920K, used 36889K [0x00000000e0000000, 0x00000000fe000000, 0x0000000100000000)
  eden space 328704K, 0% used [0x00000000e0000000,0x00000000e0000000,0x00000000f4100000)
  from space 73216K, 50% used [0x00000000f9880000,0x00000000fbc867c8,0x00000000fe000000)
  to   space 81408K, 0% used [0x00000000f4100000,0x00000000f4100000,0x00000000f9080000)
 ParOldGen       total 231936K, used 194221K [0x00000000a0000000, 0x00000000ae280000, 0x00000000e0000000)
  object space 231936K, 83% used [0x00000000a0000000,0x00000000abdab738,0x00000000ae280000)
 Metaspace       used 77837K, capacity 81788K, committed 82088K, reserved 1120256K
  class space    used 10356K, capacity 11171K, committed 11184K, reserved 1048576K
Event: 17.183 GC heap after
Heap after GC invocations=20 (full 4):
 PSYoungGen      total 401920K, used 0K [0x00000000e0000000, 0x00000000fe000000, 0x0000000100000000)
  eden space 328704K, 0% used [0x00000000e0000000,0x00000000e0000000,0x00000000f4100000)
  from space 73216K, 0% used [0x00000000f9880000,0x00000000f9880000,0x00000000fe000000)
  to   space 81408K, 0% used [0x00000000f4100000,0x00000000f4100000,0x00000000f9080000)
 ParOldGen       total 374272K, used 90384K [0x00000000a0000000, 0x00000000b6d80000, 0x00000000e0000000)
  object space 374272K, 24% used [0x00000000a0000000,0x00000000a5844278,0x00000000b6d80000)
 Metaspace       used 77484K, capacity 80736K, committed 82088K, reserved 1120256K
  class space    used 10243K, capacity 10973K, committed 11184K, reserved 1048576K
}

