# JRE version: OpenJDK Runtime Environment (8.0_242-b01) (build 1.8.0_242-release-1644-b01)
# Java VM: OpenJDK 64-Bit Server VM (25.242-b01 mixed mode windows-amd64 compressed oops)
Heap:
 PSYoungGen      total 337920K, used 268256K [0x00000000e0000000, 0x00000000f8b80000, 0x0000000100000000)
  eden space 290304K, 79% used [0x00000000e0000000,0x00000000ee27a858,0x00000000f1b80000)
  from space 47616K, 76% used [0x00000000f4d00000,0x00000000f707d8d8,0x00000000f7b80000)
  to   space 50688K, 0% used [0x00000000f1b80000,0x00000000f1b80000,0x00000000f4d00000)
 ParOldGen       total 220672K, used 95519K [0x00000000a0000000, 0x00000000ad780000, 0x00000000e0000000)
  object space 220672K, 43% used [0x00000000a0000000,0x00000000a5d47ce0,0x00000000ad780000)
 Metaspace       used 90654K, capacity 95460K, committed 95576K, reserved 1132544K
  class space    used 11974K, capacity 12873K, committed 12928K, reserved 1048576K
GC Heap History (10 events):
Event: 11.835 GC heap before
{Heap before GC invocations=15 (full 3):
 PSYoungGen      total 221696K, used 218792K [0x00000000e0000000, 0x00000000f1080000, 0x0000000100000000)
  eden space 200704K, 100% used [0x00000000e0000000,0x00000000ec400000,0x00000000ec400000)
  from space 20992K, 86% used [0x00000000ec400000,0x00000000ed5aa278,0x00000000ed880000)
  to   space 22528K, 0% used [0x00000000efa80000,0x00000000efa80000,0x00000000f1080000)
 ParOldGen       total 220672K, used 37245K [0x00000000a0000000, 0x00000000ad780000, 0x00000000e0000000)
  object space 220672K, 16% used [0x00000000a0000000,0x00000000a245f508,0x00000000ad780000)
 Metaspace       used 69583K, capacity 72866K, committed 73176K, reserved 1112064K
  class space    used 9451K, capacity 10134K, committed 10240K, reserved 1048576K
Event: 11.869 GC heap after
Heap after GC invocations=15 (full 3):
 PSYoungGen      total 248832K, used 22507K [0x00000000e0000000, 0x00000000f1f00000, 0x0000000100000000)
  eden space 226304K, 0% used [0x00000000e0000000,0x00000000e0000000,0x00000000edd00000)
  from space 22528K, 99% used [0x00000000efa80000,0x00000000f107ac50,0x00000000f1080000)
  to   space 30208K, 0% used [0x00000000edd00000,0x00000000edd00000,0x00000000efa80000)
 ParOldGen       total 220672K, used 50503K [0x00000000a0000000, 0x00000000ad780000, 0x00000000e0000000)
  object space 220672K, 22% used [0x00000000a0000000,0x00000000a3151ed8,0x00000000ad780000)
 Metaspace       used 69583K, capacity 72866K, committed 73176K, reserved 1112064K
  class space    used 9451K, capacity 10134K, committed 10240K, reserved 1048576K
}
Event: 15.775 GC heap before
{Heap before GC invocations=16 (full 3):
 PSYoungGen      total 248832K, used 248811K [0x00000000e0000000, 0x00000000f1f00000, 0x0000000100000000)
  eden space 226304K, 100% used [0x00000000e0000000,0x00000000edd00000,0x00000000edd00000)
  from space 22528K, 99% used [0x00000000efa80000,0x00000000f107ac50,0x00000000f1080000)
  to   space 30208K, 0% used [0x00000000edd00000,0x00000000edd00000,0x00000000efa80000)
 ParOldGen       total 220672K, used 50503K [0x00000000a0000000, 0x00000000ad780000, 0x00000000e0000000)
  object space 220672K, 22% used [0x00000000a0000000,0x00000000a3151ed8,0x00000000ad780000)
 Metaspace       used 72096K, capacity 75432K, committed 75608K, reserved 1114112K
  class space    used 9660K, capacity 10341K, committed 10368K, reserved 1048576K
Event: 15.826 GC heap after
Heap after GC invocations=16 (full 3):
 PSYoungGen      total 256512K, used 30203K [0x00000000e0000000, 0x00000000f5880000, 0x0000000100000000)
  eden space 226304K, 0% used [0x00000000e0000000,0x00000000e0000000,0x00000000edd00000)
  from space 30208K, 99% used [0x00000000edd00000,0x00000000efa7ec50,0x00000000efa80000)
  to   space 45056K, 0% used [0x00000000f2c80000,0x00000000f2c80000,0x00000000f5880000)
 ParOldGen       total 220672K, used 78201K [0x00000000a0000000, 0x00000000ad780000, 0x00000000e0000000)
  object space 220672K, 35% used [0x00000000a0000000,0x00000000a4c5e618,0x00000000ad780000)
 Metaspace       used 72096K, capacity 75432K, committed 75608K, reserved 1114112K
  class space    used 9660K, capacity 10341K, committed 10368K, reserved 1048576K
}
Event: 18.683 GC heap before
{Heap before GC invocations=17 (full 3):
 PSYoungGen      total 256512K, used 256507K [0x00000000e0000000, 0x00000000f5880000, 0x0000000100000000)
  eden space 226304K, 100% used [0x00000000e0000000,0x00000000edd00000,0x00000000edd00000)
  from space 30208K, 99% used [0x00000000edd00000,0x00000000efa7ec50,0x00000000efa80000)
  to   space 45056K, 0% used [0x00000000f2c80000,0x00000000f2c80000,0x00000000f5880000)
 ParOldGen       total 220672K, used 78201K [0x00000000a0000000, 0x00000000ad780000, 0x00000000e0000000)
  object space 220672K, 35% used [0x00000000a0000000,0x00000000a4c5e618,0x00000000ad780000)
 Metaspace       used 82881K, capacity 87420K, committed 87768K, reserved 1124352K
  class space    used 11298K, capacity 12185K, committed 12288K, reserved 1048576K
Event: 18.719 GC heap after
Heap after GC invocations=17 (full 3):
 PSYoungGen      total 304640K, used 25737K [0x00000000e0000000, 0x00000000f5700000, 0x0000000100000000)
  eden space 261120K, 0% used [0x00000000e0000000,0x00000000e0000000,0x00000000eff00000)
  from space 43520K, 59% used [0x00000000f2c80000,0x00000000f45a25d0,0x00000000f5700000)
  to   space 45056K, 0% used [0x00000000eff00000,0x00000000eff00000,0x00000000f2b00000)
 ParOldGen       total 220672K, used 95503K [0x00000000a0000000, 0x00000000ad780000, 0x00000000e0000000)
  object space 220672K, 43% used [0x00000000a0000000,0x00000000a5d43ce0,0x00000000ad780000)
 Metaspace       used 82881K, capacity 87420K, committed 87768K, reserved 1124352K
  class space    used 11298K, capacity 12185K, committed 12288K, reserved 1048576K
}
Event: 346.962 GC heap before
{Heap before GC invocations=18 (full 3):
 PSYoungGen      total 304640K, used 286857K [0x00000000e0000000, 0x00000000f5700000, 0x0000000100000000)
  eden space 261120K, 100% used [0x00000000e0000000,0x00000000eff00000,0x00000000eff00000)
  from space 43520K, 59% used [0x00000000f2c80000,0x00000000f45a25d0,0x00000000f5700000)
  to   space 45056K, 0% used [0x00000000eff00000,0x00000000eff00000,0x00000000f2b00000)
 ParOldGen       total 220672K, used 95503K [0x00000000a0000000, 0x00000000ad780000, 0x00000000e0000000)
  object space 220672K, 43% used [0x00000000a0000000,0x00000000a5d43ce0,0x00000000ad780000)
 Metaspace       used 89528K, capacity 94216K, committed 94552K, reserved 1130496K
  class space    used 11903K, capacity 12815K, committed 12928K, reserved 1048576K
Event: 346.992 GC heap after
Heap after GC invocations=18 (full 3):
 PSYoungGen      total 306176K, used 34121K [0x00000000e0000000, 0x00000000f7b80000, 0x0000000100000000)
  eden space 261120K, 0% used [0x00000000e0000000,0x00000000e0000000,0x00000000eff00000)
  from space 45056K, 75% used [0x00000000eff00000,0x00000000f20524b8,0x00000000f2b00000)
  to   space 47616K, 0% used [0x00000000f4d00000,0x00000000f4d00000,0x00000000f7b80000)
 ParOldGen       total 220672K, used 95511K [0x00000000a0000000, 0x00000000ad780000, 0x00000000e0000000)
  object space 220672K, 43% used [0x00000000a0000000,0x00000000a5d45ce0,0x00000000ad780000)
 Metaspace       used 89528K, capacity 94216K, committed 94552K, reserved 1130496K
  class space    used 11903K, capacity 12815K, committed 12928K, reserved 1048576K
}
Event: 348.423 GC heap before
{Heap before GC invocations=19 (full 3):
 PSYoungGen      total 306176K, used 295241K [0x00000000e0000000, 0x00000000f7b80000, 0x0000000100000000)
  eden space 261120K, 100% used [0x00000000e0000000,0x00000000eff00000,0x00000000eff00000)
  from space 45056K, 75% used [0x00000000eff00000,0x00000000f20524b8,0x00000000f2b00000)
  to   space 47616K, 0% used [0x00000000f4d00000,0x00000000f4d00000,0x00000000f7b80000)
 ParOldGen       total 220672K, used 95511K [0x00000000a0000000, 0x00000000ad780000, 0x00000000e0000000)
  object space 220672K, 43% used [0x00000000a0000000,0x00000000a5d45ce0,0x00000000ad780000)
 Metaspace       used 90145K, capacity 94936K, committed 95064K, reserved 1132544K
  class space    used 11967K, capacity 12863K, committed 12928K, reserved 1048576K
Event: 348.464 GC heap after
Heap after GC invocations=19 (full 3):
 PSYoungGen      total 337920K, used 36342K [0x00000000e0000000, 0x00000000f8b80000, 0x0000000100000000)
  eden space 290304K, 0% used [0x00000000e0000000,0x00000000e0000000,0x00000000f1b80000)
  from space 47616K, 76% used [0x00000000f4d00000,0x00000000f707d8d8,0x00000000f7b80000)
  to   space 50688K, 0% used [0x00000000f1b80000,0x00000000f1b80000,0x00000000f4d00000)
 ParOldGen       total 220672K, used 95519K [0x00000000a0000000, 0x00000000ad780000, 0x00000000e0000000)
  object space 220672K, 43% used [0x00000000a0000000,0x00000000a5d47ce0,0x00000000ad780000)
 Metaspace       used 90145K, capacity 94936K, committed 95064K, reserved 1132544K
  class space    used 11967K, capacity 12863K, committed 12928K, reserved 1048576K
}

