# JRE version: OpenJDK Runtime Environment (8.0_242-b01) (build 1.8.0_242-release-1644-b01)
# Java VM: OpenJDK 64-Bit Server VM (25.242-b01 mixed mode windows-amd64 compressed oops)
Heap:
 PSYoungGen      total 222720K, used 24647K [0x00000000e0000000, 0x00000000f5580000, 0x0000000100000000)
  eden space 207872K, 4% used [0x00000000e0000000,0x00000000e09975a8,0x00000000ecb00000)
  from space 14848K, 99% used [0x00000000ecb00000,0x00000000ed97a808,0x00000000ed980000)
  to   space 18944K, 0% used [0x00000000f4300000,0x00000000f4300000,0x00000000f5580000)
 ParOldGen       total 148480K, used 18704K [0x00000000a0000000, 0x00000000a9100000, 0x00000000e0000000)
  object space 148480K, 12% used [0x00000000a0000000,0x00000000a12442b0,0x00000000a9100000)
 Metaspace       used 45618K, capacity 47628K, committed 47912K, reserved 1091584K
  class space    used 6166K, capacity 6587K, committed 6704K, reserved 1048576K
GC Heap History (10 events):
Event: 2.743 GC heap before
{Heap before GC invocations=5 (full 1):
 PSYoungGen      total 140800K, used 7321K [0x00000000e0000000, 0x00000000e9400000, 0x0000000100000000)
  eden space 130048K, 0% used [0x00000000e0000000,0x00000000e0000000,0x00000000e7f00000)
  from space 10752K, 68% used [0x00000000e8980000,0x00000000e90a6490,0x00000000e9400000)
  to   space 10752K, 0% used [0x00000000e7f00000,0x00000000e7f00000,0x00000000e8980000)
 ParOldGen       total 173568K, used 791K [0x00000000a0000000, 0x00000000aa980000, 0x00000000e0000000)
  object space 173568K, 0% used [0x00000000a0000000,0x00000000a00c5e88,0x00000000aa980000)
 Metaspace       used 20580K, capacity 21236K, committed 21296K, reserved 1067008K
  class space    used 2877K, capacity 3080K, committed 3120K, reserved 1048576K
Event: 2.783 GC heap after
Heap after GC invocations=5 (full 1):
 PSYoungGen      total 140800K, used 0K [0x00000000e0000000, 0x00000000e9400000, 0x0000000100000000)
  eden space 130048K, 0% used [0x00000000e0000000,0x00000000e0000000,0x00000000e7f00000)
  from space 10752K, 0% used [0x00000000e8980000,0x00000000e8980000,0x00000000e9400000)
  to   space 10752K, 0% used [0x00000000e7f00000,0x00000000e7f00000,0x00000000e8980000)
 ParOldGen       total 97280K, used 7167K [0x00000000a0000000, 0x00000000a5f00000, 0x00000000e0000000)
  object space 97280K, 7% used [0x00000000a0000000,0x00000000a06ffec0,0x00000000a5f00000)
 Metaspace       used 20580K, capacity 21236K, committed 21296K, reserved 1067008K
  class space    used 2877K, capacity 3080K, committed 3120K, reserved 1048576K
}
Event: 3.981 GC heap before
{Heap before GC invocations=6 (full 1):
 PSYoungGen      total 140800K, used 130048K [0x00000000e0000000, 0x00000000e9400000, 0x0000000100000000)
  eden space 130048K, 100% used [0x00000000e0000000,0x00000000e7f00000,0x00000000e7f00000)
  from space 10752K, 0% used [0x00000000e8980000,0x00000000e8980000,0x00000000e9400000)
  to   space 10752K, 0% used [0x00000000e7f00000,0x00000000e7f00000,0x00000000e8980000)
 ParOldGen       total 97280K, used 7167K [0x00000000a0000000, 0x00000000a5f00000, 0x00000000e0000000)
  object space 97280K, 7% used [0x00000000a0000000,0x00000000a06ffec0,0x00000000a5f00000)
 Metaspace       used 32703K, capacity 33782K, committed 33968K, reserved 1079296K
  class space    used 4462K, capacity 4723K, committed 4784K, reserved 1048576K
Event: 3.992 GC heap after
Heap after GC invocations=6 (full 1):
 PSYoungGen      total 140800K, used 10735K [0x00000000e0000000, 0x00000000ee900000, 0x0000000100000000)
  eden space 130048K, 0% used [0x00000000e0000000,0x00000000e0000000,0x00000000e7f00000)
  from space 10752K, 99% used [0x00000000e7f00000,0x00000000e897bfe0,0x00000000e8980000)
  to   space 15872K, 0% used [0x00000000ed980000,0x00000000ed980000,0x00000000ee900000)
 ParOldGen       total 97280K, used 10394K [0x00000000a0000000, 0x00000000a5f00000, 0x00000000e0000000)
  object space 97280K, 10% used [0x00000000a0000000,0x00000000a0a26820,0x00000000a5f00000)
 Metaspace       used 32703K, capacity 33782K, committed 33968K, reserved 1079296K
  class space    used 4462K, capacity 4723K, committed 4784K, reserved 1048576K
}
Event: 4.234 GC heap before
{Heap before GC invocations=7 (full 1):
 PSYoungGen      total 140800K, used 48369K [0x00000000e0000000, 0x00000000ee900000, 0x0000000100000000)
  eden space 130048K, 28% used [0x00000000e0000000,0x00000000e24c0768,0x00000000e7f00000)
  from space 10752K, 99% used [0x00000000e7f00000,0x00000000e897bfe0,0x00000000e8980000)
  to   space 15872K, 0% used [0x00000000ed980000,0x00000000ed980000,0x00000000ee900000)
 ParOldGen       total 97280K, used 10394K [0x00000000a0000000, 0x00000000a5f00000, 0x00000000e0000000)
  object space 97280K, 10% used [0x00000000a0000000,0x00000000a0a26820,0x00000000a5f00000)
 Metaspace       used 34255K, capacity 35456K, committed 35496K, reserved 1079296K
  class space    used 4715K, capacity 5037K, committed 5040K, reserved 1048576K
Event: 4.243 GC heap after
Heap after GC invocations=7 (full 1):
 PSYoungGen      total 223744K, used 8472K [0x00000000e0000000, 0x00000000eeb00000, 0x0000000100000000)
  eden space 207872K, 0% used [0x00000000e0000000,0x00000000e0000000,0x00000000ecb00000)
  from space 15872K, 53% used [0x00000000ed980000,0x00000000ee1c6070,0x00000000ee900000)
  to   space 14848K, 0% used [0x00000000ecb00000,0x00000000ecb00000,0x00000000ed980000)
 ParOldGen       total 97280K, used 10402K [0x00000000a0000000, 0x00000000a5f00000, 0x00000000e0000000)
  object space 97280K, 10% used [0x00000000a0000000,0x00000000a0a28820,0x00000000a5f00000)
 Metaspace       used 34255K, capacity 35456K, committed 35496K, reserved 1079296K
  class space    used 4715K, capacity 5037K, committed 5040K, reserved 1048576K
}
Event: 4.243 GC heap before
{Heap before GC invocations=8 (full 2):
 PSYoungGen      total 223744K, used 8472K [0x00000000e0000000, 0x00000000eeb00000, 0x0000000100000000)
  eden space 207872K, 0% used [0x00000000e0000000,0x00000000e0000000,0x00000000ecb00000)
  from space 15872K, 53% used [0x00000000ed980000,0x00000000ee1c6070,0x00000000ee900000)
  to   space 14848K, 0% used [0x00000000ecb00000,0x00000000ecb00000,0x00000000ed980000)
 ParOldGen       total 97280K, used 10402K [0x00000000a0000000, 0x00000000a5f00000, 0x00000000e0000000)
  object space 97280K, 10% used [0x00000000a0000000,0x00000000a0a28820,0x00000000a5f00000)
 Metaspace       used 34255K, capacity 35456K, committed 35496K, reserved 1079296K
  class space    used 4715K, capacity 5037K, committed 5040K, reserved 1048576K
Event: 4.281 GC heap after
Heap after GC invocations=8 (full 2):
 PSYoungGen      total 223744K, used 0K [0x00000000e0000000, 0x00000000eeb00000, 0x0000000100000000)
  eden space 207872K, 0% used [0x00000000e0000000,0x00000000e0000000,0x00000000ecb00000)
  from space 15872K, 0% used [0x00000000ed980000,0x00000000ed980000,0x00000000ee900000)
  to   space 14848K, 0% used [0x00000000ecb00000,0x00000000ecb00000,0x00000000ed980000)
 ParOldGen       total 148480K, used 14920K [0x00000000a0000000, 0x00000000a9100000, 0x00000000e0000000)
  object space 148480K, 10% used [0x00000000a0000000,0x00000000a0e923d8,0x00000000a9100000)
 Metaspace       used 34255K, capacity 35456K, committed 35496K, reserved 1079296K
  class space    used 4715K, capacity 5037K, committed 5040K, reserved 1048576K
}
Event: 5.691 GC heap before
{Heap before GC invocations=9 (full 2):
 PSYoungGen      total 223744K, used 207872K [0x00000000e0000000, 0x00000000eeb00000, 0x0000000100000000)
  eden space 207872K, 100% used [0x00000000e0000000,0x00000000ecb00000,0x00000000ecb00000)
  from space 15872K, 0% used [0x00000000ed980000,0x00000000ed980000,0x00000000ee900000)
  to   space 14848K, 0% used [0x00000000ecb00000,0x00000000ecb00000,0x00000000ed980000)
 ParOldGen       total 148480K, used 14920K [0x00000000a0000000, 0x00000000a9100000, 0x00000000e0000000)
  object space 148480K, 10% used [0x00000000a0000000,0x00000000a0e923d8,0x00000000a9100000)
 Metaspace       used 45452K, capacity 47404K, committed 47528K, reserved 1089536K
  class space    used 6145K, capacity 6555K, committed 6576K, reserved 1048576K
Event: 5.705 GC heap after
Heap after GC invocations=9 (full 2):
 PSYoungGen      total 222720K, used 14826K [0x00000000e0000000, 0x00000000f5580000, 0x0000000100000000)
  eden space 207872K, 0% used [0x00000000e0000000,0x00000000e0000000,0x00000000ecb00000)
  from space 14848K, 99% used [0x00000000ecb00000,0x00000000ed97a808,0x00000000ed980000)
  to   space 18944K, 0% used [0x00000000f4300000,0x00000000f4300000,0x00000000f5580000)
 ParOldGen       total 148480K, used 18704K [0x00000000a0000000, 0x00000000a9100000, 0x00000000e0000000)
  object space 148480K, 12% used [0x00000000a0000000,0x00000000a12442b0,0x00000000a9100000)
 Metaspace       used 45452K, capacity 47404K, committed 47528K, reserved 1089536K
  class space    used 6145K, capacity 6555K, committed 6576K, reserved 1048576K
}

