# JRE version: OpenJDK Runtime Environment (8.0_242-b01) (build 1.8.0_242-release-1644-b01)
# Java VM: OpenJDK 64-Bit Server VM (25.242-b01 mixed mode windows-amd64 compressed oops)
Heap:
 PSYoungGen      total 366080K, used 159505K [0x00000000e0000000, 0x00000000fd980000, 0x0000000100000000)
  eden space 264704K, 49% used [0x00000000e0000000,0x00000000e7ed9078,0x00000000f0280000)
  from space 101376K, 29% used [0x00000000f7680000,0x00000000f936b668,0x00000000fd980000)
  to   space 110080K, 0% used [0x00000000f0280000,0x00000000f0280000,0x00000000f6e00000)
 ParOldGen       total 529408K, used 346046K [0x00000000a0000000, 0x00000000c0500000, 0x00000000e0000000)
  object space 529408K, 65% used [0x00000000a0000000,0x00000000b51efaa0,0x00000000c0500000)
 Metaspace       used 159013K, capacity 167874K, committed 168104K, reserved 1196032K
  class space    used 19797K, capacity 21590K, committed 21680K, reserved 1048576K
GC Heap History (10 events):
Event: 1231.760 GC heap before
{Heap before GC invocations=76 (full 6):
 PSYoungGen      total 218112K, used 217802K [0x00000000e0000000, 0x00000000ff300000, 0x0000000100000000)
  eden space 214016K, 100% used [0x00000000e0000000,0x00000000ed100000,0x00000000ed100000)
  from space 4096K, 92% used [0x00000000ed100000,0x00000000ed4b2878,0x00000000ed500000)
  to   space 148480K, 0% used [0x00000000f6200000,0x00000000f6200000,0x00000000ff300000)
 ParOldGen       total 529408K, used 335205K [0x00000000a0000000, 0x00000000c0500000, 0x00000000e0000000)
  object space 529408K, 63% used [0x00000000a0000000,0x00000000b4759580,0x00000000c0500000)
 Metaspace       used 157886K, capacity 166696K, committed 166952K, reserved 1193984K
  class space    used 19700K, capacity 21513K, committed 21552K, reserved 1048576K
Event: 1231.769 GC heap after
Heap after GC invocations=76 (full 6):
 PSYoungGen      total 368640K, used 8196K [0x00000000e0000000, 0x00000000ffd80000, 0x0000000100000000)
  eden space 220160K, 0% used [0x00000000e0000000,0x00000000e0000000,0x00000000ed700000)
  from space 148480K, 5% used [0x00000000f6200000,0x00000000f6a012f8,0x00000000ff300000)
  to   space 142336K, 0% used [0x00000000ed700000,0x00000000ed700000,0x00000000f6200000)
 ParOldGen       total 529408K, used 336960K [0x00000000a0000000, 0x00000000c0500000, 0x00000000e0000000)
  object space 529408K, 63% used [0x00000000a0000000,0x00000000b4910208,0x00000000c0500000)
 Metaspace       used 157886K, capacity 166696K, committed 166952K, reserved 1193984K
  class space    used 19700K, capacity 21513K, committed 21552K, reserved 1048576K
}
Event: 1235.184 GC heap before
{Heap before GC invocations=77 (full 6):
 PSYoungGen      total 368640K, used 228356K [0x00000000e0000000, 0x00000000ffd80000, 0x0000000100000000)
  eden space 220160K, 100% used [0x00000000e0000000,0x00000000ed700000,0x00000000ed700000)
  from space 148480K, 5% used [0x00000000f6200000,0x00000000f6a012f8,0x00000000ff300000)
  to   space 142336K, 0% used [0x00000000ed700000,0x00000000ed700000,0x00000000f6200000)
 ParOldGen       total 529408K, used 336960K [0x00000000a0000000, 0x00000000c0500000, 0x00000000e0000000)
  object space 529408K, 63% used [0x00000000a0000000,0x00000000b4910208,0x00000000c0500000)
 Metaspace       used 158802K, capacity 167692K, committed 167848K, reserved 1196032K
  class space    used 19784K, capacity 21587K, committed 21680K, reserved 1048576K
Event: 1235.194 GC heap after
Heap after GC invocations=77 (full 6):
 PSYoungGen      total 362496K, used 3458K [0x00000000e0000000, 0x00000000ff000000, 0x0000000100000000)
  eden space 220160K, 0% used [0x00000000e0000000,0x00000000e0000000,0x00000000ed700000)
  from space 142336K, 2% used [0x00000000ed700000,0x00000000eda60b58,0x00000000f6200000)
  to   space 137216K, 0% used [0x00000000f6a00000,0x00000000f6a00000,0x00000000ff000000)
 ParOldGen       total 529408K, used 344073K [0x00000000a0000000, 0x00000000c0500000, 0x00000000e0000000)
  object space 529408K, 64% used [0x00000000a0000000,0x00000000b5002660,0x00000000c0500000)
 Metaspace       used 158802K, capacity 167692K, committed 167848K, reserved 1196032K
  class space    used 19784K, capacity 21587K, committed 21680K, reserved 1048576K
}
Event: 1236.737 GC heap before
{Heap before GC invocations=78 (full 6):
 PSYoungGen      total 362496K, used 223618K [0x00000000e0000000, 0x00000000ff000000, 0x0000000100000000)
  eden space 220160K, 100% used [0x00000000e0000000,0x00000000ed700000,0x00000000ed700000)
  from space 142336K, 2% used [0x00000000ed700000,0x00000000eda60b58,0x00000000f6200000)
  to   space 137216K, 0% used [0x00000000f6a00000,0x00000000f6a00000,0x00000000ff000000)
 ParOldGen       total 529408K, used 344073K [0x00000000a0000000, 0x00000000c0500000, 0x00000000e0000000)
  object space 529408K, 64% used [0x00000000a0000000,0x00000000b5002660,0x00000000c0500000)
 Metaspace       used 158914K, capacity 167782K, committed 168104K, reserved 1196032K
  class space    used 19795K, capacity 21590K, committed 21680K, reserved 1048576K
Event: 1236.757 GC heap after
Heap after GC invocations=78 (full 6):
 PSYoungGen      total 364544K, used 33082K [0x00000000e0000000, 0x00000000fe300000, 0x0000000100000000)
  eden space 240640K, 0% used [0x00000000e0000000,0x00000000e0000000,0x00000000eeb00000)
  from space 123904K, 26% used [0x00000000f6a00000,0x00000000f8a4e938,0x00000000fe300000)
  to   space 126976K, 0% used [0x00000000eeb00000,0x00000000eeb00000,0x00000000f6700000)
 ParOldGen       total 529408K, used 344081K [0x00000000a0000000, 0x00000000c0500000, 0x00000000e0000000)
  object space 529408K, 64% used [0x00000000a0000000,0x00000000b5004660,0x00000000c0500000)
 Metaspace       used 158914K, capacity 167782K, committed 168104K, reserved 1196032K
  class space    used 19795K, capacity 21590K, committed 21680K, reserved 1048576K
}
Event: 1237.449 GC heap before
{Heap before GC invocations=79 (full 6):
 PSYoungGen      total 364544K, used 273722K [0x00000000e0000000, 0x00000000fe300000, 0x0000000100000000)
  eden space 240640K, 100% used [0x00000000e0000000,0x00000000eeb00000,0x00000000eeb00000)
  from space 123904K, 26% used [0x00000000f6a00000,0x00000000f8a4e938,0x00000000fe300000)
  to   space 126976K, 0% used [0x00000000eeb00000,0x00000000eeb00000,0x00000000f6700000)
 ParOldGen       total 529408K, used 344081K [0x00000000a0000000, 0x00000000c0500000, 0x00000000e0000000)
  object space 529408K, 64% used [0x00000000a0000000,0x00000000b5004660,0x00000000c0500000)
 Metaspace       used 158965K, capacity 167870K, committed 168104K, reserved 1196032K
  class space    used 19796K, capacity 21590K, committed 21680K, reserved 1048576K
Event: 1237.466 GC heap after
Heap after GC invocations=79 (full 6):
 PSYoungGen      total 367616K, used 28467K [0x00000000e0000000, 0x00000000fea00000, 0x0000000100000000)
  eden space 240640K, 0% used [0x00000000e0000000,0x00000000e0000000,0x00000000eeb00000)
  from space 126976K, 22% used [0x00000000eeb00000,0x00000000f06ccc00,0x00000000f6700000)
  to   space 118272K, 0% used [0x00000000f7680000,0x00000000f7680000,0x00000000fea00000)
 ParOldGen       total 529408K, used 344089K [0x00000000a0000000, 0x00000000c0500000, 0x00000000e0000000)
  object space 529408K, 64% used [0x00000000a0000000,0x00000000b5006660,0x00000000c0500000)
 Metaspace       used 158965K, capacity 167870K, committed 168104K, reserved 1196032K
  class space    used 19796K, capacity 21590K, committed 21680K, reserved 1048576K
}
Event: 1238.668 GC heap before
{Heap before GC invocations=80 (full 6):
 PSYoungGen      total 367616K, used 269107K [0x00000000e0000000, 0x00000000fea00000, 0x0000000100000000)
  eden space 240640K, 100% used [0x00000000e0000000,0x00000000eeb00000,0x00000000eeb00000)
  from space 126976K, 22% used [0x00000000eeb00000,0x00000000f06ccc00,0x00000000f6700000)
  to   space 118272K, 0% used [0x00000000f7680000,0x00000000f7680000,0x00000000fea00000)
 ParOldGen       total 529408K, used 344089K [0x00000000a0000000, 0x00000000c0500000, 0x00000000e0000000)
  object space 529408K, 64% used [0x00000000a0000000,0x00000000b5006660,0x00000000c0500000)
 Metaspace       used 158990K, capacity 167874K, committed 168104K, reserved 1196032K
  class space    used 19796K, capacity 21590K, committed 21680K, reserved 1048576K
Event: 1238.685 GC heap after
Heap after GC invocations=80 (full 6):
 PSYoungGen      total 366080K, used 29613K [0x00000000e0000000, 0x00000000fd980000, 0x0000000100000000)
  eden space 264704K, 0% used [0x00000000e0000000,0x00000000e0000000,0x00000000f0280000)
  from space 101376K, 29% used [0x00000000f7680000,0x00000000f936b668,0x00000000fd980000)
  to   space 110080K, 0% used [0x00000000f0280000,0x00000000f0280000,0x00000000f6e00000)
 ParOldGen       total 529408K, used 346046K [0x00000000a0000000, 0x00000000c0500000, 0x00000000e0000000)
  object space 529408K, 65% used [0x00000000a0000000,0x00000000b51efaa0,0x00000000c0500000)
 Metaspace       used 158990K, capacity 167874K, committed 168104K, reserved 1196032K
  class space    used 19796K, capacity 21590K, committed 21680K, reserved 1048576K
}

