# JRE version: OpenJDK Runtime Environment (8.0_242-b01) (build 1.8.0_242-release-1644-b01)
# Java VM: OpenJDK 64-Bit Server VM (25.242-b01 mixed mode windows-amd64 compressed oops)
Heap:
 PSYoungGen      total 225792K, used 168083K [0x00000000e0000000, 0x00000000f1680000, 0x0000000100000000)
  eden space 203264K, 71% used [0x00000000e0000000,0x00000000e8e2a1d8,0x00000000ec680000)
  from space 22528K, 99% used [0x00000000f0080000,0x00000000f167ada0,0x00000000f1680000)
  to   space 20992K, 0% used [0x00000000ec680000,0x00000000ec680000,0x00000000edb00000)
 ParOldGen       total 218112K, used 51291K [0x00000000a0000000, 0x00000000ad500000, 0x00000000e0000000)
  object space 218112K, 23% used [0x00000000a0000000,0x00000000a3216fb0,0x00000000ad500000)
 Metaspace       used 70309K, capacity 73784K, committed 74008K, reserved 1114112K
  class space    used 9573K, capacity 10253K, committed 10288K, reserved 1048576K
GC Heap History (10 events):
Event: 5.446 GC heap before
{Heap before GC invocations=11 (full 2):
 PSYoungGen      total 169984K, used 169586K [0x00000000e0000000, 0x00000000ecb00000, 0x0000000100000000)
  eden space 160256K, 100% used [0x00000000e0000000,0x00000000e9c80000,0x00000000e9c80000)
  from space 9728K, 95% used [0x00000000ec180000,0x00000000eca9cbe0,0x00000000ecb00000)
  to   space 11776K, 0% used [0x00000000eb400000,0x00000000eb400000,0x00000000ebf80000)
 ParOldGen       total 140800K, used 14958K [0x00000000a0000000, 0x00000000a8980000, 0x00000000e0000000)
  object space 140800K, 10% used [0x00000000a0000000,0x00000000a0e9b820,0x00000000a8980000)
 Metaspace       used 51298K, capacity 53416K, committed 53672K, reserved 1095680K
  class space    used 6869K, capacity 7330K, committed 7344K, reserved 1048576K
Event: 5.469 GC heap after
Heap after GC invocations=11 (full 2):
 PSYoungGen      total 196096K, used 11748K [0x00000000e0000000, 0x00000000eec80000, 0x0000000100000000)
  eden space 184320K, 0% used [0x00000000e0000000,0x00000000e0000000,0x00000000eb400000)
  from space 11776K, 99% used [0x00000000eb400000,0x00000000ebf79330,0x00000000ebf80000)
  to   space 17920K, 0% used [0x00000000edb00000,0x00000000edb00000,0x00000000eec80000)
 ParOldGen       total 140800K, used 28270K [0x00000000a0000000, 0x00000000a8980000, 0x00000000e0000000)
  object space 140800K, 20% used [0x00000000a0000000,0x00000000a1b9bb80,0x00000000a8980000)
 Metaspace       used 51298K, capacity 53416K, committed 53672K, reserved 1095680K
  class space    used 6869K, capacity 7330K, committed 7344K, reserved 1048576K
}
Event: 6.088 GC heap before
{Heap before GC invocations=12 (full 2):
 PSYoungGen      total 196096K, used 84888K [0x00000000e0000000, 0x00000000eec80000, 0x0000000100000000)
  eden space 184320K, 39% used [0x00000000e0000000,0x00000000e476cf78,0x00000000eb400000)
  from space 11776K, 99% used [0x00000000eb400000,0x00000000ebf79330,0x00000000ebf80000)
  to   space 17920K, 0% used [0x00000000edb00000,0x00000000edb00000,0x00000000eec80000)
 ParOldGen       total 140800K, used 28270K [0x00000000a0000000, 0x00000000a8980000, 0x00000000e0000000)
  object space 140800K, 20% used [0x00000000a0000000,0x00000000a1b9bb80,0x00000000a8980000)
 Metaspace       used 56447K, capacity 58958K, committed 59160K, reserved 1099776K
  class space    used 7717K, capacity 8233K, committed 8240K, reserved 1048576K
Event: 6.106 GC heap after
Heap after GC invocations=12 (full 2):
 PSYoungGen      total 221184K, used 17909K [0x00000000e0000000, 0x00000000f1300000, 0x0000000100000000)
  eden space 203264K, 0% used [0x00000000e0000000,0x00000000e0000000,0x00000000ec680000)
  from space 17920K, 99% used [0x00000000edb00000,0x00000000eec7d6c0,0x00000000eec80000)
  to   space 20992K, 0% used [0x00000000ec680000,0x00000000ec680000,0x00000000edb00000)
 ParOldGen       total 140800K, used 30460K [0x00000000a0000000, 0x00000000a8980000, 0x00000000e0000000)
  object space 140800K, 21% used [0x00000000a0000000,0x00000000a1dbf058,0x00000000a8980000)
 Metaspace       used 56447K, capacity 58958K, committed 59160K, reserved 1099776K
  class space    used 7717K, capacity 8233K, committed 8240K, reserved 1048576K
}
Event: 6.106 GC heap before
{Heap before GC invocations=13 (full 3):
 PSYoungGen      total 221184K, used 17909K [0x00000000e0000000, 0x00000000f1300000, 0x0000000100000000)
  eden space 203264K, 0% used [0x00000000e0000000,0x00000000e0000000,0x00000000ec680000)
  from space 17920K, 99% used [0x00000000edb00000,0x00000000eec7d6c0,0x00000000eec80000)
  to   space 20992K, 0% used [0x00000000ec680000,0x00000000ec680000,0x00000000edb00000)
 ParOldGen       total 140800K, used 30460K [0x00000000a0000000, 0x00000000a8980000, 0x00000000e0000000)
  object space 140800K, 21% used [0x00000000a0000000,0x00000000a1dbf058,0x00000000a8980000)
 Metaspace       used 56447K, capacity 58958K, committed 59160K, reserved 1099776K
  class space    used 7717K, capacity 8233K, committed 8240K, reserved 1048576K
Event: 6.342 GC heap after
Heap after GC invocations=13 (full 3):
 PSYoungGen      total 221184K, used 0K [0x00000000e0000000, 0x00000000f1300000, 0x0000000100000000)
  eden space 203264K, 0% used [0x00000000e0000000,0x00000000e0000000,0x00000000ec680000)
  from space 17920K, 0% used [0x00000000edb00000,0x00000000edb00000,0x00000000eec80000)
  to   space 20992K, 0% used [0x00000000ec680000,0x00000000ec680000,0x00000000edb00000)
 ParOldGen       total 218112K, used 36908K [0x00000000a0000000, 0x00000000ad500000, 0x00000000e0000000)
  object space 218112K, 16% used [0x00000000a0000000,0x00000000a240b110,0x00000000ad500000)
 Metaspace       used 56402K, capacity 58808K, committed 59160K, reserved 1099776K
  class space    used 7704K, capacity 8208K, committed 8240K, reserved 1048576K
}
Event: 8.069 GC heap before
{Heap before GC invocations=14 (full 3):
 PSYoungGen      total 221184K, used 203264K [0x00000000e0000000, 0x00000000f1300000, 0x0000000100000000)
  eden space 203264K, 100% used [0x00000000e0000000,0x00000000ec680000,0x00000000ec680000)
  from space 17920K, 0% used [0x00000000edb00000,0x00000000edb00000,0x00000000eec80000)
  to   space 20992K, 0% used [0x00000000ec680000,0x00000000ec680000,0x00000000edb00000)
 ParOldGen       total 218112K, used 36908K [0x00000000a0000000, 0x00000000ad500000, 0x00000000e0000000)
  object space 218112K, 16% used [0x00000000a0000000,0x00000000a240b110,0x00000000ad500000)
 Metaspace       used 63708K, capacity 66694K, committed 66968K, reserved 1107968K
  class space    used 8768K, capacity 9339K, committed 9392K, reserved 1048576K
Event: 8.083 GC heap after
Heap after GC invocations=14 (full 3):
 PSYoungGen      total 224256K, used 18446K [0x00000000e0000000, 0x00000000f1680000, 0x0000000100000000)
  eden space 203264K, 0% used [0x00000000e0000000,0x00000000e0000000,0x00000000ec680000)
  from space 20992K, 87% used [0x00000000ec680000,0x00000000ed883bc0,0x00000000edb00000)
  to   space 22528K, 0% used [0x00000000f0080000,0x00000000f0080000,0x00000000f1680000)
 ParOldGen       total 218112K, used 36916K [0x00000000a0000000, 0x00000000ad500000, 0x00000000e0000000)
  object space 218112K, 16% used [0x00000000a0000000,0x00000000a240d110,0x00000000ad500000)
 Metaspace       used 63708K, capacity 66694K, committed 66968K, reserved 1107968K
  class space    used 8768K, capacity 9339K, committed 9392K, reserved 1048576K
}
Event: 9.680 GC heap before
{Heap before GC invocations=15 (full 3):
 PSYoungGen      total 224256K, used 221710K [0x00000000e0000000, 0x00000000f1680000, 0x0000000100000000)
  eden space 203264K, 100% used [0x00000000e0000000,0x00000000ec680000,0x00000000ec680000)
  from space 20992K, 87% used [0x00000000ec680000,0x00000000ed883bc0,0x00000000edb00000)
  to   space 22528K, 0% used [0x00000000f0080000,0x00000000f0080000,0x00000000f1680000)
 ParOldGen       total 218112K, used 36916K [0x00000000a0000000, 0x00000000ad500000, 0x00000000e0000000)
  object space 218112K, 16% used [0x00000000a0000000,0x00000000a240d110,0x00000000ad500000)
 Metaspace       used 69532K, capacity 72920K, committed 73240K, reserved 1112064K
  class space    used 9515K, capacity 10221K, committed 10288K, reserved 1048576K
Event: 9.703 GC heap after
Heap after GC invocations=15 (full 3):
 PSYoungGen      total 225792K, used 22507K [0x00000000e0000000, 0x00000000f1680000, 0x0000000100000000)
  eden space 203264K, 0% used [0x00000000e0000000,0x00000000e0000000,0x00000000ec680000)
  from space 22528K, 99% used [0x00000000f0080000,0x00000000f167ada0,0x00000000f1680000)
  to   space 20992K, 0% used [0x00000000ec680000,0x00000000ec680000,0x00000000edb00000)
 ParOldGen       total 218112K, used 51291K [0x00000000a0000000, 0x00000000ad500000, 0x00000000e0000000)
  object space 218112K, 23% used [0x00000000a0000000,0x00000000a3216fb0,0x00000000ad500000)
 Metaspace       used 69532K, capacity 72920K, committed 73240K, reserved 1112064K
  class space    used 9515K, capacity 10221K, committed 10288K, reserved 1048576K
}

