# JRE version: OpenJDK Runtime Environment (11.0.8+10) (build 11.0.8+10-b944.6842174)
# Java VM: OpenJDK 64-Bit Server VM (11.0.8+10-b944.6842174, mixed mode, tiered, compressed oops, parallel gc, windows-amd64)
Heap:
 PSYoungGen      total 170496K, used 36345K [0x00000000e0000000, 0x00000000ecd00000, 0x0000000100000000)
  eden space 149504K, 12% used [0x00000000e0000000,0x00000000e127c8b8,0x00000000e9200000)
  from space 20992K, 82% used [0x00000000e9200000,0x00000000ea301cf0,0x00000000ea680000)
  to   space 22016K, 0% used [0x00000000ea680000,0x00000000ea680000,0x00000000ebc00000)
 ParOldGen       total 173568K, used 88158K [0x00000000a0000000, 0x00000000aa980000, 0x00000000e0000000)
  object space 173568K, 50% used [0x00000000a0000000,0x00000000a5617a80,0x00000000aa980000)
 Metaspace       used 91730K, capacity 94034K, committed 94228K, reserved 1130496K
  class space    used 11710K, capacity 12568K, committed 12672K, reserved 1048576K
GC Heap History (20 events):
Event: 5.289 GC heap before
{Heap before GC invocations=11 (full 2):
 PSYoungGen      total 77312K, used 32415K [0x00000000e0000000, 0x00000000ea300000, 0x0000000100000000)
  eden space 57856K, 22% used [0x00000000e0000000,0x00000000e0caba38,0x00000000e3880000)
  from space 19456K, 99% used [0x00000000e4e80000,0x00000000e617c4c0,0x00000000e6180000)
  to   space 22528K, 0% used [0x00000000e3880000,0x00000000e3880000,0x00000000e4e80000)
 ParOldGen       total 173568K, used 21809K [0x00000000a0000000, 0x00000000aa980000, 0x00000000e0000000)
  object space 173568K, 12% used [0x00000000a0000000,0x00000000a154c428,0x00000000aa980000)
 Metaspace       used 57487K, capacity 58851K, committed 59028K, reserved 1099776K
  class space    used 7326K, capacity 7872K, committed 7936K, reserved 1048576K
}
Event: 5.300 GC heap after
{Heap after GC invocations=11 (full 2):
 PSYoungGen      total 80384K, used 14125K [0x00000000e0000000, 0x00000000ea400000, 0x0000000100000000)
  eden space 57856K, 0% used [0x00000000e0000000,0x00000000e0000000,0x00000000e3880000)
  from space 22528K, 62% used [0x00000000e3880000,0x00000000e464b570,0x00000000e4e80000)
  to   space 23040K, 0% used [0x00000000e8d80000,0x00000000e8d80000,0x00000000ea400000)
 ParOldGen       total 173568K, used 28050K [0x00000000a0000000, 0x00000000aa980000, 0x00000000e0000000)
  object space 173568K, 16% used [0x00000000a0000000,0x00000000a1b64a88,0x00000000aa980000)
 Metaspace       used 57487K, capacity 58851K, committed 59028K, reserved 1099776K
  class space    used 7326K, capacity 7872K, committed 7936K, reserved 1048576K
}
Event: 5.300 GC heap before
{Heap before GC invocations=12 (full 3):
 PSYoungGen      total 80384K, used 14125K [0x00000000e0000000, 0x00000000ea400000, 0x0000000100000000)
  eden space 57856K, 0% used [0x00000000e0000000,0x00000000e0000000,0x00000000e3880000)
  from space 22528K, 62% used [0x00000000e3880000,0x00000000e464b570,0x00000000e4e80000)
  to   space 23040K, 0% used [0x00000000e8d80000,0x00000000e8d80000,0x00000000ea400000)
 ParOldGen       total 173568K, used 28050K [0x00000000a0000000, 0x00000000aa980000, 0x00000000e0000000)
  object space 173568K, 16% used [0x00000000a0000000,0x00000000a1b64a88,0x00000000aa980000)
 Metaspace       used 57487K, capacity 58851K, committed 59028K, reserved 1099776K
  class space    used 7326K, capacity 7872K, committed 7936K, reserved 1048576K
}
Event: 5.476 GC heap after
{Heap after GC invocations=12 (full 3):
 PSYoungGen      total 80384K, used 0K [0x00000000e0000000, 0x00000000ea400000, 0x0000000100000000)
  eden space 57856K, 0% used [0x00000000e0000000,0x00000000e0000000,0x00000000e3880000)
  from space 22528K, 0% used [0x00000000e3880000,0x00000000e3880000,0x00000000e4e80000)
  to   space 23040K, 0% used [0x00000000e8d80000,0x00000000e8d80000,0x00000000ea400000)
 ParOldGen       total 173568K, used 41457K [0x00000000a0000000, 0x00000000aa980000, 0x00000000e0000000)
  object space 173568K, 23% used [0x00000000a0000000,0x00000000a287c660,0x00000000aa980000)
 Metaspace       used 57446K, capacity 58782K, committed 59028K, reserved 1099776K
  class space    used 7313K, capacity 7849K, committed 7936K, reserved 1048576K
}
Event: 5.888 GC heap before
{Heap before GC invocations=13 (full 3):
 PSYoungGen      total 80384K, used 57856K [0x00000000e0000000, 0x00000000ea400000, 0x0000000100000000)
  eden space 57856K, 100% used [0x00000000e0000000,0x00000000e3880000,0x00000000e3880000)
  from space 22528K, 0% used [0x00000000e3880000,0x00000000e3880000,0x00000000e4e80000)
  to   space 23040K, 0% used [0x00000000e8d80000,0x00000000e8d80000,0x00000000ea400000)
 ParOldGen       total 173568K, used 41457K [0x00000000a0000000, 0x00000000aa980000, 0x00000000e0000000)
  object space 173568K, 23% used [0x00000000a0000000,0x00000000a287c660,0x00000000aa980000)
 Metaspace       used 60872K, capacity 62429K, committed 62612K, reserved 1103872K
  class space    used 7749K, capacity 8331K, committed 8448K, reserved 1048576K
}
Event: 5.894 GC heap after
{Heap after GC invocations=13 (full 3):
 PSYoungGen      total 97792K, used 4992K [0x00000000e0000000, 0x00000000e9280000, 0x0000000100000000)
  eden space 92672K, 0% used [0x00000000e0000000,0x00000000e0000000,0x00000000e5a80000)
  from space 5120K, 97% used [0x00000000e8d80000,0x00000000e9260000,0x00000000e9280000)
  to   space 22528K, 0% used [0x00000000e6680000,0x00000000e6680000,0x00000000e7c80000)
 ParOldGen       total 173568K, used 41465K [0x00000000a0000000, 0x00000000aa980000, 0x00000000e0000000)
  object space 173568K, 23% used [0x00000000a0000000,0x00000000a287e660,0x00000000aa980000)
 Metaspace       used 60872K, capacity 62429K, committed 62612K, reserved 1103872K
  class space    used 7749K, capacity 8331K, committed 8448K, reserved 1048576K
}
Event: 6.727 GC heap before
{Heap before GC invocations=14 (full 3):
 PSYoungGen      total 97792K, used 97664K [0x00000000e0000000, 0x00000000e9280000, 0x0000000100000000)
  eden space 92672K, 100% used [0x00000000e0000000,0x00000000e5a80000,0x00000000e5a80000)
  from space 5120K, 97% used [0x00000000e8d80000,0x00000000e9260000,0x00000000e9280000)
  to   space 22528K, 0% used [0x00000000e6680000,0x00000000e6680000,0x00000000e7c80000)
 ParOldGen       total 173568K, used 41465K [0x00000000a0000000, 0x00000000aa980000, 0x00000000e0000000)
  object space 173568K, 23% used [0x00000000a0000000,0x00000000a287e660,0x00000000aa980000)
 Metaspace       used 68923K, capacity 70613K, committed 70804K, reserved 1110016K
  class space    used 9079K, capacity 9721K, committed 9728K, reserved 1048576K
}
Event: 6.735 GC heap after
{Heap after GC invocations=14 (full 3):
 PSYoungGen      total 127488K, used 5780K [0x00000000e0000000, 0x00000000ebc00000, 0x0000000100000000)
  eden space 104960K, 0% used [0x00000000e0000000,0x00000000e0000000,0x00000000e6680000)
  from space 22528K, 25% used [0x00000000e6680000,0x00000000e6c25030,0x00000000e7c80000)
  to   space 22016K, 0% used [0x00000000ea680000,0x00000000ea680000,0x00000000ebc00000)
 ParOldGen       total 173568K, used 46293K [0x00000000a0000000, 0x00000000aa980000, 0x00000000e0000000)
  object space 173568K, 26% used [0x00000000a0000000,0x00000000a2d35680,0x00000000aa980000)
 Metaspace       used 68923K, capacity 70613K, committed 70804K, reserved 1110016K
  class space    used 9079K, capacity 9721K, committed 9728K, reserved 1048576K
}
Event: 7.765 GC heap before
{Heap before GC invocations=15 (full 3):
 PSYoungGen      total 127488K, used 110740K [0x00000000e0000000, 0x00000000ebc00000, 0x0000000100000000)
  eden space 104960K, 100% used [0x00000000e0000000,0x00000000e6680000,0x00000000e6680000)
  from space 22528K, 25% used [0x00000000e6680000,0x00000000e6c25030,0x00000000e7c80000)
  to   space 22016K, 0% used [0x00000000ea680000,0x00000000ea680000,0x00000000ebc00000)
 ParOldGen       total 173568K, used 46293K [0x00000000a0000000, 0x00000000aa980000, 0x00000000e0000000)
  object space 173568K, 26% used [0x00000000a0000000,0x00000000a2d35680,0x00000000aa980000)
 Metaspace       used 76282K, capacity 78315K, committed 78484K, reserved 1118208K
  class space    used 9963K, capacity 10702K, committed 10752K, reserved 1048576K
}
Event: 7.777 GC heap after
{Heap after GC invocations=15 (full 3):
 PSYoungGen      total 171520K, used 7800K [0x00000000e0000000, 0x00000000ecd00000, 0x0000000100000000)
  eden space 149504K, 0% used [0x00000000e0000000,0x00000000e0000000,0x00000000e9200000)
  from space 22016K, 35% used [0x00000000ea680000,0x00000000eae1e280,0x00000000ebc00000)
  to   space 20992K, 0% used [0x00000000e9200000,0x00000000e9200000,0x00000000ea680000)
 ParOldGen       total 173568K, used 52037K [0x00000000a0000000, 0x00000000aa980000, 0x00000000e0000000)
  object space 173568K, 29% used [0x00000000a0000000,0x00000000a32d1710,0x00000000aa980000)
 Metaspace       used 76282K, capacity 78315K, committed 78484K, reserved 1118208K
  class space    used 9963K, capacity 10702K, committed 10752K, reserved 1048576K
}
Event: 8.662 GC heap before
{Heap before GC invocations=16 (full 3):
 PSYoungGen      total 171520K, used 157304K [0x00000000e0000000, 0x00000000ecd00000, 0x0000000100000000)
  eden space 149504K, 100% used [0x00000000e0000000,0x00000000e9200000,0x00000000e9200000)
  from space 22016K, 35% used [0x00000000ea680000,0x00000000eae1e280,0x00000000ebc00000)
  to   space 20992K, 0% used [0x00000000e9200000,0x00000000e9200000,0x00000000ea680000)
 ParOldGen       total 173568K, used 52037K [0x00000000a0000000, 0x00000000aa980000, 0x00000000e0000000)
  object space 173568K, 29% used [0x00000000a0000000,0x00000000a32d1710,0x00000000aa980000)
 Metaspace       used 77015K, capacity 78985K, committed 79252K, reserved 1118208K
  class space    used 9985K, capacity 10722K, committed 10752K, reserved 1048576K
}
Event: 8.675 GC heap after
{Heap after GC invocations=16 (full 3):
 PSYoungGen      total 170496K, used 8929K [0x00000000e0000000, 0x00000000ecd00000, 0x0000000100000000)
  eden space 149504K, 0% used [0x00000000e0000000,0x00000000e0000000,0x00000000e9200000)
  from space 20992K, 42% used [0x00000000e9200000,0x00000000e9ab8790,0x00000000ea680000)
  to   space 22016K, 0% used [0x00000000ea680000,0x00000000ea680000,0x00000000ebc00000)
 ParOldGen       total 173568K, used 59370K [0x00000000a0000000, 0x00000000aa980000, 0x00000000e0000000)
  object space 173568K, 34% used [0x00000000a0000000,0x00000000a39fa960,0x00000000aa980000)
 Metaspace       used 77015K, capacity 78985K, committed 79252K, reserved 1118208K
  class space    used 9985K, capacity 10722K, committed 10752K, reserved 1048576K
}
Event: 9.404 GC heap before
{Heap before GC invocations=17 (full 3):
 PSYoungGen      total 170496K, used 158433K [0x00000000e0000000, 0x00000000ecd00000, 0x0000000100000000)
  eden space 149504K, 100% used [0x00000000e0000000,0x00000000e9200000,0x00000000e9200000)
  from space 20992K, 42% used [0x00000000e9200000,0x00000000e9ab8790,0x00000000ea680000)
  to   space 22016K, 0% used [0x00000000ea680000,0x00000000ea680000,0x00000000ebc00000)
 ParOldGen       total 173568K, used 59370K [0x00000000a0000000, 0x00000000aa980000, 0x00000000e0000000)
  object space 173568K, 34% used [0x00000000a0000000,0x00000000a39fa960,0x00000000aa980000)
 Metaspace       used 80717K, capacity 82753K, committed 83092K, reserved 1122304K
  class space    used 10438K, capacity 11150K, committed 11264K, reserved 1048576K
}
Event: 9.419 GC heap after
{Heap after GC invocations=17 (full 3):
 PSYoungGen      total 171520K, used 7296K [0x00000000e0000000, 0x00000000ecd00000, 0x0000000100000000)
  eden space 149504K, 0% used [0x00000000e0000000,0x00000000e0000000,0x00000000e9200000)
  from space 22016K, 33% used [0x00000000ea680000,0x00000000eada0000,0x00000000ebc00000)
  to   space 20992K, 0% used [0x00000000e9200000,0x00000000e9200000,0x00000000ea680000)
 ParOldGen       total 173568K, used 67644K [0x00000000a0000000, 0x00000000aa980000, 0x00000000e0000000)
  object space 173568K, 38% used [0x00000000a0000000,0x00000000a420f3b8,0x00000000aa980000)
 Metaspace       used 80717K, capacity 82753K, committed 83092K, reserved 1122304K
  class space    used 10438K, capacity 11150K, committed 11264K, reserved 1048576K
}
Event: 11.502 GC heap before
{Heap before GC invocations=18 (full 3):
 PSYoungGen      total 171520K, used 156800K [0x00000000e0000000, 0x00000000ecd00000, 0x0000000100000000)
  eden space 149504K, 100% used [0x00000000e0000000,0x00000000e9200000,0x00000000e9200000)
  from space 22016K, 33% used [0x00000000ea680000,0x00000000eada0000,0x00000000ebc00000)
  to   space 20992K, 0% used [0x00000000e9200000,0x00000000e9200000,0x00000000ea680000)
 ParOldGen       total 173568K, used 67644K [0x00000000a0000000, 0x00000000aa980000, 0x00000000e0000000)
  object space 173568K, 38% used [0x00000000a0000000,0x00000000a420f3b8,0x00000000aa980000)
 Metaspace       used 82207K, capacity 84382K, committed 84500K, reserved 1122304K
  class space    used 10602K, capacity 11377K, committed 11392K, reserved 1048576K
}
Event: 11.511 GC heap after
{Heap after GC invocations=18 (full 3):
 PSYoungGen      total 170496K, used 7340K [0x00000000e0000000, 0x00000000ecd00000, 0x0000000100000000)
  eden space 149504K, 0% used [0x00000000e0000000,0x00000000e0000000,0x00000000e9200000)
  from space 20992K, 34% used [0x00000000e9200000,0x00000000e992b3c0,0x00000000ea680000)
  to   space 22016K, 0% used [0x00000000ea680000,0x00000000ea680000,0x00000000ebc00000)
 ParOldGen       total 173568K, used 74367K [0x00000000a0000000, 0x00000000aa980000, 0x00000000e0000000)
  object space 173568K, 42% used [0x00000000a0000000,0x00000000a489fea8,0x00000000aa980000)
 Metaspace       used 82207K, capacity 84382K, committed 84500K, reserved 1122304K
  class space    used 10602K, capacity 11377K, committed 11392K, reserved 1048576K
}
Event: 12.152 GC heap before
{Heap before GC invocations=19 (full 3):
 PSYoungGen      total 170496K, used 156844K [0x00000000e0000000, 0x00000000ecd00000, 0x0000000100000000)
  eden space 149504K, 100% used [0x00000000e0000000,0x00000000e9200000,0x00000000e9200000)
  from space 20992K, 34% used [0x00000000e9200000,0x00000000e992b3c0,0x00000000ea680000)
  to   space 22016K, 0% used [0x00000000ea680000,0x00000000ea680000,0x00000000ebc00000)
 ParOldGen       total 173568K, used 74367K [0x00000000a0000000, 0x00000000aa980000, 0x00000000e0000000)
  object space 173568K, 42% used [0x00000000a0000000,0x00000000a489fea8,0x00000000aa980000)
 Metaspace       used 83342K, capacity 85427K, committed 85652K, reserved 1124352K
  class space    used 10704K, capacity 11489K, committed 11520K, reserved 1048576K
}
Event: 12.166 GC heap after
{Heap after GC invocations=19 (full 3):
 PSYoungGen      total 171520K, used 7946K [0x00000000e0000000, 0x00000000ecd00000, 0x0000000100000000)
  eden space 149504K, 0% used [0x00000000e0000000,0x00000000e0000000,0x00000000e9200000)
  from space 22016K, 36% used [0x00000000ea680000,0x00000000eae42928,0x00000000ebc00000)
  to   space 20992K, 0% used [0x00000000e9200000,0x00000000e9200000,0x00000000ea680000)
 ParOldGen       total 173568K, used 80656K [0x00000000a0000000, 0x00000000aa980000, 0x00000000e0000000)
  object space 173568K, 46% used [0x00000000a0000000,0x00000000a4ec41d8,0x00000000aa980000)
 Metaspace       used 83342K, capacity 85427K, committed 85652K, reserved 1124352K
  class space    used 10704K, capacity 11489K, committed 11520K, reserved 1048576K
}
Event: 14.197 GC heap before
{Heap before GC invocations=20 (full 3):
 PSYoungGen      total 171520K, used 157450K [0x00000000e0000000, 0x00000000ecd00000, 0x0000000100000000)
  eden space 149504K, 100% used [0x00000000e0000000,0x00000000e9200000,0x00000000e9200000)
  from space 22016K, 36% used [0x00000000ea680000,0x00000000eae42928,0x00000000ebc00000)
  to   space 20992K, 0% used [0x00000000e9200000,0x00000000e9200000,0x00000000ea680000)
 ParOldGen       total 173568K, used 80656K [0x00000000a0000000, 0x00000000aa980000, 0x00000000e0000000)
  object space 173568K, 46% used [0x00000000a0000000,0x00000000a4ec41d8,0x00000000aa980000)
 Metaspace       used 91341K, capacity 93597K, committed 93844K, reserved 1130496K
  class space    used 11669K, capacity 12489K, committed 12544K, reserved 1048576K
}
Event: 14.214 GC heap after
{Heap after GC invocations=20 (full 3):
 PSYoungGen      total 170496K, used 17415K [0x00000000e0000000, 0x00000000ecd00000, 0x0000000100000000)
  eden space 149504K, 0% used [0x00000000e0000000,0x00000000e0000000,0x00000000e9200000)
  from space 20992K, 82% used [0x00000000e9200000,0x00000000ea301cf0,0x00000000ea680000)
  to   space 22016K, 0% used [0x00000000ea680000,0x00000000ea680000,0x00000000ebc00000)
 ParOldGen       total 173568K, used 88158K [0x00000000a0000000, 0x00000000aa980000, 0x00000000e0000000)
  object space 173568K, 50% used [0x00000000a0000000,0x00000000a5617a80,0x00000000aa980000)
 Metaspace       used 91341K, capacity 93597K, committed 93844K, reserved 1130496K
  class space    used 11669K, capacity 12489K, committed 12544K, reserved 1048576K
}

