# JRE version: OpenJDK Runtime Environment (8.0_242-b01) (build 1.8.0_242-release-1644-b01)
# Java VM: OpenJDK 64-Bit Server VM (25.242-b01 mixed mode windows-amd64 compressed oops)
Heap:
 PSYoungGen      total 376832K, used 293466K [0x00000000e0000000, 0x0000000100000000, 0x0000000100000000)
  eden space 307200K, 72% used [0x00000000e0000000,0x00000000edad0ba0,0x00000000f2c00000)
  from space 69632K, 99% used [0x00000000f2c00000,0x00000000f6fc5c70,0x00000000f7000000)
  to   space 111616K, 0% used [0x00000000f9300000,0x00000000f9300000,0x0000000100000000)
 ParOldGen       total 214016K, used 171003K [0x00000000a0000000, 0x00000000ad100000, 0x00000000e0000000)
  object space 214016K, 79% used [0x00000000a0000000,0x00000000aa6fef20,0x00000000ad100000)
 Metaspace       used 101949K, capacity 106846K, committed 108632K, reserved 1142784K
  class space    used 13045K, capacity 14048K, committed 14464K, reserved 1048576K
GC Heap History (10 events):
Event: 84.473 GC heap before
{Heap before GC invocations=23 (full 4):
 PSYoungGen      total 419840K, used 389674K [0x00000000e0000000, 0x00000000fd380000, 0x0000000100000000)
  eden space 359936K, 100% used [0x00000000e0000000,0x00000000f5f80000,0x00000000f5f80000)
  from space 59904K, 49% used [0x00000000f9800000,0x00000000fb50aab8,0x00000000fd280000)
  to   space 57856K, 0% used [0x00000000f5f80000,0x00000000f5f80000,0x00000000f9800000)
 ParOldGen       total 214016K, used 118837K [0x00000000a0000000, 0x00000000ad100000, 0x00000000e0000000)
  object space 214016K, 55% used [0x00000000a0000000,0x00000000a740d638,0x00000000ad100000)
 Metaspace       used 96463K, capacity 100958K, committed 103256K, reserved 1138688K
  class space    used 12548K, capacity 13428K, committed 13952K, reserved 1048576K
Event: 84.500 GC heap after
Heap after GC invocations=23 (full 4):
 PSYoungGen      total 417792K, used 48658K [0x00000000e0000000, 0x00000000fd380000, 0x0000000100000000)
  eden space 359936K, 0% used [0x00000000e0000000,0x00000000e0000000,0x00000000f5f80000)
  from space 57856K, 84% used [0x00000000f5f80000,0x00000000f8f04bb0,0x00000000f9800000)
  to   space 59904K, 0% used [0x00000000f9800000,0x00000000f9800000,0x00000000fd280000)
 ParOldGen       total 214016K, used 118845K [0x00000000a0000000, 0x00000000ad100000, 0x00000000e0000000)
  object space 214016K, 55% used [0x00000000a0000000,0x00000000a740f638,0x00000000ad100000)
 Metaspace       used 96463K, capacity 100958K, committed 103256K, reserved 1138688K
  class space    used 12548K, capacity 13428K, committed 13952K, reserved 1048576K
}
Event: 151.315 GC heap before
{Heap before GC invocations=24 (full 4):
 PSYoungGen      total 417792K, used 408594K [0x00000000e0000000, 0x00000000fd380000, 0x0000000100000000)
  eden space 359936K, 100% used [0x00000000e0000000,0x00000000f5f80000,0x00000000f5f80000)
  from space 57856K, 84% used [0x00000000f5f80000,0x00000000f8f04bb0,0x00000000f9800000)
  to   space 59904K, 0% used [0x00000000f9800000,0x00000000f9800000,0x00000000fd280000)
 ParOldGen       total 214016K, used 118845K [0x00000000a0000000, 0x00000000ad100000, 0x00000000e0000000)
  object space 214016K, 55% used [0x00000000a0000000,0x00000000a740f638,0x00000000ad100000)
 Metaspace       used 96886K, capacity 101280K, committed 103512K, reserved 1138688K
  class space    used 12555K, capacity 13437K, committed 13952K, reserved 1048576K
Event: 151.344 GC heap after
Heap after GC invocations=24 (full 4):
 PSYoungGen      total 407040K, used 56345K [0x00000000e0000000, 0x0000000100000000, 0x0000000100000000)
  eden space 347136K, 0% used [0x00000000e0000000,0x00000000e0000000,0x00000000f5300000)
  from space 59904K, 94% used [0x00000000f9800000,0x00000000fcf06750,0x00000000fd280000)
  to   space 70656K, 0% used [0x00000000f5300000,0x00000000f5300000,0x00000000f9800000)
 ParOldGen       total 214016K, used 118853K [0x00000000a0000000, 0x00000000ad100000, 0x00000000e0000000)
  object space 214016K, 55% used [0x00000000a0000000,0x00000000a7411638,0x00000000ad100000)
 Metaspace       used 96886K, capacity 101280K, committed 103512K, reserved 1138688K
  class space    used 12555K, capacity 13437K, committed 13952K, reserved 1048576K
}
Event: 153.116 GC heap before
{Heap before GC invocations=25 (full 4):
 PSYoungGen      total 407040K, used 403481K [0x00000000e0000000, 0x0000000100000000, 0x0000000100000000)
  eden space 347136K, 100% used [0x00000000e0000000,0x00000000f5300000,0x00000000f5300000)
  from space 59904K, 94% used [0x00000000f9800000,0x00000000fcf06750,0x00000000fd280000)
  to   space 70656K, 0% used [0x00000000f5300000,0x00000000f5300000,0x00000000f9800000)
 ParOldGen       total 214016K, used 118853K [0x00000000a0000000, 0x00000000ad100000, 0x00000000e0000000)
  object space 214016K, 55% used [0x00000000a0000000,0x00000000a7411638,0x00000000ad100000)
 Metaspace       used 99912K, capacity 104536K, committed 106712K, reserved 1142784K
  class space    used 12866K, capacity 13785K, committed 14336K, reserved 1048576K
Event: 153.182 GC heap after
Heap after GC invocations=25 (full 4):
 PSYoungGen      total 417792K, used 70627K [0x00000000e0000000, 0x0000000100000000, 0x0000000100000000)
  eden space 347136K, 0% used [0x00000000e0000000,0x00000000e0000000,0x00000000f5300000)
  from space 70656K, 99% used [0x00000000f5300000,0x00000000f97f8c80,0x00000000f9800000)
  to   space 100864K, 0% used [0x00000000f9d80000,0x00000000f9d80000,0x0000000100000000)
 ParOldGen       total 214016K, used 170987K [0x00000000a0000000, 0x00000000ad100000, 0x00000000e0000000)
  object space 214016K, 79% used [0x00000000a0000000,0x00000000aa6faf20,0x00000000ad100000)
 Metaspace       used 99912K, capacity 104536K, committed 106712K, reserved 1142784K
  class space    used 12866K, capacity 13785K, committed 14336K, reserved 1048576K
}
Event: 154.440 GC heap before
{Heap before GC invocations=26 (full 4):
 PSYoungGen      total 417792K, used 417763K [0x00000000e0000000, 0x0000000100000000, 0x0000000100000000)
  eden space 347136K, 100% used [0x00000000e0000000,0x00000000f5300000,0x00000000f5300000)
  from space 70656K, 99% used [0x00000000f5300000,0x00000000f97f8c80,0x00000000f9800000)
  to   space 100864K, 0% used [0x00000000f9d80000,0x00000000f9d80000,0x0000000100000000)
 ParOldGen       total 214016K, used 170987K [0x00000000a0000000, 0x00000000ad100000, 0x00000000e0000000)
  object space 214016K, 79% used [0x00000000a0000000,0x00000000aa6faf20,0x00000000ad100000)
 Metaspace       used 100040K, capacity 104650K, committed 106968K, reserved 1142784K
  class space    used 12874K, capacity 13794K, committed 14336K, reserved 1048576K
Event: 154.485 GC heap after
Heap after GC invocations=26 (full 4):
 PSYoungGen      total 408064K, used 77399K [0x00000000e0000000, 0x0000000100000000, 0x0000000100000000)
  eden space 307200K, 0% used [0x00000000e0000000,0x00000000e0000000,0x00000000f2c00000)
  from space 100864K, 76% used [0x00000000f9d80000,0x00000000fe915eb0,0x0000000100000000)
  to   space 108544K, 0% used [0x00000000f2c00000,0x00000000f2c00000,0x00000000f9600000)
 ParOldGen       total 214016K, used 170995K [0x00000000a0000000, 0x00000000ad100000, 0x00000000e0000000)
  object space 214016K, 79% used [0x00000000a0000000,0x00000000aa6fcf20,0x00000000ad100000)
 Metaspace       used 100040K, capacity 104650K, committed 106968K, reserved 1142784K
  class space    used 12874K, capacity 13794K, committed 14336K, reserved 1048576K
}
Event: 498.550 GC heap before
{Heap before GC invocations=27 (full 4):
 PSYoungGen      total 408064K, used 384599K [0x00000000e0000000, 0x0000000100000000, 0x0000000100000000)
  eden space 307200K, 100% used [0x00000000e0000000,0x00000000f2c00000,0x00000000f2c00000)
  from space 100864K, 76% used [0x00000000f9d80000,0x00000000fe915eb0,0x0000000100000000)
  to   space 108544K, 0% used [0x00000000f2c00000,0x00000000f2c00000,0x00000000f9600000)
 ParOldGen       total 214016K, used 170995K [0x00000000a0000000, 0x00000000ad100000, 0x00000000e0000000)
  object space 214016K, 79% used [0x00000000a0000000,0x00000000aa6fcf20,0x00000000ad100000)
 Metaspace       used 100562K, capacity 105394K, committed 107224K, reserved 1142784K
  class space    used 12900K, capacity 13868K, committed 14336K, reserved 1048576K
Event: 498.580 GC heap after
Heap after GC invocations=27 (full 4):
 PSYoungGen      total 376832K, used 69399K [0x00000000e0000000, 0x0000000100000000, 0x0000000100000000)
  eden space 307200K, 0% used [0x00000000e0000000,0x00000000e0000000,0x00000000f2c00000)
  from space 69632K, 99% used [0x00000000f2c00000,0x00000000f6fc5c70,0x00000000f7000000)
  to   space 111616K, 0% used [0x00000000f9300000,0x00000000f9300000,0x0000000100000000)
 ParOldGen       total 214016K, used 171003K [0x00000000a0000000, 0x00000000ad100000, 0x00000000e0000000)
  object space 214016K, 79% used [0x00000000a0000000,0x00000000aa6fef20,0x00000000ad100000)
 Metaspace       used 100562K, capacity 105394K, committed 107224K, reserved 1142784K
  class space    used 12900K, capacity 13868K, committed 14336K, reserved 1048576K
}

