# JRE version: OpenJDK Runtime Environment (11.0.8+10) (build 11.0.8+10-b944.6842174)
# Java VM: OpenJDK 64-Bit Server VM (11.0.8+10-b944.6842174, mixed mode, tiered, compressed oops, parallel gc, windows-amd64)
Heap:
 PSYoungGen      total 75776K, used 48821K [0x00000000e0000000, 0x00000000e5480000, 0x0000000100000000)
  eden space 65024K, 75% used [0x00000000e0000000,0x00000000e2fad7d8,0x00000000e3f80000)
  from space 10752K, 0% used [0x00000000e4a00000,0x00000000e4a00000,0x00000000e5480000)
  to   space 10752K, 0% used [0x00000000e3f80000,0x00000000e3f80000,0x00000000e4a00000)
 ParOldGen       total 173568K, used 14751K [0x00000000a0000000, 0x00000000aa980000, 0x00000000e0000000)
  object space 173568K, 8% used [0x00000000a0000000,0x00000000a0e67f10,0x00000000aa980000)
 Metaspace       used 25929K, capacity 26517K, committed 26752K, reserved 1073152K
  class space    used 3384K, capacity 3602K, committed 3712K, reserved 1048576K
GC Heap History (6 events):
Event: 1.021 GC heap before
{Heap before GC invocations=1 (full 0):
 PSYoungGen      total 75776K, used 65024K [0x00000000e0000000, 0x00000000e5480000, 0x0000000100000000)
  eden space 65024K, 100% used [0x00000000e0000000,0x00000000e3f80000,0x00000000e3f80000)
  from space 10752K, 0% used [0x00000000e4a00000,0x00000000e4a00000,0x00000000e5480000)
  to   space 10752K, 0% used [0x00000000e3f80000,0x00000000e3f80000,0x00000000e4a00000)
 ParOldGen       total 173568K, used 0K [0x00000000a0000000, 0x00000000aa980000, 0x00000000e0000000)
  object space 173568K, 0% used [0x00000000a0000000,0x00000000a0000000,0x00000000aa980000)
 Metaspace       used 11101K, capacity 11490K, committed 11520K, reserved 1058816K
  class space    used 1164K, capacity 1275K, committed 1280K, reserved 1048576K
}
Event: 1.026 GC heap after
{Heap after GC invocations=1 (full 0):
 PSYoungGen      total 75776K, used 10748K [0x00000000e0000000, 0x00000000e5480000, 0x0000000100000000)
  eden space 65024K, 0% used [0x00000000e0000000,0x00000000e0000000,0x00000000e3f80000)
  from space 10752K, 99% used [0x00000000e3f80000,0x00000000e49ff350,0x00000000e4a00000)
  to   space 10752K, 0% used [0x00000000e4a00000,0x00000000e4a00000,0x00000000e5480000)
 ParOldGen       total 173568K, used 1483K [0x00000000a0000000, 0x00000000aa980000, 0x00000000e0000000)
  object space 173568K, 0% used [0x00000000a0000000,0x00000000a0172fe0,0x00000000aa980000)
 Metaspace       used 11101K, capacity 11490K, committed 11520K, reserved 1058816K
  class space    used 1164K, capacity 1275K, committed 1280K, reserved 1048576K
}
Event: 2.169 GC heap before
{Heap before GC invocations=2 (full 0):
 PSYoungGen      total 75776K, used 65875K [0x00000000e0000000, 0x00000000e5480000, 0x0000000100000000)
  eden space 65024K, 84% used [0x00000000e0000000,0x00000000e35d5968,0x00000000e3f80000)
  from space 10752K, 99% used [0x00000000e3f80000,0x00000000e49ff350,0x00000000e4a00000)
  to   space 10752K, 0% used [0x00000000e4a00000,0x00000000e4a00000,0x00000000e5480000)
 ParOldGen       total 173568K, used 1483K [0x00000000a0000000, 0x00000000aa980000, 0x00000000e0000000)
  object space 173568K, 0% used [0x00000000a0000000,0x00000000a0172fe0,0x00000000aa980000)
 Metaspace       used 20572K, capacity 21111K, committed 21248K, reserved 1067008K
  class space    used 2525K, capacity 2712K, committed 2816K, reserved 1048576K
}
Event: 2.175 GC heap after
{Heap after GC invocations=2 (full 0):
 PSYoungGen      total 75776K, used 10742K [0x00000000e0000000, 0x00000000e5480000, 0x0000000100000000)
  eden space 65024K, 0% used [0x00000000e0000000,0x00000000e0000000,0x00000000e3f80000)
  from space 10752K, 99% used [0x00000000e4a00000,0x00000000e547db40,0x00000000e5480000)
  to   space 10752K, 0% used [0x00000000e3f80000,0x00000000e3f80000,0x00000000e4a00000)
 ParOldGen       total 173568K, used 4306K [0x00000000a0000000, 0x00000000aa980000, 0x00000000e0000000)
  object space 173568K, 2% used [0x00000000a0000000,0x00000000a04349a8,0x00000000aa980000)
 Metaspace       used 20572K, capacity 21111K, committed 21248K, reserved 1067008K
  class space    used 2525K, capacity 2712K, committed 2816K, reserved 1048576K
}
Event: 2.175 GC heap before
{Heap before GC invocations=3 (full 1):
 PSYoungGen      total 75776K, used 10742K [0x00000000e0000000, 0x00000000e5480000, 0x0000000100000000)
  eden space 65024K, 0% used [0x00000000e0000000,0x00000000e0000000,0x00000000e3f80000)
  from space 10752K, 99% used [0x00000000e4a00000,0x00000000e547db40,0x00000000e5480000)
  to   space 10752K, 0% used [0x00000000e3f80000,0x00000000e3f80000,0x00000000e4a00000)
 ParOldGen       total 173568K, used 4306K [0x00000000a0000000, 0x00000000aa980000, 0x00000000e0000000)
  object space 173568K, 2% used [0x00000000a0000000,0x00000000a04349a8,0x00000000aa980000)
 Metaspace       used 20572K, capacity 21111K, committed 21248K, reserved 1067008K
  class space    used 2525K, capacity 2712K, committed 2816K, reserved 1048576K
}
Event: 2.209 GC heap after
{Heap after GC invocations=3 (full 1):
 PSYoungGen      total 75776K, used 0K [0x00000000e0000000, 0x00000000e5480000, 0x0000000100000000)
  eden space 65024K, 0% used [0x00000000e0000000,0x00000000e0000000,0x00000000e3f80000)
  from space 10752K, 0% used [0x00000000e4a00000,0x00000000e4a00000,0x00000000e5480000)
  to   space 10752K, 0% used [0x00000000e3f80000,0x00000000e3f80000,0x00000000e4a00000)
 ParOldGen       total 173568K, used 14751K [0x00000000a0000000, 0x00000000aa980000, 0x00000000e0000000)
  object space 173568K, 8% used [0x00000000a0000000,0x00000000a0e67f10,0x00000000aa980000)
 Metaspace       used 20572K, capacity 21111K, committed 21248K, reserved 1067008K
  class space    used 2525K, capacity 2712K, committed 2816K, reserved 1048576K
}

