# JRE version: OpenJDK Runtime Environment (11.0.8+10) (build 11.0.8+10-b944.6842174)
# Java VM: OpenJDK 64-Bit Server VM (11.0.8+10-b944.6842174, mixed mode, tiered, compressed oops, parallel gc, windows-amd64)
Heap:
 PSYoungGen      total 320000K, used 172772K [0x00000000e0000000, 0x00000000f7100000, 0x0000000100000000)
  eden space 310272K, 52% used [0x00000000e0000000,0x00000000e9f82cb8,0x00000000f2f00000)
  from space 9728K, 96% used [0x00000000f3e80000,0x00000000f47b6490,0x00000000f4800000)
  to   space 28160K, 0% used [0x00000000f5580000,0x00000000f5580000,0x00000000f7100000)
 ParOldGen       total 173568K, used 116921K [0x00000000a0000000, 0x00000000aa980000, 0x00000000e0000000)
  object space 173568K, 67% used [0x00000000a0000000,0x00000000a722e6e0,0x00000000aa980000)
 Metaspace       used 116605K, capacity 119791K, committed 119956K, reserved 1153024K
  class space    used 14328K, capacity 15551K, committed 15616K, reserved 1048576K
GC Heap History (20 events):
Event: 15.701 GC heap before
{Heap before GC invocations=18 (full 3):
 PSYoungGen      total 258560K, used 253526K [0x00000000e0000000, 0x00000000f1300000, 0x0000000100000000)
  eden space 238592K, 100% used [0x00000000e0000000,0x00000000ee900000,0x00000000ee900000)
  from space 19968K, 74% used [0x00000000efd80000,0x00000000f0c15ab8,0x00000000f1100000)
  to   space 20992K, 0% used [0x00000000ee900000,0x00000000ee900000,0x00000000efd80000)
 ParOldGen       total 173568K, used 67015K [0x00000000a0000000, 0x00000000aa980000, 0x00000000e0000000)
  object space 173568K, 38% used [0x00000000a0000000,0x00000000a4171c00,0x00000000aa980000)
 Metaspace       used 89128K, capacity 91454K, committed 91540K, reserved 1128448K
  class space    used 11340K, capacity 12217K, committed 12288K, reserved 1048576K
}
Event: 15.737 GC heap after
{Heap after GC invocations=18 (full 3):
 PSYoungGen      total 259584K, used 20968K [0x00000000e0000000, 0x00000000fb600000, 0x0000000100000000)
  eden space 238592K, 0% used [0x00000000e0000000,0x00000000e0000000,0x00000000ee900000)
  from space 20992K, 99% used [0x00000000ee900000,0x00000000efd7a070,0x00000000efd80000)
  to   space 33280K, 0% used [0x00000000f9580000,0x00000000f9580000,0x00000000fb600000)
 ParOldGen       total 173568K, used 92771K [0x00000000a0000000, 0x00000000aa980000, 0x00000000e0000000)
  object space 173568K, 53% used [0x00000000a0000000,0x00000000a5a98f50,0x00000000aa980000)
 Metaspace       used 89128K, capacity 91454K, committed 91540K, reserved 1128448K
  class space    used 11340K, capacity 12217K, committed 12288K, reserved 1048576K
}
Event: 19.006 GC heap before
{Heap before GC invocations=19 (full 3):
 PSYoungGen      total 259584K, used 259560K [0x00000000e0000000, 0x00000000fb600000, 0x0000000100000000)
  eden space 238592K, 100% used [0x00000000e0000000,0x00000000ee900000,0x00000000ee900000)
  from space 20992K, 99% used [0x00000000ee900000,0x00000000efd7a070,0x00000000efd80000)
  to   space 33280K, 0% used [0x00000000f9580000,0x00000000f9580000,0x00000000fb600000)
 ParOldGen       total 173568K, used 92771K [0x00000000a0000000, 0x00000000aa980000, 0x00000000e0000000)
  object space 173568K, 53% used [0x00000000a0000000,0x00000000a5a98f50,0x00000000aa980000)
 Metaspace       used 90281K, capacity 92673K, committed 92948K, reserved 1130496K
  class space    used 11379K, capacity 12309K, committed 12416K, reserved 1048576K
}
Event: 19.040 GC heap after
{Heap after GC invocations=19 (full 3):
 PSYoungGen      total 413184K, used 10192K [0x00000000e0000000, 0x00000000fb400000, 0x0000000100000000)
  eden space 381952K, 0% used [0x00000000e0000000,0x00000000e0000000,0x00000000f7500000)
  from space 31232K, 32% used [0x00000000f9580000,0x00000000f9f74050,0x00000000fb400000)
  to   space 32256K, 0% used [0x00000000f7500000,0x00000000f7500000,0x00000000f9480000)
 ParOldGen       total 173568K, used 106903K [0x00000000a0000000, 0x00000000aa980000, 0x00000000e0000000)
  object space 173568K, 61% used [0x00000000a0000000,0x00000000a6865d60,0x00000000aa980000)
 Metaspace       used 90281K, capacity 92673K, committed 92948K, reserved 1130496K
  class space    used 11379K, capacity 12309K, committed 12416K, reserved 1048576K
}
Event: 20.238 GC heap before
{Heap before GC invocations=20 (full 3):
 PSYoungGen      total 413184K, used 178850K [0x00000000e0000000, 0x00000000fb400000, 0x0000000100000000)
  eden space 381952K, 44% used [0x00000000e0000000,0x00000000ea4b47d8,0x00000000f7500000)
  from space 31232K, 32% used [0x00000000f9580000,0x00000000f9f74050,0x00000000fb400000)
  to   space 32256K, 0% used [0x00000000f7500000,0x00000000f7500000,0x00000000f9480000)
 ParOldGen       total 173568K, used 106903K [0x00000000a0000000, 0x00000000aa980000, 0x00000000e0000000)
  object space 173568K, 61% used [0x00000000a0000000,0x00000000a6865d60,0x00000000aa980000)
 Metaspace       used 95801K, capacity 98307K, committed 98324K, reserved 1134592K
  class space    used 12161K, capacity 13173K, committed 13184K, reserved 1048576K
}
Event: 20.252 GC heap after
{Heap after GC invocations=20 (full 3):
 PSYoungGen      total 389632K, used 7237K [0x00000000e0000000, 0x00000000fb200000, 0x0000000100000000)
  eden space 381952K, 0% used [0x00000000e0000000,0x00000000e0000000,0x00000000f7500000)
  from space 7680K, 94% used [0x00000000f7500000,0x00000000f7c11700,0x00000000f7c80000)
  to   space 31232K, 0% used [0x00000000f9380000,0x00000000f9380000,0x00000000fb200000)
 ParOldGen       total 173568K, used 115946K [0x00000000a0000000, 0x00000000aa980000, 0x00000000e0000000)
  object space 173568K, 66% used [0x00000000a0000000,0x00000000a713a858,0x00000000aa980000)
 Metaspace       used 95801K, capacity 98307K, committed 98324K, reserved 1134592K
  class space    used 12161K, capacity 13173K, committed 13184K, reserved 1048576K
}
Event: 20.252 GC heap before
{Heap before GC invocations=21 (full 4):
 PSYoungGen      total 389632K, used 7237K [0x00000000e0000000, 0x00000000fb200000, 0x0000000100000000)
  eden space 381952K, 0% used [0x00000000e0000000,0x00000000e0000000,0x00000000f7500000)
  from space 7680K, 94% used [0x00000000f7500000,0x00000000f7c11700,0x00000000f7c80000)
  to   space 31232K, 0% used [0x00000000f9380000,0x00000000f9380000,0x00000000fb200000)
 ParOldGen       total 173568K, used 115946K [0x00000000a0000000, 0x00000000aa980000, 0x00000000e0000000)
  object space 173568K, 66% used [0x00000000a0000000,0x00000000a713a858,0x00000000aa980000)
 Metaspace       used 95801K, capacity 98307K, committed 98324K, reserved 1134592K
  class space    used 12161K, capacity 13173K, committed 13184K, reserved 1048576K
}
Event: 20.470 GC heap after
{Heap after GC invocations=21 (full 4):
 PSYoungGen      total 389632K, used 0K [0x00000000e0000000, 0x00000000fb200000, 0x0000000100000000)
  eden space 381952K, 0% used [0x00000000e0000000,0x00000000e0000000,0x00000000f7500000)
  from space 7680K, 0% used [0x00000000f7500000,0x00000000f7500000,0x00000000f7c80000)
  to   space 31232K, 0% used [0x00000000f9380000,0x00000000f9380000,0x00000000fb200000)
 ParOldGen       total 173568K, used 95207K [0x00000000a0000000, 0x00000000aa980000, 0x00000000e0000000)
  object space 173568K, 54% used [0x00000000a0000000,0x00000000a5cf9d80,0x00000000aa980000)
 Metaspace       used 95294K, capacity 97653K, committed 98324K, reserved 1134592K
  class space    used 12071K, capacity 13015K, committed 13184K, reserved 1048576K
}
Event: 46.431 GC heap before
{Heap before GC invocations=22 (full 4):
 PSYoungGen      total 389632K, used 381951K [0x00000000e0000000, 0x00000000fb200000, 0x0000000100000000)
  eden space 381952K, 99% used [0x00000000e0000000,0x00000000f74ffff0,0x00000000f7500000)
  from space 7680K, 0% used [0x00000000f7500000,0x00000000f7500000,0x00000000f7c80000)
  to   space 31232K, 0% used [0x00000000f9380000,0x00000000f9380000,0x00000000fb200000)
 ParOldGen       total 173568K, used 95207K [0x00000000a0000000, 0x00000000aa980000, 0x00000000e0000000)
  object space 173568K, 54% used [0x00000000a0000000,0x00000000a5cf9d80,0x00000000aa980000)
 Metaspace       used 110826K, capacity 113693K, committed 113812K, reserved 1148928K
  class space    used 13945K, capacity 15043K, committed 15104K, reserved 1048576K
}
Event: 46.447 GC heap after
{Heap after GC invocations=22 (full 4):
 PSYoungGen      total 414720K, used 12880K [0x00000000e0000000, 0x0000000100000000, 0x0000000100000000)
  eden space 383488K, 0% used [0x00000000e0000000,0x00000000e0000000,0x00000000f7680000)
  from space 31232K, 41% used [0x00000000f9380000,0x00000000fa0142c0,0x00000000fb200000)
  to   space 29696K, 0% used [0x00000000f7680000,0x00000000f7680000,0x00000000f9380000)
 ParOldGen       total 173568K, used 95215K [0x00000000a0000000, 0x00000000aa980000, 0x00000000e0000000)
  object space 173568K, 54% used [0x00000000a0000000,0x00000000a5cfbd80,0x00000000aa980000)
 Metaspace       used 110826K, capacity 113693K, committed 113812K, reserved 1148928K
  class space    used 13945K, capacity 15043K, committed 15104K, reserved 1048576K
}
Event: 50.297 GC heap before
{Heap before GC invocations=23 (full 4):
 PSYoungGen      total 414720K, used 395523K [0x00000000e0000000, 0x0000000100000000, 0x0000000100000000)
  eden space 383488K, 99% used [0x00000000e0000000,0x00000000f75accc0,0x00000000f7680000)
  from space 31232K, 41% used [0x00000000f9380000,0x00000000fa0142c0,0x00000000fb200000)
  to   space 29696K, 0% used [0x00000000f7680000,0x00000000f7680000,0x00000000f9380000)
 ParOldGen       total 173568K, used 95215K [0x00000000a0000000, 0x00000000aa980000, 0x00000000e0000000)
  object space 173568K, 54% used [0x00000000a0000000,0x00000000a5cfbd80,0x00000000aa980000)
 Metaspace       used 113091K, capacity 115977K, committed 116116K, reserved 1150976K
  class space    used 14146K, capacity 15262K, committed 15360K, reserved 1048576K
}
Event: 50.329 GC heap after
{Heap after GC invocations=23 (full 4):
 PSYoungGen      total 390656K, used 23133K [0x00000000e0000000, 0x00000000fa480000, 0x0000000100000000)
  eden space 367104K, 0% used [0x00000000e0000000,0x00000000e0000000,0x00000000f6680000)
  from space 23552K, 98% used [0x00000000f7680000,0x00000000f8d17698,0x00000000f8d80000)
  to   space 23552K, 0% used [0x00000000f8d80000,0x00000000f8d80000,0x00000000fa480000)
 ParOldGen       total 173568K, used 106967K [0x00000000a0000000, 0x00000000aa980000, 0x00000000e0000000)
  object space 173568K, 61% used [0x00000000a0000000,0x00000000a6875e68,0x00000000aa980000)
 Metaspace       used 113091K, capacity 115977K, committed 116116K, reserved 1150976K
  class space    used 14146K, capacity 15262K, committed 15360K, reserved 1048576K
}
Event: 200.120 GC heap before
{Heap before GC invocations=24 (full 4):
 PSYoungGen      total 390656K, used 390237K [0x00000000e0000000, 0x00000000fa480000, 0x0000000100000000)
  eden space 367104K, 100% used [0x00000000e0000000,0x00000000f6680000,0x00000000f6680000)
  from space 23552K, 98% used [0x00000000f7680000,0x00000000f8d17698,0x00000000f8d80000)
  to   space 23552K, 0% used [0x00000000f8d80000,0x00000000f8d80000,0x00000000fa480000)
 ParOldGen       total 173568K, used 106967K [0x00000000a0000000, 0x00000000aa980000, 0x00000000e0000000)
  object space 173568K, 61% used [0x00000000a0000000,0x00000000a6875e68,0x00000000aa980000)
 Metaspace       used 113738K, capacity 116703K, committed 116884K, reserved 1150976K
  class space    used 14174K, capacity 15298K, committed 15360K, reserved 1048576K
}
Event: 200.129 GC heap after
{Heap after GC invocations=24 (full 4):
 PSYoungGen      total 361984K, used 10136K [0x00000000e0000000, 0x00000000f9780000, 0x0000000100000000)
  eden space 351744K, 0% used [0x00000000e0000000,0x00000000e0000000,0x00000000f5780000)
  from space 10240K, 98% used [0x00000000f8d80000,0x00000000f9766200,0x00000000f9780000)
  to   space 30720K, 0% used [0x00000000f5b80000,0x00000000f5b80000,0x00000000f7980000)
 ParOldGen       total 173568K, used 109495K [0x00000000a0000000, 0x00000000aa980000, 0x00000000e0000000)
  object space 173568K, 63% used [0x00000000a0000000,0x00000000a6aeddc0,0x00000000aa980000)
 Metaspace       used 113738K, capacity 116703K, committed 116884K, reserved 1150976K
  class space    used 14174K, capacity 15298K, committed 15360K, reserved 1048576K
}
Event: 214.917 GC heap before
{Heap before GC invocations=25 (full 4):
 PSYoungGen      total 361984K, used 361880K [0x00000000e0000000, 0x00000000f9780000, 0x0000000100000000)
  eden space 351744K, 100% used [0x00000000e0000000,0x00000000f5780000,0x00000000f5780000)
  from space 10240K, 98% used [0x00000000f8d80000,0x00000000f9766200,0x00000000f9780000)
  to   space 30720K, 0% used [0x00000000f5b80000,0x00000000f5b80000,0x00000000f7980000)
 ParOldGen       total 173568K, used 109495K [0x00000000a0000000, 0x00000000aa980000, 0x00000000e0000000)
  object space 173568K, 63% used [0x00000000a0000000,0x00000000a6aeddc0,0x00000000aa980000)
 Metaspace       used 114179K, capacity 117206K, committed 117396K, reserved 1150976K
  class space    used 14198K, capacity 15341K, committed 15360K, reserved 1048576K
}
Event: 214.924 GC heap after
{Heap after GC invocations=25 (full 4):
 PSYoungGen      total 344576K, used 6800K [0x00000000e0000000, 0x00000000f8e00000, 0x0000000100000000)
  eden space 337408K, 0% used [0x00000000e0000000,0x00000000e0000000,0x00000000f4980000)
  from space 7168K, 94% used [0x00000000f5b80000,0x00000000f6224040,0x00000000f6280000)
  to   space 30208K, 0% used [0x00000000f7080000,0x00000000f7080000,0x00000000f8e00000)
 ParOldGen       total 173568K, used 110465K [0x00000000a0000000, 0x00000000aa980000, 0x00000000e0000000)
  object space 173568K, 63% used [0x00000000a0000000,0x00000000a6be0618,0x00000000aa980000)
 Metaspace       used 114179K, capacity 117206K, committed 117396K, reserved 1150976K
  class space    used 14198K, capacity 15341K, committed 15360K, reserved 1048576K
}
Event: 391.622 GC heap before
{Heap before GC invocations=26 (full 4):
 PSYoungGen      total 344576K, used 344208K [0x00000000e0000000, 0x00000000f8e00000, 0x0000000100000000)
  eden space 337408K, 100% used [0x00000000e0000000,0x00000000f4980000,0x00000000f4980000)
  from space 7168K, 94% used [0x00000000f5b80000,0x00000000f6224040,0x00000000f6280000)
  to   space 30208K, 0% used [0x00000000f7080000,0x00000000f7080000,0x00000000f8e00000)
 ParOldGen       total 173568K, used 110465K [0x00000000a0000000, 0x00000000aa980000, 0x00000000e0000000)
  object space 173568K, 63% used [0x00000000a0000000,0x00000000a6be0618,0x00000000aa980000)
 Metaspace       used 114522K, capacity 117483K, committed 117780K, reserved 1150976K
  class space    used 14212K, capacity 15362K, committed 15488K, reserved 1048576K
}
Event: 391.630 GC heap after
{Heap after GC invocations=26 (full 4):
 PSYoungGen      total 330752K, used 6768K [0x00000000e0000000, 0x00000000f7780000, 0x0000000100000000)
  eden space 323584K, 0% used [0x00000000e0000000,0x00000000e0000000,0x00000000f3c00000)
  from space 7168K, 94% used [0x00000000f7080000,0x00000000f771c010,0x00000000f7780000)
  to   space 29184K, 0% used [0x00000000f3e80000,0x00000000f3e80000,0x00000000f5b00000)
 ParOldGen       total 173568K, used 111051K [0x00000000a0000000, 0x00000000aa980000, 0x00000000e0000000)
  object space 173568K, 63% used [0x00000000a0000000,0x00000000a6c72db8,0x00000000aa980000)
 Metaspace       used 114522K, capacity 117483K, committed 117780K, reserved 1150976K
  class space    used 14212K, capacity 15362K, committed 15488K, reserved 1048576K
}
Event: 395.120 GC heap before
{Heap before GC invocations=27 (full 4):
 PSYoungGen      total 330752K, used 330352K [0x00000000e0000000, 0x00000000f7780000, 0x0000000100000000)
  eden space 323584K, 100% used [0x00000000e0000000,0x00000000f3c00000,0x00000000f3c00000)
  from space 7168K, 94% used [0x00000000f7080000,0x00000000f771c010,0x00000000f7780000)
  to   space 29184K, 0% used [0x00000000f3e80000,0x00000000f3e80000,0x00000000f5b00000)
 ParOldGen       total 173568K, used 111051K [0x00000000a0000000, 0x00000000aa980000, 0x00000000e0000000)
  object space 173568K, 63% used [0x00000000a0000000,0x00000000a6c72db8,0x00000000aa980000)
 Metaspace       used 115196K, capacity 118369K, committed 118548K, reserved 1153024K
  class space    used 14262K, capacity 15443K, committed 15488K, reserved 1048576K
}
Event: 395.131 GC heap after
{Heap after GC invocations=27 (full 4):
 PSYoungGen      total 320000K, used 9433K [0x00000000e0000000, 0x00000000f7100000, 0x0000000100000000)
  eden space 310272K, 0% used [0x00000000e0000000,0x00000000e0000000,0x00000000f2f00000)
  from space 9728K, 96% used [0x00000000f3e80000,0x00000000f47b6490,0x00000000f4800000)
  to   space 28160K, 0% used [0x00000000f5580000,0x00000000f5580000,0x00000000f7100000)
 ParOldGen       total 173568K, used 116921K [0x00000000a0000000, 0x00000000aa980000, 0x00000000e0000000)
  object space 173568K, 67% used [0x00000000a0000000,0x00000000a722e6e0,0x00000000aa980000)
 Metaspace       used 115196K, capacity 118369K, committed 118548K, reserved 1153024K
  class space    used 14262K, capacity 15443K, committed 15488K, reserved 1048576K
}

